Using pre-set license
Built from '2021.3/staging' branch; Version is '2021.3.24f1 (cf10dcf7010d) revision 13570268'; Using compiler version '192829333'; Build Type 'Release'
OS: 'Windows 11  (10.0.22631) 64bit Core' Language: 'en' Physical Memory: 16108 MB
BatchMode: 1, IsHumanControllingUs: 0, StartBugReporterOnCrash: 0, Is64bit: 1, IsPro: 1

COMMAND LINE ARGUMENTS:
C:\Program Files\Unity\Hub\Editor\2021.3.24f1\Editor\Unity.exe
-adb2
-batchMode
-noUpm
-name
AssetImportWorker1
-projectPath
C:/Users/logan/Unity/Projects/Game-Dev-Project
-logFile
Logs/AssetImportWorker1.log
-srvPort
49816
Successfully changed project path to: C:/Users/logan/Unity/Projects/Game-Dev-Project
C:/Users/logan/Unity/Projects/Game-Dev-Project
[UnityMemory] Configuration Parameters - Can be set up in boot.config
    "memorysetup-bucket-allocator-granularity=16"
    "memorysetup-bucket-allocator-bucket-count=8"
    "memorysetup-bucket-allocator-block-size=33554432"
    "memorysetup-bucket-allocator-block-count=8"
    "memorysetup-main-allocator-block-size=16777216"
    "memorysetup-thread-allocator-block-size=16777216"
    "memorysetup-gfx-main-allocator-block-size=16777216"
    "memorysetup-gfx-thread-allocator-block-size=16777216"
    "memorysetup-cache-allocator-block-size=4194304"
    "memorysetup-typetree-allocator-block-size=2097152"
    "memorysetup-profiler-bucket-allocator-granularity=16"
    "memorysetup-profiler-bucket-allocator-bucket-count=8"
    "memorysetup-profiler-bucket-allocator-block-size=33554432"
    "memorysetup-profiler-bucket-allocator-block-count=8"
    "memorysetup-profiler-allocator-block-size=16777216"
    "memorysetup-profiler-editor-allocator-block-size=1048576"
    "memorysetup-temp-allocator-size-main=16777216"
    "memorysetup-job-temp-allocator-block-size=2097152"
    "memorysetup-job-temp-allocator-block-size-background=1048576"
    "memorysetup-job-temp-allocator-reduction-small-platforms=262144"
    "memorysetup-temp-allocator-size-background-worker=32768"
    "memorysetup-temp-allocator-size-job-worker=262144"
    "memorysetup-temp-allocator-size-preload-manager=33554432"
    "memorysetup-temp-allocator-size-nav-mesh-worker=65536"
    "memorysetup-temp-allocator-size-audio-worker=65536"
    "memorysetup-temp-allocator-size-cloud-worker=32768"
    "memorysetup-temp-allocator-size-gi-baking-worker=262144"
    "memorysetup-temp-allocator-size-gfx=262144"
Player connection [9804] Host "[IP] 192.168.56.1 [Port] 0 [Flags] 2 [Guid] 2101492260 [EditorId] 2101492260 [Version] 1048832 [Id] WindowsEditor(7,LoganPC) [Debug] 1 [PackageName] WindowsEditor [ProjectName] Editor" joined multi-casting on [225.0.0.222:54997]...

Player connection [9804] Host "[IP] 192.168.56.1 [Port] 0 [Flags] 2 [Guid] 2101492260 [EditorId] 2101492260 [Version] 1048832 [Id] WindowsEditor(7,LoganPC) [Debug] 1 [PackageName] WindowsEditor [ProjectName] Editor" joined alternative multi-casting on [225.0.0.222:34997]...

Refreshing native plugins compatible for Editor in 57.51 ms, found 4 plugins.
Preloading 0 native plugins for Editor in 0.00 ms.
Initialize engine version: 2021.3.24f1 (cf10dcf7010d)
[Subsystems] Discovering subsystems at path C:/Program Files/Unity/Hub/Editor/2021.3.24f1/Editor/Data/Resources/UnitySubsystems
[Subsystems] Discovering subsystems at path C:/Users/logan/Unity/Projects/Game-Dev-Project/Assets
GfxDevice: creating device client; threaded=0; jobified=0
Direct3D:
    Version:  Direct3D 11.0 [level 11.1]
    Renderer: NVIDIA GeForce RTX 3070 Laptop GPU (ID=0x249d)
    Vendor:   NVIDIA
    VRAM:     8020 MB
    Driver:   31.0.15.5222
Initialize mono
Mono path[0] = 'C:/Program Files/Unity/Hub/Editor/2021.3.24f1/Editor/Data/Managed'
Mono path[1] = 'C:/Program Files/Unity/Hub/Editor/2021.3.24f1/Editor/Data/MonoBleedingEdge/lib/mono/unityjit-win32'
Mono config path = 'C:/Program Files/Unity/Hub/Editor/2021.3.24f1/Editor/Data/MonoBleedingEdge/etc'
Using monoOptions --debugger-agent=transport=dt_socket,embedding=1,server=y,suspend=n,address=127.0.0.1:56988
Begin MonoManager ReloadAssembly
Registering precompiled unity dll's ...
Register platform support module: C:/Program Files/Unity/Hub/Editor/2021.3.24f1/Editor/Data/PlaybackEngines/WindowsStandaloneSupport/UnityEditor.WindowsStandalone.Extensions.dll
Registered in 0.003740 seconds.
Native extension for WindowsStandalone target not found
Refreshing native plugins compatible for Editor in 51.89 ms, found 4 plugins.
Preloading 0 native plugins for Editor in 0.00 ms.
Mono: successfully reloaded assembly
- Completed reload, in  0.531 seconds
Domain Reload Profiling:
	ReloadAssembly (532ms)
		BeginReloadAssembly (119ms)
			ExecutionOrderSort (0ms)
			DisableScriptedObjects (0ms)
			BackupInstance (0ms)
			ReleaseScriptingObjects (0ms)
			CreateAndSetChildDomain (1ms)
		EndReloadAssembly (346ms)
			LoadAssemblies (117ms)
			RebuildTransferFunctionScriptingTraits (0ms)
			SetupTypeCache (71ms)
			ReleaseScriptCaches (0ms)
			RebuildScriptCaches (18ms)
			SetupLoadedEditorAssemblies (222ms)
				LogAssemblyErrors (0ms)
				InitializePlatformSupportModulesInManaged (5ms)
				SetLoadedEditorAssemblies (0ms)
				RefreshPlugins (52ms)
				BeforeProcessingInitializeOnLoad (1ms)
				ProcessInitializeOnLoadAttributes (123ms)
				ProcessInitializeOnLoadMethodAttributes (40ms)
				AfterProcessingInitializeOnLoad (0ms)
				EditorAssembliesLoaded (0ms)
			ExecutionOrderSort2 (0ms)
			AwakeInstancesAfterBackupRestoration (0ms)
Platform modules already initialized, skipping
Registering precompiled user dll's ...
Registered in 0.003094 seconds.
Begin MonoManager ReloadAssembly
Native extension for WindowsStandalone target not found
Refreshing native plugins compatible for Editor in 0.43 ms, found 4 plugins.
Preloading 0 native plugins for Editor in 0.00 ms.
Mono: successfully reloaded assembly
- Completed reload, in  2.345 seconds
Domain Reload Profiling:
	ReloadAssembly (2346ms)
		BeginReloadAssembly (76ms)
			ExecutionOrderSort (0ms)
			DisableScriptedObjects (4ms)
			BackupInstance (0ms)
			ReleaseScriptingObjects (0ms)
			CreateAndSetChildDomain (13ms)
		EndReloadAssembly (2188ms)
			LoadAssemblies (1697ms)
			RebuildTransferFunctionScriptingTraits (0ms)
			SetupTypeCache (167ms)
			ReleaseScriptCaches (0ms)
			RebuildScriptCaches (33ms)
			SetupLoadedEditorAssemblies (272ms)
				LogAssemblyErrors (0ms)
				InitializePlatformSupportModulesInManaged (3ms)
				SetLoadedEditorAssemblies (0ms)
				RefreshPlugins (0ms)
				BeforeProcessingInitializeOnLoad (50ms)
				ProcessInitializeOnLoadAttributes (199ms)
				ProcessInitializeOnLoadMethodAttributes (15ms)
				AfterProcessingInitializeOnLoad (3ms)
				EditorAssembliesLoaded (0ms)
			ExecutionOrderSort2 (0ms)
			AwakeInstancesAfterBackupRestoration (5ms)
Platform modules already initialized, skipping
========================================================================
Worker process is ready to serve import requests
Launched and connected shader compiler UnityShaderCompiler.exe after 0.08 seconds
Refreshing native plugins compatible for Editor in 0.46 ms, found 4 plugins.
Preloading 0 native plugins for Editor in 0.00 ms.
Unloading 3465 Unused Serialized files (Serialized files now loaded: 0)
Unloading 39 unused Assets / (129.0 KB). Loaded Objects now: 3925.
Memory consumption went from 126.4 MB to 126.2 MB.
Total: 2.773100 ms (FindLiveObjects: 0.215800 ms CreateObjectMapping: 0.176200 ms MarkObjects: 2.315200 ms  DeleteObjects: 0.065200 ms)

AssetImportParameters requested are different than current active one (requested -> active):
  custom:video-decoder-ogg-theora: a1e56fd34408186e4bbccfd4996cb3dc -> 
  custom:container-muxer-webm: aa71ff27fc2769a1b78a27578f13a17b -> 
  custom:container-demuxer-webm: 4f35f7cbe854078d1ac9338744f61a02 -> 
  custom:video-encoder-webm-vp8: eb34c28f22e8b96e1ab97ce403110664 -> 
  custom:video-codec-MediaFoundation-h265: 746d11721c4dcdbdad8f713fa42b33f4 -> 
  custom:audio-encoder-webm-vorbis: bf7c407c2cedff20999df2af8eb42d56 -> 
  custom:framework-win-MediaFoundation: 216162199b28c13a410421893ffa2e32 -> 
  custom:container-demuxer-ogg: 62fdf1f143b41e24485cea50d1cbac27 -> 
  custom:video-decoder-webm-vp8: 9c59270c3fd7afecdb556c50c9e8de78 -> 
  custom:audio-decoder-ogg-vorbis: bf7c407c2cedff20999df2af8eb42d56 -> 
========================================================================
Received Import Request.
  Time since last request: 152467.768982 seconds.
  path: Assets/Level 1 Modular Castle/Assets/prefabs/barrel.prefab
  artifactKey: Guid(8c2b62e7246b8be418a40cb56f42685a) Importer(815301076,1909f56bfc062723c751e8b465ee728b)
Start importing Assets/Level 1 Modular Castle/Assets/prefabs/barrel.prefab using Guid(8c2b62e7246b8be418a40cb56f42685a) Importer(815301076,1909f56bfc062723c751e8b465ee728b)  -> (artifact id: '78b310a971b6f171f6ea1b896b074eb5') in 0.130314 seconds 
========================================================================
Received Import Request.
  Time since last request: 0.000019 seconds.
  path: Assets/Level 1 Modular Castle/Assets/prefabs/pillar1.prefab
  artifactKey: Guid(7250e3ee64608cf4ebd2df16b04e2e4b) Importer(815301076,1909f56bfc062723c751e8b465ee728b)
Start importing Assets/Level 1 Modular Castle/Assets/prefabs/pillar1.prefab using Guid(7250e3ee64608cf4ebd2df16b04e2e4b) Importer(815301076,1909f56bfc062723c751e8b465ee728b)  -> (artifact id: '71d33eb54b3fa78a3dd3688573aeaf4a') in 0.056677 seconds 
========================================================================
Received Import Request.
  Time since last request: 0.000019 seconds.
  path: Assets/Level 1 Modular Castle/Assets/prefabs/doorway2.prefab
  artifactKey: Guid(eda319de497b2a4449c2ab39265a3ac5) Importer(815301076,1909f56bfc062723c751e8b465ee728b)
Start importing Assets/Level 1 Modular Castle/Assets/prefabs/doorway2.prefab using Guid(eda319de497b2a4449c2ab39265a3ac5) Importer(815301076,1909f56bfc062723c751e8b465ee728b)  -> (artifact id: '602fa226277750907aae08c187f1041d') in 0.037837 seconds 
========================================================================
Received Import Request.
  Time since last request: 0.000021 seconds.
  path: Assets/Level 1 Modular Castle/Assets/prefabs/candleholder1.prefab
  artifactKey: Guid(6bae6d1df8faaf748abc9bb8d4df81c7) Importer(815301076,1909f56bfc062723c751e8b465ee728b)
Start importing Assets/Level 1 Modular Castle/Assets/prefabs/candleholder1.prefab using Guid(6bae6d1df8faaf748abc9bb8d4df81c7) Importer(815301076,1909f56bfc062723c751e8b465ee728b)  -> (artifact id: '44096463ceb51e42ce44374d1487370c') in 0.029100 seconds 
========================================================================
Received Import Request.
  Time since last request: 0.000022 seconds.
  path: Assets/Level 1 Modular Castle/Assets/prefabs/litter1.prefab
  artifactKey: Guid(d2bf29c4c2836f1439107ad7e08dd160) Importer(815301076,1909f56bfc062723c751e8b465ee728b)
Start importing Assets/Level 1 Modular Castle/Assets/prefabs/litter1.prefab using Guid(d2bf29c4c2836f1439107ad7e08dd160) Importer(815301076,1909f56bfc062723c751e8b465ee728b)  -> (artifact id: '52e57e63a02a8777bb2654719b55e627') in 0.016190 seconds 
========================================================================
Received Import Request.
  Time since last request: 0.000018 seconds.
  path: Assets/Level 1 Modular Castle/Assets/prefabs/helmet.prefab
  artifactKey: Guid(d7f215de872d78e48aece7c979158bd9) Importer(815301076,1909f56bfc062723c751e8b465ee728b)
Start importing Assets/Level 1 Modular Castle/Assets/prefabs/helmet.prefab using Guid(d7f215de872d78e48aece7c979158bd9) Importer(815301076,1909f56bfc062723c751e8b465ee728b)  -> (artifact id: '3eb48e76f5c6dcaf00592221aa3cfe83') in 0.012431 seconds 
========================================================================
Received Import Request.
  Time since last request: 0.000017 seconds.
  path: Assets/Level 1 Modular Castle/Assets/prefabs/bed1.prefab
  artifactKey: Guid(4262c5895a7ed7f47b98ea94be746d7b) Importer(815301076,1909f56bfc062723c751e8b465ee728b)
Start importing Assets/Level 1 Modular Castle/Assets/prefabs/bed1.prefab using Guid(4262c5895a7ed7f47b98ea94be746d7b) Importer(815301076,1909f56bfc062723c751e8b465ee728b)  -> (artifact id: '9694d50a4d68446e3e3d57de47f34733') in 0.011786 seconds 
========================================================================
Received Import Request.
  Time since last request: 0.000016 seconds.
  path: Assets/Level 1 Modular Castle/Assets/prefabs/bed2.prefab
  artifactKey: Guid(603974aa53b216142bc3b923a72e69a2) Importer(815301076,1909f56bfc062723c751e8b465ee728b)
Start importing Assets/Level 1 Modular Castle/Assets/prefabs/bed2.prefab using Guid(603974aa53b216142bc3b923a72e69a2) Importer(815301076,1909f56bfc062723c751e8b465ee728b)  -> (artifact id: '0f5228d4c53039ebac710200a2b8303c') in 0.011851 seconds 
========================================================================
Received Import Request.
  Time since last request: 0.000017 seconds.
  path: Assets/Level 1 Modular Castle/Assets/prefabs/carpet2.prefab
  artifactKey: Guid(35c6d94887fe5a84ba4a460acffa37ed) Importer(815301076,1909f56bfc062723c751e8b465ee728b)
Start importing Assets/Level 1 Modular Castle/Assets/prefabs/carpet2.prefab using Guid(35c6d94887fe5a84ba4a460acffa37ed) Importer(815301076,1909f56bfc062723c751e8b465ee728b)  -> (artifact id: 'fdb277c7dde97b904c557fa29afa30a3') in 0.012171 seconds 
========================================================================
Received Import Request.
  Time since last request: 0.000018 seconds.
  path: Assets/Level 1 Modular Castle/Assets/prefabs/litter2.prefab
  artifactKey: Guid(d5afe70bc0cd8744fbc4d8ca3b19957a) Importer(815301076,1909f56bfc062723c751e8b465ee728b)
Start importing Assets/Level 1 Modular Castle/Assets/prefabs/litter2.prefab using Guid(d5afe70bc0cd8744fbc4d8ca3b19957a) Importer(815301076,1909f56bfc062723c751e8b465ee728b)  -> (artifact id: '8335ff98d6267358a1bbfc6bbfc68746') in 0.011037 seconds 
========================================================================
Received Import Request.
  Time since last request: 0.000016 seconds.
  path: Assets/Level 1 Modular Castle/Assets/prefabs/candle3.prefab
  artifactKey: Guid(635c0c417a0e8354ab3fbaf97c4820db) Importer(815301076,1909f56bfc062723c751e8b465ee728b)
Start importing Assets/Level 1 Modular Castle/Assets/prefabs/candle3.prefab using Guid(635c0c417a0e8354ab3fbaf97c4820db) Importer(815301076,1909f56bfc062723c751e8b465ee728b)  -> (artifact id: 'cb7ebedf2fa1ecb5150660adf46bd54c') in 0.011297 seconds 
========================================================================
Received Import Request.
  Time since last request: 0.000026 seconds.
  path: Assets/Level 1 Modular Castle/Assets/prefabs/carpet1.prefab
  artifactKey: Guid(a4bea53168e748947a482379d038f738) Importer(815301076,1909f56bfc062723c751e8b465ee728b)
Start importing Assets/Level 1 Modular Castle/Assets/prefabs/carpet1.prefab using Guid(a4bea53168e748947a482379d038f738) Importer(815301076,1909f56bfc062723c751e8b465ee728b)  -> (artifact id: '1251c5fc7770b8a2f8a274854017e2b9') in 0.011380 seconds 
========================================================================
Received Import Request.
  Time since last request: 0.000016 seconds.
  path: Assets/Level 1 Modular Castle/Assets/prefabs/box.prefab
  artifactKey: Guid(8799b841d75370f44ba4ccf79bc7658b) Importer(815301076,1909f56bfc062723c751e8b465ee728b)
Start importing Assets/Level 1 Modular Castle/Assets/prefabs/box.prefab using Guid(8799b841d75370f44ba4ccf79bc7658b) Importer(815301076,1909f56bfc062723c751e8b465ee728b)  -> (artifact id: 'f56b0b8a7ba65354331bccbd51a2db8f') in 0.011595 seconds 
========================================================================
Received Import Request.
  Time since last request: 0.000017 seconds.
  path: Assets/Level 1 Modular Castle/Assets/prefabs/box3.prefab
  artifactKey: Guid(40064a3eba9f8ef4db78ee0fbcd75c8c) Importer(815301076,1909f56bfc062723c751e8b465ee728b)
Start importing Assets/Level 1 Modular Castle/Assets/prefabs/box3.prefab using Guid(40064a3eba9f8ef4db78ee0fbcd75c8c) Importer(815301076,1909f56bfc062723c751e8b465ee728b)  -> (artifact id: 'b926cb22e135b7dd0861e685baec27cc') in 0.010987 seconds 
========================================================================
Received Import Request.
  Time since last request: 0.972461 seconds.
  path: Assets/Level 1 Modular Castle/Assets/prefabs/pillar_small1.prefab
  artifactKey: Guid(f18c80e40f3eae04a943a2e61d870d14) Importer(815301076,1909f56bfc062723c751e8b465ee728b)
Start importing Assets/Level 1 Modular Castle/Assets/prefabs/pillar_small1.prefab using Guid(f18c80e40f3eae04a943a2e61d870d14) Importer(815301076,1909f56bfc062723c751e8b465ee728b)  -> (artifact id: 'ee0021acbcc228b2fe05b77d39928e4d') in 0.011714 seconds 
========================================================================
Received Import Request.
  Time since last request: 0.000014 seconds.
  path: Assets/Level 1 Modular Castle/Assets/prefabs/stairs2.prefab
  artifactKey: Guid(9c11641965d5281408e69c5082c13c3f) Importer(815301076,1909f56bfc062723c751e8b465ee728b)
Start importing Assets/Level 1 Modular Castle/Assets/prefabs/stairs2.prefab using Guid(9c11641965d5281408e69c5082c13c3f) Importer(815301076,1909f56bfc062723c751e8b465ee728b)  -> (artifact id: '817fbbb2004b0fb4a92b1d6b06d10ab8') in 0.009359 seconds 
========================================================================
Received Import Request.
  Time since last request: 0.000013 seconds.
  path: Assets/Level 1 Modular Castle/Assets/prefabs/stairs1.prefab
  artifactKey: Guid(996c5ca3ae0ceae41aeba2b1f9f7ec9d) Importer(815301076,1909f56bfc062723c751e8b465ee728b)
Start importing Assets/Level 1 Modular Castle/Assets/prefabs/stairs1.prefab using Guid(996c5ca3ae0ceae41aeba2b1f9f7ec9d) Importer(815301076,1909f56bfc062723c751e8b465ee728b)  -> (artifact id: '8c7f2bbe62d44532c8c774e107e9fd1d') in 0.010986 seconds 
========================================================================
Received Import Request.
  Time since last request: 0.000024 seconds.
  path: Assets/Level 1 Modular Castle/Assets/prefabs/sword.prefab
  artifactKey: Guid(c34a67cb83e3b5449b55243207b1b621) Importer(815301076,1909f56bfc062723c751e8b465ee728b)
Start importing Assets/Level 1 Modular Castle/Assets/prefabs/sword.prefab using Guid(c34a67cb83e3b5449b55243207b1b621) Importer(815301076,1909f56bfc062723c751e8b465ee728b)  -> (artifact id: 'dfde1895bd5ee19fba2349d97fe640f7') in 0.013240 seconds 
========================================================================
Received Import Request.
  Time since last request: 0.000021 seconds.
  path: Assets/Level 1 Modular Castle/Assets/prefabs/pillar_small2.prefab
  artifactKey: Guid(720d5674259cf2e4f9c0bc8698ed5c17) Importer(815301076,1909f56bfc062723c751e8b465ee728b)
Start importing Assets/Level 1 Modular Castle/Assets/prefabs/pillar_small2.prefab using Guid(720d5674259cf2e4f9c0bc8698ed5c17) Importer(815301076,1909f56bfc062723c751e8b465ee728b)  -> (artifact id: '6305d477d5f0beece68256ae6c65ff36') in 0.009894 seconds 
========================================================================
Received Import Request.
  Time since last request: 5.540158 seconds.
  path: Assets/Level 1 Modular Castle/Assets/prefabs/wall3.prefab
  artifactKey: Guid(edf36f15892d1fb4d913feaa9b0a6dc3) Importer(815301076,1909f56bfc062723c751e8b465ee728b)
Start importing Assets/Level 1 Modular Castle/Assets/prefabs/wall3.prefab using Guid(edf36f15892d1fb4d913feaa9b0a6dc3) Importer(815301076,1909f56bfc062723c751e8b465ee728b)  -> (artifact id: '537f6c7bdd3754d07606c7e6618ad145') in 0.012540 seconds 
Editor requested this worker to shutdown with reason: Scaling down because of idle timeout
AssetImportWorker is now disconnected from the server
Process exiting
Exiting without the bug reporter. Application will terminate with return code 0