Using pre-set license
Built from '2021.3/staging' branch; Version is '2021.3.24f1 (cf10dcf7010d) revision 13570268'; Using compiler version '192829333'; Build Type 'Release'
OS: 'Windows 11  (10.0.22631) 64bit Core' Language: 'en' Physical Memory: 16145 MB
BatchMode: 1, IsHumanControllingUs: 0, StartBugReporterOnCrash: 0, Is64bit: 1, IsPro: 1

COMMAND LINE ARGUMENTS:
C:\Program Files\Unity\Hub\Editor\2021.3.24f1\Editor\Unity.exe
-adb2
-batchMode
-noUpm
-name
AssetImportWorker7
-projectPath
C:/Users/Hibba Qaraman/OneDrive/Desktop/Game-Dev-Project
-logFile
Logs/AssetImportWorker7.log
-srvPort
55310
Successfully changed project path to: C:/Users/Hibba Qaraman/OneDrive/Desktop/Game-Dev-Project
C:/Users/Hibba Qaraman/OneDrive/Desktop/Game-Dev-Project
[UnityMemory] Configuration Parameters - Can be set up in boot.config
    "memorysetup-bucket-allocator-granularity=16"
    "memorysetup-bucket-allocator-bucket-count=8"
    "memorysetup-bucket-allocator-block-size=33554432"
    "memorysetup-bucket-allocator-block-count=8"
    "memorysetup-main-allocator-block-size=16777216"
    "memorysetup-thread-allocator-block-size=16777216"
    "memorysetup-gfx-main-allocator-block-size=16777216"
    "memorysetup-gfx-thread-allocator-block-size=16777216"
    "memorysetup-cache-allocator-block-size=4194304"
    "memorysetup-typetree-allocator-block-size=2097152"
    "memorysetup-profiler-bucket-allocator-granularity=16"
    "memorysetup-profiler-bucket-allocator-bucket-count=8"
    "memorysetup-profiler-bucket-allocator-block-size=33554432"
    "memorysetup-profiler-bucket-allocator-block-count=8"
    "memorysetup-profiler-allocator-block-size=16777216"
    "memorysetup-profiler-editor-allocator-block-size=1048576"
    "memorysetup-temp-allocator-size-main=16777216"
    "memorysetup-job-temp-allocator-block-size=2097152"
    "memorysetup-job-temp-allocator-block-size-background=1048576"
    "memorysetup-job-temp-allocator-reduction-small-platforms=262144"
    "memorysetup-temp-allocator-size-background-worker=32768"
    "memorysetup-temp-allocator-size-job-worker=262144"
    "memorysetup-temp-allocator-size-preload-manager=33554432"
    "memorysetup-temp-allocator-size-nav-mesh-worker=65536"
    "memorysetup-temp-allocator-size-audio-worker=65536"
    "memorysetup-temp-allocator-size-cloud-worker=32768"
    "memorysetup-temp-allocator-size-gi-baking-worker=262144"
    "memorysetup-temp-allocator-size-gfx=262144"
Unable to join player connection multicast group (err: 10013).
Player connection [57932] Host "[IP] 192.168.158.1 [Port] 0 [Flags] 2 [Guid] 1699453894 [EditorId] 1699453894 [Version] 1048832 [Id] WindowsEditor(7,HIBBA-22PC) [Debug] 1 [PackageName] WindowsEditor [ProjectName] Editor" joined alternative multi-casting on [225.0.0.222:34997]...

Refreshing native plugins compatible for Editor in 121.03 ms, found 4 plugins.
Preloading 0 native plugins for Editor in 0.00 ms.
Initialize engine version: 2021.3.24f1 (cf10dcf7010d)
[Subsystems] Discovering subsystems at path C:/Program Files/Unity/Hub/Editor/2021.3.24f1/Editor/Data/Resources/UnitySubsystems
[Subsystems] Discovering subsystems at path C:/Users/Hibba Qaraman/OneDrive/Desktop/Game-Dev-Project/Assets
GfxDevice: creating device client; threaded=0; jobified=0
Direct3D:
    Version:  Direct3D 11.0 [level 11.1]
    Renderer: Intel(R) Iris(R) Xe Graphics (ID=0x9a49)
    Vendor:   Intel
    VRAM:     8072 MB
    Driver:   30.0.101.1191
Initialize mono
Mono path[0] = 'C:/Program Files/Unity/Hub/Editor/2021.3.24f1/Editor/Data/Managed'
Mono path[1] = 'C:/Program Files/Unity/Hub/Editor/2021.3.24f1/Editor/Data/MonoBleedingEdge/lib/mono/unityjit-win32'
Mono config path = 'C:/Program Files/Unity/Hub/Editor/2021.3.24f1/Editor/Data/MonoBleedingEdge/etc'
Using monoOptions --debugger-agent=transport=dt_socket,embedding=1,server=y,suspend=n,address=127.0.0.1:56876
Begin MonoManager ReloadAssembly
Registering precompiled unity dll's ...
Register platform support module: C:/Program Files/Unity/Hub/Editor/2021.3.24f1/Editor/Data/PlaybackEngines/WebGLSupport/UnityEditor.WebGL.Extensions.dll
Register platform support module: C:/Program Files/Unity/Hub/Editor/2021.3.24f1/Editor/Data/PlaybackEngines/WindowsStandaloneSupport/UnityEditor.WindowsStandalone.Extensions.dll
Registered in 0.008096 seconds.
Native extension for WindowsStandalone target not found
Native extension for WebGL target not found
Refreshing native plugins compatible for Editor in 83.82 ms, found 4 plugins.
Preloading 0 native plugins for Editor in 0.00 ms.
Mono: successfully reloaded assembly
- Completed reload, in  0.622 seconds
Domain Reload Profiling:
	ReloadAssembly (622ms)
		BeginReloadAssembly (86ms)
			ExecutionOrderSort (0ms)
			DisableScriptedObjects (0ms)
			BackupInstance (0ms)
			ReleaseScriptingObjects (0ms)
			CreateAndSetChildDomain (1ms)
		EndReloadAssembly (441ms)
			LoadAssemblies (85ms)
			RebuildTransferFunctionScriptingTraits (0ms)
			SetupTypeCache (94ms)
			ReleaseScriptCaches (0ms)
			RebuildScriptCaches (27ms)
			SetupLoadedEditorAssemblies (272ms)
				LogAssemblyErrors (0ms)
				InitializePlatformSupportModulesInManaged (9ms)
				SetLoadedEditorAssemblies (0ms)
				RefreshPlugins (84ms)
				BeforeProcessingInitializeOnLoad (2ms)
				ProcessInitializeOnLoadAttributes (137ms)
				ProcessInitializeOnLoadMethodAttributes (41ms)
				AfterProcessingInitializeOnLoad (0ms)
				EditorAssembliesLoaded (0ms)
			ExecutionOrderSort2 (0ms)
			AwakeInstancesAfterBackupRestoration (0ms)
Platform modules already initialized, skipping
Registering precompiled user dll's ...
Registered in 0.010501 seconds.
Begin MonoManager ReloadAssembly
Native extension for WindowsStandalone target not found
Native extension for WebGL target not found
Refreshing native plugins compatible for Editor in 0.59 ms, found 4 plugins.
Preloading 0 native plugins for Editor in 0.00 ms.
Mono: successfully reloaded assembly
- Completed reload, in  1.024 seconds
Domain Reload Profiling:
	ReloadAssembly (1025ms)
		BeginReloadAssembly (129ms)
			ExecutionOrderSort (0ms)
			DisableScriptedObjects (7ms)
			BackupInstance (0ms)
			ReleaseScriptingObjects (0ms)
			CreateAndSetChildDomain (16ms)
		EndReloadAssembly (786ms)
			LoadAssemblies (113ms)
			RebuildTransferFunctionScriptingTraits (0ms)
			SetupTypeCache (266ms)
			ReleaseScriptCaches (0ms)
			RebuildScriptCaches (43ms)
			SetupLoadedEditorAssemblies (352ms)
				LogAssemblyErrors (0ms)
				InitializePlatformSupportModulesInManaged (7ms)
				SetLoadedEditorAssemblies (0ms)
				RefreshPlugins (1ms)
				BeforeProcessingInitializeOnLoad (68ms)
				ProcessInitializeOnLoadAttributes (250ms)
				ProcessInitializeOnLoadMethodAttributes (20ms)
				AfterProcessingInitializeOnLoad (6ms)
				EditorAssembliesLoaded (0ms)
			ExecutionOrderSort2 (0ms)
			AwakeInstancesAfterBackupRestoration (5ms)
Platform modules already initialized, skipping
========================================================================
Worker process is ready to serve import requests
Launched and connected shader compiler UnityShaderCompiler.exe after 0.06 seconds
Refreshing native plugins compatible for Editor in 0.67 ms, found 4 plugins.
Preloading 0 native plugins for Editor in 0.00 ms.
Unloading 3293 Unused Serialized files (Serialized files now loaded: 0)
Unloading 26 unused Assets / (56.4 KB). Loaded Objects now: 3753.
Memory consumption went from 118.1 MB to 118.0 MB.
Total: 3.037900 ms (FindLiveObjects: 0.234400 ms CreateObjectMapping: 0.103200 ms MarkObjects: 2.622200 ms  DeleteObjects: 0.076900 ms)

AssetImportParameters requested are different than current active one (requested -> active):
  custom:video-decoder-ogg-theora: a1e56fd34408186e4bbccfd4996cb3dc -> 
  custom:container-muxer-webm: aa71ff27fc2769a1b78a27578f13a17b -> 
  custom:container-demuxer-webm: 4f35f7cbe854078d1ac9338744f61a02 -> 
  custom:video-encoder-webm-vp8: eb34c28f22e8b96e1ab97ce403110664 -> 
  custom:video-codec-MediaFoundation-h265: 746d11721c4dcdbdad8f713fa42b33f4 -> 
  custom:audio-encoder-webm-vorbis: bf7c407c2cedff20999df2af8eb42d56 -> 
  custom:framework-win-MediaFoundation: 216162199b28c13a410421893ffa2e32 -> 
  custom:container-demuxer-ogg: 62fdf1f143b41e24485cea50d1cbac27 -> 
  custom:video-decoder-webm-vp8: 9c59270c3fd7afecdb556c50c9e8de78 -> 
  custom:audio-decoder-ogg-vorbis: bf7c407c2cedff20999df2af8eb42d56 -> 
========================================================================
Received Import Request.
  Time since last request: 1251869.279560 seconds.
  path: Assets/TextMesh Pro/Resources/Fonts & Materials/LiberationSans SDF - Fallback.asset
  artifactKey: Guid(2e498d1c8094910479dc3e1b768306a4) Importer(815301076,1909f56bfc062723c751e8b465ee728b)
Start importing Assets/TextMesh Pro/Resources/Fonts & Materials/LiberationSans SDF - Fallback.asset using Guid(2e498d1c8094910479dc3e1b768306a4) Importer(815301076,1909f56bfc062723c751e8b465ee728b)  -> (artifact id: 'e92959a1734da9727477e5a3ab10230b') in 0.259443 seconds 
========================================================================
Received Import Request.
  Time since last request: 2336.706660 seconds.
  path: Assets/Logan/Character_Magician_Hat Variant.prefab
  artifactKey: Guid(ac1dad5ee12c9a340a999f3f7295d7a7) Importer(815301076,1909f56bfc062723c751e8b465ee728b)
Start importing Assets/Logan/Character_Magician_Hat Variant.prefab using Guid(ac1dad5ee12c9a340a999f3f7295d7a7) Importer(815301076,1909f56bfc062723c751e8b465ee728b)  -> (artifact id: 'c0721c1f16678944542227b43c8d19fa') in 0.138140 seconds 
========================================================================
Received Prepare
Registering precompiled user dll's ...
Registered in 0.008985 seconds.
Begin MonoManager ReloadAssembly
Native extension for WindowsStandalone target not found
Native extension for WebGL target not found
Refreshing native plugins compatible for Editor in 2.48 ms, found 4 plugins.
Preloading 0 native plugins for Editor in 0.00 ms.
Mono: successfully reloaded assembly
- Completed reload, in  2.842 seconds
Domain Reload Profiling:
	ReloadAssembly (2845ms)
		BeginReloadAssembly (452ms)
			ExecutionOrderSort (0ms)
			DisableScriptedObjects (16ms)
			BackupInstance (0ms)
			ReleaseScriptingObjects (0ms)
			CreateAndSetChildDomain (119ms)
		EndReloadAssembly (2112ms)
			LoadAssemblies (312ms)
			RebuildTransferFunctionScriptingTraits (0ms)
			SetupTypeCache (721ms)
			ReleaseScriptCaches (3ms)
			RebuildScriptCaches (112ms)
			SetupLoadedEditorAssemblies (930ms)
				LogAssemblyErrors (0ms)
				InitializePlatformSupportModulesInManaged (22ms)
				SetLoadedEditorAssemblies (2ms)
				RefreshPlugins (3ms)
				BeforeProcessingInitializeOnLoad (176ms)
				ProcessInitializeOnLoadAttributes (645ms)
				ProcessInitializeOnLoadMethodAttributes (61ms)
				AfterProcessingInitializeOnLoad (22ms)
				EditorAssembliesLoaded (0ms)
			ExecutionOrderSort2 (0ms)
			AwakeInstancesAfterBackupRestoration (18ms)
Platform modules already initialized, skipping
Refreshing native plugins compatible for Editor in 11.02 ms, found 4 plugins.
Preloading 0 native plugins for Editor in 0.00 ms.
Unloading 3299 Unused Serialized files (Serialized files now loaded: 0)
Unloading 31 unused Assets / (0.7 MB). Loaded Objects now: 3802.
Memory consumption went from 136.9 MB to 136.3 MB.
Total: 9.030700 ms (FindLiveObjects: 0.453700 ms CreateObjectMapping: 0.213800 ms MarkObjects: 7.812300 ms  DeleteObjects: 0.547800 ms)

AssetImportParameters requested are different than current active one (requested -> active):
  custom:video-decoder-ogg-theora: a1e56fd34408186e4bbccfd4996cb3dc -> 
  custom:container-muxer-webm: aa71ff27fc2769a1b78a27578f13a17b -> 
  custom:container-demuxer-webm: 4f35f7cbe854078d1ac9338744f61a02 -> 
  custom:video-encoder-webm-vp8: eb34c28f22e8b96e1ab97ce403110664 -> 
  custom:video-codec-MediaFoundation-h265: 746d11721c4dcdbdad8f713fa42b33f4 -> 
  custom:audio-encoder-webm-vorbis: bf7c407c2cedff20999df2af8eb42d56 -> 
  custom:framework-win-MediaFoundation: 216162199b28c13a410421893ffa2e32 -> 
  custom:container-demuxer-ogg: 62fdf1f143b41e24485cea50d1cbac27 -> 
  custom:video-decoder-webm-vp8: 9c59270c3fd7afecdb556c50c9e8de78 -> 
  custom:audio-decoder-ogg-vorbis: bf7c407c2cedff20999df2af8eb42d56 -> 
========================================================================
Received Prepare
Registering precompiled user dll's ...
Registered in 0.009155 seconds.
Begin MonoManager ReloadAssembly
Native extension for WindowsStandalone target not found
Native extension for WebGL target not found
Refreshing native plugins compatible for Editor in 1.19 ms, found 4 plugins.
Preloading 0 native plugins for Editor in 0.00 ms.
Mono: successfully reloaded assembly
- Completed reload, in  1.517 seconds
Domain Reload Profiling:
	ReloadAssembly (1518ms)
		BeginReloadAssembly (228ms)
			ExecutionOrderSort (0ms)
			DisableScriptedObjects (6ms)
			BackupInstance (0ms)
			ReleaseScriptingObjects (0ms)
			CreateAndSetChildDomain (55ms)
		EndReloadAssembly (1149ms)
			LoadAssemblies (186ms)
			RebuildTransferFunctionScriptingTraits (0ms)
			SetupTypeCache (383ms)
			ReleaseScriptCaches (2ms)
			RebuildScriptCaches (58ms)
			SetupLoadedEditorAssemblies (511ms)
				LogAssemblyErrors (0ms)
				InitializePlatformSupportModulesInManaged (12ms)
				SetLoadedEditorAssemblies (1ms)
				RefreshPlugins (1ms)
				BeforeProcessingInitializeOnLoad (94ms)
				ProcessInitializeOnLoadAttributes (351ms)
				ProcessInitializeOnLoadMethodAttributes (36ms)
				AfterProcessingInitializeOnLoad (14ms)
				EditorAssembliesLoaded (1ms)
			ExecutionOrderSort2 (0ms)
			AwakeInstancesAfterBackupRestoration (9ms)
Platform modules already initialized, skipping
Refreshing native plugins compatible for Editor in 5.51 ms, found 4 plugins.
Preloading 0 native plugins for Editor in 0.00 ms.
Unloading 3298 Unused Serialized files (Serialized files now loaded: 0)
Unloading 31 unused Assets / (0.7 MB). Loaded Objects now: 3805.
Memory consumption went from 136.8 MB to 136.2 MB.
Total: 3.850000 ms (FindLiveObjects: 0.353000 ms CreateObjectMapping: 0.123200 ms MarkObjects: 2.879900 ms  DeleteObjects: 0.490800 ms)

AssetImportParameters requested are different than current active one (requested -> active):
  custom:video-decoder-ogg-theora: a1e56fd34408186e4bbccfd4996cb3dc -> 
  custom:container-muxer-webm: aa71ff27fc2769a1b78a27578f13a17b -> 
  custom:container-demuxer-webm: 4f35f7cbe854078d1ac9338744f61a02 -> 
  custom:video-encoder-webm-vp8: eb34c28f22e8b96e1ab97ce403110664 -> 
  custom:video-codec-MediaFoundation-h265: 746d11721c4dcdbdad8f713fa42b33f4 -> 
  custom:audio-encoder-webm-vorbis: bf7c407c2cedff20999df2af8eb42d56 -> 
  custom:framework-win-MediaFoundation: 216162199b28c13a410421893ffa2e32 -> 
  custom:container-demuxer-ogg: 62fdf1f143b41e24485cea50d1cbac27 -> 
  custom:video-decoder-webm-vp8: 9c59270c3fd7afecdb556c50c9e8de78 -> 
  custom:audio-decoder-ogg-vorbis: bf7c407c2cedff20999df2af8eb42d56 -> 
========================================================================
Received Prepare
Registering precompiled user dll's ...
Registered in 0.008563 seconds.
Begin MonoManager ReloadAssembly
Native extension for WindowsStandalone target not found
Native extension for WebGL target not found
Refreshing native plugins compatible for Editor in 1.72 ms, found 4 plugins.
Preloading 0 native plugins for Editor in 0.00 ms.
Mono: successfully reloaded assembly
- Completed reload, in  1.621 seconds
Domain Reload Profiling:
	ReloadAssembly (1622ms)
		BeginReloadAssembly (244ms)
			ExecutionOrderSort (0ms)
			DisableScriptedObjects (11ms)
			BackupInstance (0ms)
			ReleaseScriptingObjects (0ms)
			CreateAndSetChildDomain (53ms)
		EndReloadAssembly (1230ms)
			LoadAssemblies (205ms)
			RebuildTransferFunctionScriptingTraits (0ms)
			SetupTypeCache (418ms)
			ReleaseScriptCaches (2ms)
			RebuildScriptCaches (64ms)
			SetupLoadedEditorAssemblies (523ms)
				LogAssemblyErrors (0ms)
				InitializePlatformSupportModulesInManaged (11ms)
				SetLoadedEditorAssemblies (1ms)
				RefreshPlugins (2ms)
				BeforeProcessingInitializeOnLoad (91ms)
				ProcessInitializeOnLoadAttributes (370ms)
				ProcessInitializeOnLoadMethodAttributes (39ms)
				AfterProcessingInitializeOnLoad (9ms)
				EditorAssembliesLoaded (0ms)
			ExecutionOrderSort2 (0ms)
			AwakeInstancesAfterBackupRestoration (10ms)
Platform modules already initialized, skipping
Refreshing native plugins compatible for Editor in 8.14 ms, found 4 plugins.
Preloading 0 native plugins for Editor in 0.00 ms.
Unloading 3298 Unused Serialized files (Serialized files now loaded: 0)
Unloading 31 unused Assets / (0.7 MB). Loaded Objects now: 3808.
Memory consumption went from 136.8 MB to 136.2 MB.
Total: 6.964400 ms (FindLiveObjects: 0.342500 ms CreateObjectMapping: 0.174700 ms MarkObjects: 5.873700 ms  DeleteObjects: 0.571100 ms)

AssetImportParameters requested are different than current active one (requested -> active):
  custom:video-decoder-ogg-theora: a1e56fd34408186e4bbccfd4996cb3dc -> 
  custom:container-muxer-webm: aa71ff27fc2769a1b78a27578f13a17b -> 
  custom:container-demuxer-webm: 4f35f7cbe854078d1ac9338744f61a02 -> 
  custom:video-encoder-webm-vp8: eb34c28f22e8b96e1ab97ce403110664 -> 
  custom:video-codec-MediaFoundation-h265: 746d11721c4dcdbdad8f713fa42b33f4 -> 
  custom:audio-encoder-webm-vorbis: bf7c407c2cedff20999df2af8eb42d56 -> 
  custom:framework-win-MediaFoundation: 216162199b28c13a410421893ffa2e32 -> 
  custom:container-demuxer-ogg: 62fdf1f143b41e24485cea50d1cbac27 -> 
  custom:video-decoder-webm-vp8: 9c59270c3fd7afecdb556c50c9e8de78 -> 
  custom:audio-decoder-ogg-vorbis: bf7c407c2cedff20999df2af8eb42d56 -> 
========================================================================
Received Prepare
Registering precompiled user dll's ...
Registered in 0.009796 seconds.
Begin MonoManager ReloadAssembly
Native extension for WindowsStandalone target not found
Native extension for WebGL target not found
Refreshing native plugins compatible for Editor in 1.58 ms, found 4 plugins.
Preloading 0 native plugins for Editor in 0.00 ms.
Mono: successfully reloaded assembly
- Completed reload, in  2.264 seconds
Domain Reload Profiling:
	ReloadAssembly (2265ms)
		BeginReloadAssembly (251ms)
			ExecutionOrderSort (0ms)
			DisableScriptedObjects (7ms)
			BackupInstance (0ms)
			ReleaseScriptingObjects (0ms)
			CreateAndSetChildDomain (57ms)
		EndReloadAssembly (1818ms)
			LoadAssemblies (221ms)
			RebuildTransferFunctionScriptingTraits (0ms)
			SetupTypeCache (596ms)
			ReleaseScriptCaches (3ms)
			RebuildScriptCaches (84ms)
			SetupLoadedEditorAssemblies (836ms)
				LogAssemblyErrors (0ms)
				InitializePlatformSupportModulesInManaged (18ms)
				SetLoadedEditorAssemblies (1ms)
				RefreshPlugins (2ms)
				BeforeProcessingInitializeOnLoad (136ms)
				ProcessInitializeOnLoadAttributes (610ms)
				ProcessInitializeOnLoadMethodAttributes (52ms)
				AfterProcessingInitializeOnLoad (17ms)
				EditorAssembliesLoaded (0ms)
			ExecutionOrderSort2 (0ms)
			AwakeInstancesAfterBackupRestoration (14ms)
Platform modules already initialized, skipping
Refreshing native plugins compatible for Editor in 7.35 ms, found 4 plugins.
Preloading 0 native plugins for Editor in 0.00 ms.
Unloading 3458 Unused Serialized files (Serialized files now loaded: 0)
Unloading 33 unused Assets / (0.7 MB). Loaded Objects now: 3980.
Memory consumption went from 142.6 MB to 141.9 MB.
Total: 5.002900 ms (FindLiveObjects: 0.376300 ms CreateObjectMapping: 0.179500 ms MarkObjects: 3.984500 ms  DeleteObjects: 0.458900 ms)

AssetImportParameters requested are different than current active one (requested -> active):
  custom:video-decoder-ogg-theora: a1e56fd34408186e4bbccfd4996cb3dc -> 
  custom:container-muxer-webm: aa71ff27fc2769a1b78a27578f13a17b -> 
  custom:container-demuxer-webm: 4f35f7cbe854078d1ac9338744f61a02 -> 
  custom:video-encoder-webm-vp8: eb34c28f22e8b96e1ab97ce403110664 -> 
  custom:video-codec-MediaFoundation-h265: 746d11721c4dcdbdad8f713fa42b33f4 -> 
  custom:audio-encoder-webm-vorbis: bf7c407c2cedff20999df2af8eb42d56 -> 
  custom:framework-win-MediaFoundation: 216162199b28c13a410421893ffa2e32 -> 
  custom:container-demuxer-ogg: 62fdf1f143b41e24485cea50d1cbac27 -> 
  custom:video-decoder-webm-vp8: 9c59270c3fd7afecdb556c50c9e8de78 -> 
  custom:audio-decoder-ogg-vorbis: bf7c407c2cedff20999df2af8eb42d56 -> 
========================================================================
Received Prepare
Registering precompiled user dll's ...
Registered in 0.013167 seconds.
Begin MonoManager ReloadAssembly
Native extension for WindowsStandalone target not found
Native extension for WebGL target not found
Refreshing native plugins compatible for Editor in 1.54 ms, found 4 plugins.
Preloading 0 native plugins for Editor in 0.00 ms.
Mono: successfully reloaded assembly
- Completed reload, in  1.940 seconds
Domain Reload Profiling:
	ReloadAssembly (1941ms)
		BeginReloadAssembly (279ms)
			ExecutionOrderSort (0ms)
			DisableScriptedObjects (7ms)
			BackupInstance (0ms)
			ReleaseScriptingObjects (0ms)
			CreateAndSetChildDomain (58ms)
		EndReloadAssembly (1509ms)
			LoadAssemblies (235ms)
			RebuildTransferFunctionScriptingTraits (0ms)
			SetupTypeCache (453ms)
			ReleaseScriptCaches (4ms)
			RebuildScriptCaches (99ms)
			SetupLoadedEditorAssemblies (696ms)
				LogAssemblyErrors (0ms)
				InitializePlatformSupportModulesInManaged (21ms)
				SetLoadedEditorAssemblies (1ms)
				RefreshPlugins (2ms)
				BeforeProcessingInitializeOnLoad (103ms)
				ProcessInitializeOnLoadAttributes (492ms)
				ProcessInitializeOnLoadMethodAttributes (57ms)
				AfterProcessingInitializeOnLoad (19ms)
				EditorAssembliesLoaded (0ms)
			ExecutionOrderSort2 (0ms)
			AwakeInstancesAfterBackupRestoration (14ms)
Platform modules already initialized, skipping
Refreshing native plugins compatible for Editor in 7.21 ms, found 4 plugins.
Preloading 0 native plugins for Editor in 0.00 ms.
Unloading 3458 Unused Serialized files (Serialized files now loaded: 0)
Unloading 33 unused Assets / (0.7 MB). Loaded Objects now: 3995.
Memory consumption went from 142.6 MB to 141.9 MB.
Total: 6.226400 ms (FindLiveObjects: 0.348200 ms CreateObjectMapping: 0.135300 ms MarkObjects: 4.556900 ms  DeleteObjects: 1.182500 ms)

AssetImportParameters requested are different than current active one (requested -> active):
  custom:video-decoder-ogg-theora: a1e56fd34408186e4bbccfd4996cb3dc -> 
  custom:container-muxer-webm: aa71ff27fc2769a1b78a27578f13a17b -> 
  custom:container-demuxer-webm: 4f35f7cbe854078d1ac9338744f61a02 -> 
  custom:video-encoder-webm-vp8: eb34c28f22e8b96e1ab97ce403110664 -> 
  custom:video-codec-MediaFoundation-h265: 746d11721c4dcdbdad8f713fa42b33f4 -> 
  custom:audio-encoder-webm-vorbis: bf7c407c2cedff20999df2af8eb42d56 -> 
  custom:framework-win-MediaFoundation: 216162199b28c13a410421893ffa2e32 -> 
  custom:container-demuxer-ogg: 62fdf1f143b41e24485cea50d1cbac27 -> 
  custom:video-decoder-webm-vp8: 9c59270c3fd7afecdb556c50c9e8de78 -> 
  custom:audio-decoder-ogg-vorbis: bf7c407c2cedff20999df2af8eb42d56 -> 
========================================================================
Received Prepare
Registering precompiled user dll's ...
Registered in 0.008572 seconds.
Begin MonoManager ReloadAssembly
Native extension for WindowsStandalone target not found
Native extension for WebGL target not found
Refreshing native plugins compatible for Editor in 1.04 ms, found 4 plugins.
Preloading 0 native plugins for Editor in 0.00 ms.
Mono: successfully reloaded assembly
- Completed reload, in  2.412 seconds
Domain Reload Profiling:
	ReloadAssembly (2414ms)
		BeginReloadAssembly (313ms)
			ExecutionOrderSort (0ms)
			DisableScriptedObjects (9ms)
			BackupInstance (0ms)
			ReleaseScriptingObjects (1ms)
			CreateAndSetChildDomain (67ms)
		EndReloadAssembly (1862ms)
			LoadAssemblies (255ms)
			RebuildTransferFunctionScriptingTraits (0ms)
			SetupTypeCache (548ms)
			ReleaseScriptCaches (6ms)
			RebuildScriptCaches (128ms)
			SetupLoadedEditorAssemblies (850ms)
				LogAssemblyErrors (0ms)
				InitializePlatformSupportModulesInManaged (14ms)
				SetLoadedEditorAssemblies (1ms)
				RefreshPlugins (1ms)
				BeforeProcessingInitializeOnLoad (159ms)
				ProcessInitializeOnLoadAttributes (598ms)
				ProcessInitializeOnLoadMethodAttributes (57ms)
				AfterProcessingInitializeOnLoad (20ms)
				EditorAssembliesLoaded (0ms)
			ExecutionOrderSort2 (0ms)
			AwakeInstancesAfterBackupRestoration (13ms)
Platform modules already initialized, skipping
Refreshing native plugins compatible for Editor in 7.29 ms, found 4 plugins.
Preloading 0 native plugins for Editor in 0.00 ms.
Unloading 3458 Unused Serialized files (Serialized files now loaded: 0)
Unloading 33 unused Assets / (0.7 MB). Loaded Objects now: 4010.
Memory consumption went from 142.7 MB to 141.9 MB.
Total: 5.649200 ms (FindLiveObjects: 0.586400 ms CreateObjectMapping: 0.280600 ms MarkObjects: 4.277400 ms  DeleteObjects: 0.502600 ms)

AssetImportParameters requested are different than current active one (requested -> active):
  custom:video-decoder-ogg-theora: a1e56fd34408186e4bbccfd4996cb3dc -> 
  custom:container-muxer-webm: aa71ff27fc2769a1b78a27578f13a17b -> 
  custom:container-demuxer-webm: 4f35f7cbe854078d1ac9338744f61a02 -> 
  custom:video-encoder-webm-vp8: eb34c28f22e8b96e1ab97ce403110664 -> 
  custom:video-codec-MediaFoundation-h265: 746d11721c4dcdbdad8f713fa42b33f4 -> 
  custom:audio-encoder-webm-vorbis: bf7c407c2cedff20999df2af8eb42d56 -> 
  custom:framework-win-MediaFoundation: 216162199b28c13a410421893ffa2e32 -> 
  custom:container-demuxer-ogg: 62fdf1f143b41e24485cea50d1cbac27 -> 
  custom:video-decoder-webm-vp8: 9c59270c3fd7afecdb556c50c9e8de78 -> 
  custom:audio-decoder-ogg-vorbis: bf7c407c2cedff20999df2af8eb42d56 -> 
========================================================================
Received Prepare
Registering precompiled user dll's ...
Registered in 0.009666 seconds.
Begin MonoManager ReloadAssembly
Native extension for WindowsStandalone target not found
Native extension for WebGL target not found
Refreshing native plugins compatible for Editor in 1.97 ms, found 4 plugins.
Preloading 0 native plugins for Editor in 0.00 ms.
Mono: successfully reloaded assembly
- Completed reload, in  2.295 seconds
Domain Reload Profiling:
	ReloadAssembly (2296ms)
		BeginReloadAssembly (300ms)
			ExecutionOrderSort (0ms)
			DisableScriptedObjects (8ms)
			BackupInstance (0ms)
			ReleaseScriptingObjects (0ms)
			CreateAndSetChildDomain (80ms)
		EndReloadAssembly (1804ms)
			LoadAssemblies (251ms)
			RebuildTransferFunctionScriptingTraits (0ms)
			SetupTypeCache (587ms)
			ReleaseScriptCaches (2ms)
			RebuildScriptCaches (112ms)
			SetupLoadedEditorAssemblies (788ms)
				LogAssemblyErrors (0ms)
				InitializePlatformSupportModulesInManaged (18ms)
				SetLoadedEditorAssemblies (2ms)
				RefreshPlugins (2ms)
				BeforeProcessingInitializeOnLoad (157ms)
				ProcessInitializeOnLoadAttributes (541ms)
				ProcessInitializeOnLoadMethodAttributes (51ms)
				AfterProcessingInitializeOnLoad (17ms)
				EditorAssembliesLoaded (0ms)
			ExecutionOrderSort2 (0ms)
			AwakeInstancesAfterBackupRestoration (14ms)
Platform modules already initialized, skipping
Refreshing native plugins compatible for Editor in 6.75 ms, found 4 plugins.
Preloading 0 native plugins for Editor in 0.00 ms.
Unloading 3458 Unused Serialized files (Serialized files now loaded: 0)
Unloading 33 unused Assets / (0.7 MB). Loaded Objects now: 4025.
Memory consumption went from 142.7 MB to 141.9 MB.
Total: 5.125700 ms (FindLiveObjects: 0.336200 ms CreateObjectMapping: 0.158600 ms MarkObjects: 4.078200 ms  DeleteObjects: 0.550100 ms)

AssetImportParameters requested are different than current active one (requested -> active):
  custom:video-decoder-ogg-theora: a1e56fd34408186e4bbccfd4996cb3dc -> 
  custom:container-muxer-webm: aa71ff27fc2769a1b78a27578f13a17b -> 
  custom:container-demuxer-webm: 4f35f7cbe854078d1ac9338744f61a02 -> 
  custom:video-encoder-webm-vp8: eb34c28f22e8b96e1ab97ce403110664 -> 
  custom:video-codec-MediaFoundation-h265: 746d11721c4dcdbdad8f713fa42b33f4 -> 
  custom:audio-encoder-webm-vorbis: bf7c407c2cedff20999df2af8eb42d56 -> 
  custom:framework-win-MediaFoundation: 216162199b28c13a410421893ffa2e32 -> 
  custom:container-demuxer-ogg: 62fdf1f143b41e24485cea50d1cbac27 -> 
  custom:video-decoder-webm-vp8: 9c59270c3fd7afecdb556c50c9e8de78 -> 
  custom:audio-decoder-ogg-vorbis: bf7c407c2cedff20999df2af8eb42d56 -> 
========================================================================
Received Import Request.
  Time since last request: 579.945113 seconds.
  path: Assets/Yaman/Level1-Tempolates/LevelOne.prefab
  artifactKey: Guid(7e37d464dfcbd504c957f8a18e95fe52) Importer(815301076,1909f56bfc062723c751e8b465ee728b)
Start importing Assets/Yaman/Level1-Tempolates/LevelOne.prefab using Guid(7e37d464dfcbd504c957f8a18e95fe52) Importer(815301076,1909f56bfc062723c751e8b465ee728b)  -> (artifact id: '701312174f2df924aa8041f506c85e69') in 0.318609 seconds 
========================================================================
Received Import Request.
  Time since last request: 2.449908 seconds.
  path: Assets/Yaman/Level1-Tempolates/Normal/straightPathTemplate (1).prefab
  artifactKey: Guid(48bca98e5bbd71345bcada15f31834d2) Importer(815301076,1909f56bfc062723c751e8b465ee728b)
Start importing Assets/Yaman/Level1-Tempolates/Normal/straightPathTemplate (1).prefab using Guid(48bca98e5bbd71345bcada15f31834d2) Importer(815301076,1909f56bfc062723c751e8b465ee728b)  -> (artifact id: 'd27cde6945e08c675857efa5839c0a08') in 0.046960 seconds 
========================================================================
Received Import Request.
  Time since last request: 0.000042 seconds.
  path: Assets/Yaman/Level1-Tempolates/Normal/wallCollection.prefab
  artifactKey: Guid(8e9ce7c9a65879d44b8d2b9db6ccec7b) Importer(815301076,1909f56bfc062723c751e8b465ee728b)
Start importing Assets/Yaman/Level1-Tempolates/Normal/wallCollection.prefab using Guid(8e9ce7c9a65879d44b8d2b9db6ccec7b) Importer(815301076,1909f56bfc062723c751e8b465ee728b)  -> (artifact id: '0b5c4cd0e8ddb04e98c61e5d982951f6') in 0.032220 seconds 
========================================================================
Received Import Request.
  Time since last request: 11.154053 seconds.
  path: Assets/Yaman/Level1-Tempolates/narrow/narrowCorridor_TShape.prefab
  artifactKey: Guid(a25ea195c70180f4ab047daf4bcd1d8e) Importer(815301076,1909f56bfc062723c751e8b465ee728b)
Start importing Assets/Yaman/Level1-Tempolates/narrow/narrowCorridor_TShape.prefab using Guid(a25ea195c70180f4ab047daf4bcd1d8e) Importer(815301076,1909f56bfc062723c751e8b465ee728b)  -> (artifact id: '133ffa9e35e90f786ec6ea9353f4339e') in 0.041852 seconds 
========================================================================
Received Import Request.
  Time since last request: 506.704904 seconds.
  path: Assets/Level 2 Simple Modular Dungeon/Prefabs/Arch & Pillars/Pillar Parent 002.prefab
  artifactKey: Guid(8bae6435dc12dd544bb07fd73f9aaea8) Importer(815301076,1909f56bfc062723c751e8b465ee728b)
Start importing Assets/Level 2 Simple Modular Dungeon/Prefabs/Arch & Pillars/Pillar Parent 002.prefab using Guid(8bae6435dc12dd544bb07fd73f9aaea8) Importer(815301076,1909f56bfc062723c751e8b465ee728b)  -> (artifact id: '7e39eae90578349e5fe79209485309a1') in 0.021443 seconds 
========================================================================
Received Import Request.
  Time since last request: 2.336576 seconds.
  path: Assets/Level 2 Simple Modular Dungeon/Prefabs/Floors & Stair/Floor Rock Parent 002.prefab
  artifactKey: Guid(a6aa9f20791939347bece85756b00ec6) Importer(815301076,1909f56bfc062723c751e8b465ee728b)
Start importing Assets/Level 2 Simple Modular Dungeon/Prefabs/Floors & Stair/Floor Rock Parent 002.prefab using Guid(a6aa9f20791939347bece85756b00ec6) Importer(815301076,1909f56bfc062723c751e8b465ee728b)  -> (artifact id: 'dcc1fb5a47028edd3d0683e0147d04b0') in 0.025212 seconds 
========================================================================
Received Import Request.
  Time since last request: 0.000036 seconds.
  path: Assets/Level 2 Simple Modular Dungeon/Prefabs/Floors & Stair/Floor Rock Parent 003.prefab
  artifactKey: Guid(3891422441a4c0e4a9e08e3ebdb20727) Importer(815301076,1909f56bfc062723c751e8b465ee728b)
Start importing Assets/Level 2 Simple Modular Dungeon/Prefabs/Floors & Stair/Floor Rock Parent 003.prefab using Guid(3891422441a4c0e4a9e08e3ebdb20727) Importer(815301076,1909f56bfc062723c751e8b465ee728b)  -> (artifact id: '12082d1a732db139803992862861a582') in 0.033713 seconds 
========================================================================
Received Import Request.
  Time since last request: 2.024872 seconds.
  path: Assets/Level 2 Simple Modular Dungeon/Prefabs/Light Sources/Stone Chalice Parent 001.prefab
  artifactKey: Guid(51d11766decae9140a012d7c173844a1) Importer(815301076,1909f56bfc062723c751e8b465ee728b)
Start importing Assets/Level 2 Simple Modular Dungeon/Prefabs/Light Sources/Stone Chalice Parent 001.prefab using Guid(51d11766decae9140a012d7c173844a1) Importer(815301076,1909f56bfc062723c751e8b465ee728b)  -> (artifact id: '257c1dcb9c67a0465309cc2faf79c37f') in 0.041163 seconds 
========================================================================
Received Import Request.
  Time since last request: 0.000026 seconds.
  path: Assets/Level 2 Simple Modular Dungeon/Prefabs/Light Sources/Water Grate Parent 001.prefab
  artifactKey: Guid(c23e31fa1d2ac1c4b808105671ec82dd) Importer(815301076,1909f56bfc062723c751e8b465ee728b)
Start importing Assets/Level 2 Simple Modular Dungeon/Prefabs/Light Sources/Water Grate Parent 001.prefab using Guid(c23e31fa1d2ac1c4b808105671ec82dd) Importer(815301076,1909f56bfc062723c751e8b465ee728b)  -> (artifact id: '6f2d86e07f3371fd2116bab15537b283') in 0.325208 seconds 
========================================================================
Received Import Request.
  Time since last request: 0.000034 seconds.
  path: Assets/Level 2 Simple Modular Dungeon/Prefabs/Light Sources/Torch Parent 002.prefab
  artifactKey: Guid(ccbfdc64594325c4ebfb2ccd9a074f8b) Importer(815301076,1909f56bfc062723c751e8b465ee728b)
Start importing Assets/Level 2 Simple Modular Dungeon/Prefabs/Light Sources/Torch Parent 002.prefab using Guid(ccbfdc64594325c4ebfb2ccd9a074f8b) Importer(815301076,1909f56bfc062723c751e8b465ee728b)  -> (artifact id: 'c6522186dbf311f16dde430f2cfebc7e') in 0.052293 seconds 
========================================================================
Received Prepare
Registering precompiled user dll's ...
Registered in 0.008176 seconds.
Begin MonoManager ReloadAssembly
Native extension for WindowsStandalone target not found
Native extension for WebGL target not found
Refreshing native plugins compatible for Editor in 1.55 ms, found 4 plugins.
Preloading 0 native plugins for Editor in 0.00 ms.
Mono: successfully reloaded assembly
- Completed reload, in  2.091 seconds
Domain Reload Profiling:
	ReloadAssembly (2092ms)
		BeginReloadAssembly (268ms)
			ExecutionOrderSort (0ms)
			DisableScriptedObjects (7ms)
			BackupInstance (0ms)
			ReleaseScriptingObjects (0ms)
			CreateAndSetChildDomain (67ms)
		EndReloadAssembly (1638ms)
			LoadAssemblies (218ms)
			RebuildTransferFunctionScriptingTraits (0ms)
			SetupTypeCache (734ms)
			ReleaseScriptCaches (3ms)
			RebuildScriptCaches (93ms)
			SetupLoadedEditorAssemblies (574ms)
				LogAssemblyErrors (0ms)
				InitializePlatformSupportModulesInManaged (11ms)
				SetLoadedEditorAssemblies (1ms)
				RefreshPlugins (2ms)
				BeforeProcessingInitializeOnLoad (94ms)
				ProcessInitializeOnLoadAttributes (417ms)
				ProcessInitializeOnLoadMethodAttributes (36ms)
				AfterProcessingInitializeOnLoad (13ms)
				EditorAssembliesLoaded (0ms)
			ExecutionOrderSort2 (0ms)
			AwakeInstancesAfterBackupRestoration (9ms)
Platform modules already initialized, skipping
Refreshing native plugins compatible for Editor in 4.59 ms, found 4 plugins.
Preloading 0 native plugins for Editor in 0.00 ms.
Unloading 3458 Unused Serialized files (Serialized files now loaded: 0)
Unloading 34 unused Assets / (0.7 MB). Loaded Objects now: 4041.
Memory consumption went from 143.1 MB to 142.4 MB.
Total: 5.091400 ms (FindLiveObjects: 0.274800 ms CreateObjectMapping: 0.110500 ms MarkObjects: 4.050000 ms  DeleteObjects: 0.654400 ms)

AssetImportParameters requested are different than current active one (requested -> active):
  custom:video-decoder-ogg-theora: a1e56fd34408186e4bbccfd4996cb3dc -> 
  custom:container-muxer-webm: aa71ff27fc2769a1b78a27578f13a17b -> 
  custom:container-demuxer-webm: 4f35f7cbe854078d1ac9338744f61a02 -> 
  custom:video-encoder-webm-vp8: eb34c28f22e8b96e1ab97ce403110664 -> 
  custom:video-codec-MediaFoundation-h265: 746d11721c4dcdbdad8f713fa42b33f4 -> 
  custom:audio-encoder-webm-vorbis: bf7c407c2cedff20999df2af8eb42d56 -> 
  custom:framework-win-MediaFoundation: 216162199b28c13a410421893ffa2e32 -> 
  custom:container-demuxer-ogg: 62fdf1f143b41e24485cea50d1cbac27 -> 
  custom:video-decoder-webm-vp8: 9c59270c3fd7afecdb556c50c9e8de78 -> 
  custom:audio-decoder-ogg-vorbis: bf7c407c2cedff20999df2af8eb42d56 -> 
========================================================================
Received Import Request.
  Time since last request: 739.349162 seconds.
  path: Assets/Level 2 Simple Modular Dungeon/Components/Texture Maps/ModularDungeonSeperatedMaterials_Black Stone (Candelabra Variation 001)_Height.png
  artifactKey: Guid(a67fa7cadb956864db1a3c4821706ecc) Importer(815301076,1909f56bfc062723c751e8b465ee728b)
Start importing Assets/Level 2 Simple Modular Dungeon/Components/Texture Maps/ModularDungeonSeperatedMaterials_Black Stone (Candelabra Variation 001)_Height.png using Guid(a67fa7cadb956864db1a3c4821706ecc) Importer(815301076,1909f56bfc062723c751e8b465ee728b)  -> (artifact id: '3ac3bfc9acfd3412593d44790152a9df') in 0.077014 seconds 
========================================================================
Received Import Request.
  Time since last request: 0.893002 seconds.
  path: Assets/Level 2 Simple Modular Dungeon/Components/Texture Maps/ModularDungeonSeperatedMaterials_Black Stone (Candelabra Variation 001)_Metallic.png
  artifactKey: Guid(8496ca3368c1c9144974788980b7a1eb) Importer(815301076,1909f56bfc062723c751e8b465ee728b)
Start importing Assets/Level 2 Simple Modular Dungeon/Components/Texture Maps/ModularDungeonSeperatedMaterials_Black Stone (Candelabra Variation 001)_Metallic.png using Guid(8496ca3368c1c9144974788980b7a1eb) Importer(815301076,1909f56bfc062723c751e8b465ee728b)  -> (artifact id: '29ab90af6c37980e341ca16e8f30d576') in 0.011495 seconds 
========================================================================
Received Import Request.
  Time since last request: 0.001857 seconds.
  path: Assets/Level 2 Simple Modular Dungeon/Components/Texture Maps/ModularDungeonSeperatedMaterials_Book Binding (Book Variation 001)_Albedo.png
  artifactKey: Guid(3e6b9ebf19404fd49b8aebcd9c349e18) Importer(815301076,1909f56bfc062723c751e8b465ee728b)
Start importing Assets/Level 2 Simple Modular Dungeon/Components/Texture Maps/ModularDungeonSeperatedMaterials_Book Binding (Book Variation 001)_Albedo.png using Guid(3e6b9ebf19404fd49b8aebcd9c349e18) Importer(815301076,1909f56bfc062723c751e8b465ee728b)  -> (artifact id: 'a991d97a30665f0a90f5b3c307d568b1') in 0.012807 seconds 
========================================================================
Received Import Request.
  Time since last request: 0.011220 seconds.
  path: Assets/Level 2 Simple Modular Dungeon/Components/Texture Maps/ModularDungeonSeperatedMaterials_Book Binding (Book Variation 001)_BaseMap.png
  artifactKey: Guid(1bf858c5762b4c34e87713e8df401e1d) Importer(815301076,1909f56bfc062723c751e8b465ee728b)
Start importing Assets/Level 2 Simple Modular Dungeon/Components/Texture Maps/ModularDungeonSeperatedMaterials_Book Binding (Book Variation 001)_BaseMap.png using Guid(1bf858c5762b4c34e87713e8df401e1d) Importer(815301076,1909f56bfc062723c751e8b465ee728b)  -> (artifact id: '45f346bb93cc8df4fe86be34f7ce6966') in 0.016189 seconds 
========================================================================
Received Import Request.
  Time since last request: 0.006672 seconds.
  path: Assets/Level 2 Simple Modular Dungeon/Components/Texture Maps/ModularDungeonSeperatedMaterials_Book Binding (Book Variation 001)_MaskMap.png
  artifactKey: Guid(da10b1cd4cfb64c449c5849fc4283427) Importer(815301076,1909f56bfc062723c751e8b465ee728b)
Start importing Assets/Level 2 Simple Modular Dungeon/Components/Texture Maps/ModularDungeonSeperatedMaterials_Book Binding (Book Variation 001)_MaskMap.png using Guid(da10b1cd4cfb64c449c5849fc4283427) Importer(815301076,1909f56bfc062723c751e8b465ee728b)  -> (artifact id: '3253d4001d5284e662c7f1a59568b761') in 0.015122 seconds 
========================================================================
Received Import Request.
  Time since last request: 0.006805 seconds.
  path: Assets/Level 2 Simple Modular Dungeon/Components/Texture Maps/ModularDungeonSeperatedMaterials_Book Binding (Book Variation 001)_Normal.png
  artifactKey: Guid(6dbec5dfbb81c614887e45c0896eea19) Importer(815301076,1909f56bfc062723c751e8b465ee728b)
Start importing Assets/Level 2 Simple Modular Dungeon/Components/Texture Maps/ModularDungeonSeperatedMaterials_Book Binding (Book Variation 001)_Normal.png using Guid(6dbec5dfbb81c614887e45c0896eea19) Importer(815301076,1909f56bfc062723c751e8b465ee728b)  -> (artifact id: '9920b63e9369f335b5d52d84a810a8db') in 0.020060 seconds 
========================================================================
Received Import Request.
  Time since last request: 0.000024 seconds.
  path: Assets/Level 2 Simple Modular Dungeon/Components/Texture Maps/ModularDungeonSeperatedMaterials_Book Binding (Book Variation 002)_AmbientOcclusion.png
  artifactKey: Guid(95d9278287a5c544e9afd7457d4e2fa2) Importer(815301076,1909f56bfc062723c751e8b465ee728b)
Start importing Assets/Level 2 Simple Modular Dungeon/Components/Texture Maps/ModularDungeonSeperatedMaterials_Book Binding (Book Variation 002)_AmbientOcclusion.png using Guid(95d9278287a5c544e9afd7457d4e2fa2) Importer(815301076,1909f56bfc062723c751e8b465ee728b)  -> (artifact id: '62bbb6c9d30e337f77bbc62a9a84babf') in 0.015266 seconds 
========================================================================
Received Import Request.
  Time since last request: 0.000036 seconds.
  path: Assets/Level 2 Simple Modular Dungeon/Components/Texture Maps/ModularDungeonSeperatedMaterials_Book Binding (Book Variation 002)_BaseMap.png
  artifactKey: Guid(bf94c16625ff6ba4981a92a7f8a674da) Importer(815301076,1909f56bfc062723c751e8b465ee728b)
Start importing Assets/Level 2 Simple Modular Dungeon/Components/Texture Maps/ModularDungeonSeperatedMaterials_Book Binding (Book Variation 002)_BaseMap.png using Guid(bf94c16625ff6ba4981a92a7f8a674da) Importer(815301076,1909f56bfc062723c751e8b465ee728b)  -> (artifact id: '57611157a11f7f550800aa098b1ab9eb') in 0.016662 seconds 
========================================================================
Received Import Request.
  Time since last request: 0.183873 seconds.
  path: Assets/Level 2 Simple Modular Dungeon/Components/Texture Maps/ModularDungeonSeperatedMaterials_Book Binding (Book Variation 002)_Metallic.png
  artifactKey: Guid(9e62eda20b1cfae4d91fb3bbe045fac4) Importer(815301076,1909f56bfc062723c751e8b465ee728b)
Start importing Assets/Level 2 Simple Modular Dungeon/Components/Texture Maps/ModularDungeonSeperatedMaterials_Book Binding (Book Variation 002)_Metallic.png using Guid(9e62eda20b1cfae4d91fb3bbe045fac4) Importer(815301076,1909f56bfc062723c751e8b465ee728b)  -> (artifact id: '80ac31b355c391b4671cabf510c75106') in 0.014890 seconds 
========================================================================
Received Import Request.
  Time since last request: 0.000025 seconds.
  path: Assets/Level 2 Simple Modular Dungeon/Components/Texture Maps/ModularDungeonSeperatedMaterials_Book Binding (Book Variation 003)_Albedo.png
  artifactKey: Guid(cac87a58d4de50d428cc522921dd2073) Importer(815301076,1909f56bfc062723c751e8b465ee728b)
Start importing Assets/Level 2 Simple Modular Dungeon/Components/Texture Maps/ModularDungeonSeperatedMaterials_Book Binding (Book Variation 003)_Albedo.png using Guid(cac87a58d4de50d428cc522921dd2073) Importer(815301076,1909f56bfc062723c751e8b465ee728b)  -> (artifact id: 'af9a303ae52e2d82c1eae858e4e83710') in 0.014094 seconds 
========================================================================
Received Import Request.
  Time since last request: 0.000026 seconds.
  path: Assets/Level 2 Simple Modular Dungeon/Components/Texture Maps/ModularDungeonSeperatedMaterials_Book Binding (Book Variation 003)_BaseMap.png
  artifactKey: Guid(f6fcaa167bd9203429bd3b9f5d03acb3) Importer(815301076,1909f56bfc062723c751e8b465ee728b)
Start importing Assets/Level 2 Simple Modular Dungeon/Components/Texture Maps/ModularDungeonSeperatedMaterials_Book Binding (Book Variation 003)_BaseMap.png using Guid(f6fcaa167bd9203429bd3b9f5d03acb3) Importer(815301076,1909f56bfc062723c751e8b465ee728b)  -> (artifact id: '3ba4db96d43e4c7818ce84bdd60af9ee') in 0.013244 seconds 
========================================================================
Received Import Request.
  Time since last request: 0.000038 seconds.
  path: Assets/Level 2 Simple Modular Dungeon/Components/Texture Maps/ModularDungeonSeperatedMaterials_Book Binding (Book Variation 003)_MaskMap.png
  artifactKey: Guid(7d414b46ff4fc954a8c23a713132fea6) Importer(815301076,1909f56bfc062723c751e8b465ee728b)
Start importing Assets/Level 2 Simple Modular Dungeon/Components/Texture Maps/ModularDungeonSeperatedMaterials_Book Binding (Book Variation 003)_MaskMap.png using Guid(7d414b46ff4fc954a8c23a713132fea6) Importer(815301076,1909f56bfc062723c751e8b465ee728b)  -> (artifact id: 'f2295dcb6a76b24faf230ee03d9143fb') in 0.013316 seconds 
========================================================================
Received Import Request.
  Time since last request: 0.000023 seconds.
  path: Assets/Level 2 Simple Modular Dungeon/Components/Texture Maps/ModularDungeonSeperatedMaterials_Book Binding (Book Variation 003)_Normal.png
  artifactKey: Guid(7307aa5cf14b0c746a55148f3ff926ab) Importer(815301076,1909f56bfc062723c751e8b465ee728b)
Start importing Assets/Level 2 Simple Modular Dungeon/Components/Texture Maps/ModularDungeonSeperatedMaterials_Book Binding (Book Variation 003)_Normal.png using Guid(7307aa5cf14b0c746a55148f3ff926ab) Importer(815301076,1909f56bfc062723c751e8b465ee728b)  -> (artifact id: '780b52b91d5ca32da79c3e182ca437c1') in 0.012648 seconds 
========================================================================
Received Import Request.
  Time since last request: 0.000031 seconds.
  path: Assets/Level 2 Simple Modular Dungeon/Components/Texture Maps/ModularDungeonSeperatedMaterials_Book Binding (Book Variation 004)_AmbientOcclusion.png
  artifactKey: Guid(346cccb12e6959a41b9e52a0ae886573) Importer(815301076,1909f56bfc062723c751e8b465ee728b)
Start importing Assets/Level 2 Simple Modular Dungeon/Components/Texture Maps/ModularDungeonSeperatedMaterials_Book Binding (Book Variation 004)_AmbientOcclusion.png using Guid(346cccb12e6959a41b9e52a0ae886573) Importer(815301076,1909f56bfc062723c751e8b465ee728b)  -> (artifact id: 'f7ac9af55b7ea3e39e29a89e0e33bdf3') in 0.011244 seconds 
========================================================================
Received Import Request.
  Time since last request: 0.009370 seconds.
  path: Assets/Level 2 Simple Modular Dungeon/Components/Texture Maps/ModularDungeonSeperatedMaterials_Book Binding (Book Variation 004)_BaseMap.png
  artifactKey: Guid(dd20e397547cdf64f939bfe2abd1e80a) Importer(815301076,1909f56bfc062723c751e8b465ee728b)
Start importing Assets/Level 2 Simple Modular Dungeon/Components/Texture Maps/ModularDungeonSeperatedMaterials_Book Binding (Book Variation 004)_BaseMap.png using Guid(dd20e397547cdf64f939bfe2abd1e80a) Importer(815301076,1909f56bfc062723c751e8b465ee728b)  -> (artifact id: 'bcb394cbb60c0220d707bac5cc1cec19') in 0.021868 seconds 
========================================================================
Received Import Request.
  Time since last request: 0.000043 seconds.
  path: Assets/Level 2 Simple Modular Dungeon/Components/Texture Maps/ModularDungeonSeperatedMaterials_Book Binding (Book Variation 004)_Height.png
  artifactKey: Guid(5a0ec6828f5169c438a128c21d662a03) Importer(815301076,1909f56bfc062723c751e8b465ee728b)
Start importing Assets/Level 2 Simple Modular Dungeon/Components/Texture Maps/ModularDungeonSeperatedMaterials_Book Binding (Book Variation 004)_Height.png using Guid(5a0ec6828f5169c438a128c21d662a03) Importer(815301076,1909f56bfc062723c751e8b465ee728b)  -> (artifact id: 'a310d187c6176d58ae3333a2a0393e26') in 0.014294 seconds 
========================================================================
Received Import Request.
  Time since last request: 0.000036 seconds.
  path: Assets/Level 2 Simple Modular Dungeon/Components/Texture Maps/ModularDungeonSeperatedMaterials_Book Binding (Book Variation 004)_Normal.png
  artifactKey: Guid(9111b2982cd3fd047946e847b97e5917) Importer(815301076,1909f56bfc062723c751e8b465ee728b)
Start importing Assets/Level 2 Simple Modular Dungeon/Components/Texture Maps/ModularDungeonSeperatedMaterials_Book Binding (Book Variation 004)_Normal.png using Guid(9111b2982cd3fd047946e847b97e5917) Importer(815301076,1909f56bfc062723c751e8b465ee728b)  -> (artifact id: '456bf785f797c1c217827d378eb71a66') in 0.020798 seconds 
========================================================================
Received Import Request.
  Time since last request: 0.000040 seconds.
  path: Assets/Level 2 Simple Modular Dungeon/Components/Texture Maps/ModularDungeonSeperatedMaterials_Book Binding (Book Variation 005)_Albedo.png
  artifactKey: Guid(33279bfcfdd74ea44837a303c7994561) Importer(815301076,1909f56bfc062723c751e8b465ee728b)
Start importing Assets/Level 2 Simple Modular Dungeon/Components/Texture Maps/ModularDungeonSeperatedMaterials_Book Binding (Book Variation 005)_Albedo.png using Guid(33279bfcfdd74ea44837a303c7994561) Importer(815301076,1909f56bfc062723c751e8b465ee728b)  -> (artifact id: '02375dc117c3d3270e989cc038e65de7') in 0.059093 seconds 
========================================================================
Received Import Request.
  Time since last request: 0.040137 seconds.
  path: Assets/Level 2 Simple Modular Dungeon/Components/Texture Maps/ModularDungeonSeperatedMaterials_Book Binding (Book Variation 005)_MaskMap.png
  artifactKey: Guid(093bc54443dcdd64e8b30965df2d2b25) Importer(815301076,1909f56bfc062723c751e8b465ee728b)
Start importing Assets/Level 2 Simple Modular Dungeon/Components/Texture Maps/ModularDungeonSeperatedMaterials_Book Binding (Book Variation 005)_MaskMap.png using Guid(093bc54443dcdd64e8b30965df2d2b25) Importer(815301076,1909f56bfc062723c751e8b465ee728b)  -> (artifact id: '675c1518fc65a9d0e8b3a4bd212ca1dd') in 0.024397 seconds 
========================================================================
Received Import Request.
  Time since last request: 0.000030 seconds.
  path: Assets/Level 2 Simple Modular Dungeon/Components/Texture Maps/ModularDungeonSeperatedMaterials_Book Binding (Book Variation 005)_Metallic.png
  artifactKey: Guid(a384581554714654fa95bc3ef19d8691) Importer(815301076,1909f56bfc062723c751e8b465ee728b)
Start importing Assets/Level 2 Simple Modular Dungeon/Components/Texture Maps/ModularDungeonSeperatedMaterials_Book Binding (Book Variation 005)_Metallic.png using Guid(a384581554714654fa95bc3ef19d8691) Importer(815301076,1909f56bfc062723c751e8b465ee728b)  -> (artifact id: 'dda4f862ccd38af4b720cdeedf877f9c') in 0.070906 seconds 
========================================================================
Received Import Request.
  Time since last request: 0.000045 seconds.
  path: Assets/Level 2 Simple Modular Dungeon/Components/Texture Maps/ModularDungeonSeperatedMaterials_Book Binding (Book Variation 007)_BaseMap.png
  artifactKey: Guid(01f607f17b1cf6745b8b7c6bb1a853c2) Importer(815301076,1909f56bfc062723c751e8b465ee728b)
Start importing Assets/Level 2 Simple Modular Dungeon/Components/Texture Maps/ModularDungeonSeperatedMaterials_Book Binding (Book Variation 007)_BaseMap.png using Guid(01f607f17b1cf6745b8b7c6bb1a853c2) Importer(815301076,1909f56bfc062723c751e8b465ee728b)  -> (artifact id: '9529640a3ba53586159e85931bb0c4bc') in 0.085948 seconds 
========================================================================
Received Import Request.
  Time since last request: 0.000051 seconds.
  path: Assets/Level 2 Simple Modular Dungeon/Components/Texture Maps/ModularDungeonSeperatedMaterials_Book Binding (Book Variation 008)_Metallic.png
  artifactKey: Guid(2e3b80268b2342b4a8321ecac77a7e13) Importer(815301076,1909f56bfc062723c751e8b465ee728b)
Start importing Assets/Level 2 Simple Modular Dungeon/Components/Texture Maps/ModularDungeonSeperatedMaterials_Book Binding (Book Variation 008)_Metallic.png using Guid(2e3b80268b2342b4a8321ecac77a7e13) Importer(815301076,1909f56bfc062723c751e8b465ee728b)  -> (artifact id: '52a37df6ad75f7d623a5eb604eaffa59') in 0.034684 seconds 
========================================================================
Received Import Request.
  Time since last request: 0.000074 seconds.
  path: Assets/Level 2 Simple Modular Dungeon/Components/Texture Maps/ModularDungeonSeperatedMaterials_Book Binding (Book Variation 008)_Height.png
  artifactKey: Guid(df040e2ede372404b8912d66c82b63c9) Importer(815301076,1909f56bfc062723c751e8b465ee728b)
Start importing Assets/Level 2 Simple Modular Dungeon/Components/Texture Maps/ModularDungeonSeperatedMaterials_Book Binding (Book Variation 008)_Height.png using Guid(df040e2ede372404b8912d66c82b63c9) Importer(815301076,1909f56bfc062723c751e8b465ee728b)  -> (artifact id: '2aae562460a379d7e2190632e2196325') in 0.084528 seconds 
========================================================================
Received Import Request.
  Time since last request: 0.000033 seconds.
  path: Assets/Level 2 Simple Modular Dungeon/Components/Texture Maps/ModularDungeonSeperatedMaterials_Book Binding (Book Variation 009)_Normal.png
  artifactKey: Guid(ca4252b1ab045534b9868eca817d2a1d) Importer(815301076,1909f56bfc062723c751e8b465ee728b)
Start importing Assets/Level 2 Simple Modular Dungeon/Components/Texture Maps/ModularDungeonSeperatedMaterials_Book Binding (Book Variation 009)_Normal.png using Guid(ca4252b1ab045534b9868eca817d2a1d) Importer(815301076,1909f56bfc062723c751e8b465ee728b)  -> (artifact id: '56fd826489d84c45ef41e25174b64aed') in 0.014991 seconds 
========================================================================
Received Import Request.
  Time since last request: 0.000029 seconds.
  path: Assets/Level 2 Simple Modular Dungeon/Components/Texture Maps/ModularDungeonSeperatedMaterials_Book Binding (Book Variation 006)_BaseMap.png
  artifactKey: Guid(9bee80219c296fd4f9b0cc8088f2138f) Importer(815301076,1909f56bfc062723c751e8b465ee728b)
Start importing Assets/Level 2 Simple Modular Dungeon/Components/Texture Maps/ModularDungeonSeperatedMaterials_Book Binding (Book Variation 006)_BaseMap.png using Guid(9bee80219c296fd4f9b0cc8088f2138f) Importer(815301076,1909f56bfc062723c751e8b465ee728b)  -> (artifact id: 'db3e326f6c73f89f695bad4e2da370f8') in 0.019600 seconds 
========================================================================
Received Import Request.
  Time since last request: 0.000049 seconds.
  path: Assets/Level 2 Simple Modular Dungeon/Components/Texture Maps/ModularDungeonSeperatedMaterials_Book Binding (Book Variation 009)_Metallic.png
  artifactKey: Guid(aef6610d35edba34d9f2d8224562c5b0) Importer(815301076,1909f56bfc062723c751e8b465ee728b)
Start importing Assets/Level 2 Simple Modular Dungeon/Components/Texture Maps/ModularDungeonSeperatedMaterials_Book Binding (Book Variation 009)_Metallic.png using Guid(aef6610d35edba34d9f2d8224562c5b0) Importer(815301076,1909f56bfc062723c751e8b465ee728b)  -> (artifact id: 'a6a0d2ec74e27ccd868301ed3c3a1e09') in 0.016703 seconds 
========================================================================
Received Import Request.
  Time since last request: 0.000025 seconds.
  path: Assets/Level 2 Simple Modular Dungeon/Components/Texture Maps/ModularDungeonSeperatedMaterials_Book Binding (Book Variation 007)_MaskMap.png
  artifactKey: Guid(9f61509d019a72e4d827659d39754090) Importer(815301076,1909f56bfc062723c751e8b465ee728b)
Start importing Assets/Level 2 Simple Modular Dungeon/Components/Texture Maps/ModularDungeonSeperatedMaterials_Book Binding (Book Variation 007)_MaskMap.png using Guid(9f61509d019a72e4d827659d39754090) Importer(815301076,1909f56bfc062723c751e8b465ee728b)  -> (artifact id: '565a947f61fe8a4e275d9f4e32f20423') in 0.016931 seconds 
========================================================================
Received Import Request.
  Time since last request: 0.000042 seconds.
  path: Assets/Level 2 Simple Modular Dungeon/Components/Texture Maps/ModularDungeonSeperatedMaterials_Book Binding (Book Variation 010)_Metallic.png
  artifactKey: Guid(48c944d5c20d8414a9e1991c22922fc1) Importer(815301076,1909f56bfc062723c751e8b465ee728b)
Start importing Assets/Level 2 Simple Modular Dungeon/Components/Texture Maps/ModularDungeonSeperatedMaterials_Book Binding (Book Variation 010)_Metallic.png using Guid(48c944d5c20d8414a9e1991c22922fc1) Importer(815301076,1909f56bfc062723c751e8b465ee728b)  -> (artifact id: '9bfb502d24fdf2f86427bfd7a55e766e') in 0.014507 seconds 
========================================================================
Received Import Request.
  Time since last request: 0.000047 seconds.
  path: Assets/Level 2 Simple Modular Dungeon/Components/Texture Maps/ModularDungeonSeperatedMaterials_Book Binding (Book Variation 006)_Normal.png
  artifactKey: Guid(8192bf71764370c4695d39872f455a67) Importer(815301076,1909f56bfc062723c751e8b465ee728b)
Start importing Assets/Level 2 Simple Modular Dungeon/Components/Texture Maps/ModularDungeonSeperatedMaterials_Book Binding (Book Variation 006)_Normal.png using Guid(8192bf71764370c4695d39872f455a67) Importer(815301076,1909f56bfc062723c751e8b465ee728b)  -> (artifact id: '750dbef3b56839d888cf7bfe90376dda') in 0.017072 seconds 
========================================================================
Received Import Request.
  Time since last request: 0.000048 seconds.
  path: Assets/Level 2 Simple Modular Dungeon/Components/Texture Maps/ModularDungeonSeperatedMaterials_Book Binding (Book Variation 008)_MaskMap.png
  artifactKey: Guid(c2a6b47fbcea62e4a82d6aa7a25cd2af) Importer(815301076,1909f56bfc062723c751e8b465ee728b)
Start importing Assets/Level 2 Simple Modular Dungeon/Components/Texture Maps/ModularDungeonSeperatedMaterials_Book Binding (Book Variation 008)_MaskMap.png using Guid(c2a6b47fbcea62e4a82d6aa7a25cd2af) Importer(815301076,1909f56bfc062723c751e8b465ee728b)  -> (artifact id: '3395bca024a3e2d30998bace511b3e64') in 0.016280 seconds 
========================================================================
Received Import Request.
  Time since last request: 0.000032 seconds.
  path: Assets/Level 2 Simple Modular Dungeon/Components/Texture Maps/ModularDungeonSeperatedMaterials_Book Binding (Book Variation 010)_BaseMap.png
  artifactKey: Guid(7b80924c525ddb547b01319107c40e06) Importer(815301076,1909f56bfc062723c751e8b465ee728b)
Start importing Assets/Level 2 Simple Modular Dungeon/Components/Texture Maps/ModularDungeonSeperatedMaterials_Book Binding (Book Variation 010)_BaseMap.png using Guid(7b80924c525ddb547b01319107c40e06) Importer(815301076,1909f56bfc062723c751e8b465ee728b)  -> (artifact id: '3c98fc634f90640c09b160e58e44d304') in 0.015404 seconds 
========================================================================
Received Import Request.
  Time since last request: 0.000051 seconds.
  path: Assets/Level 2 Simple Modular Dungeon/Components/Texture Maps/ModularDungeonSeperatedMaterials_Book Binding (Book Variation 009)_MaskMap.png
  artifactKey: Guid(ca720acc17d7b484dbb9c168d5d81cfe) Importer(815301076,1909f56bfc062723c751e8b465ee728b)
Start importing Assets/Level 2 Simple Modular Dungeon/Components/Texture Maps/ModularDungeonSeperatedMaterials_Book Binding (Book Variation 009)_MaskMap.png using Guid(ca720acc17d7b484dbb9c168d5d81cfe) Importer(815301076,1909f56bfc062723c751e8b465ee728b)  -> (artifact id: '3708be6ff085a5ad0537c7821f58f03c') in 0.016380 seconds 
========================================================================
Received Import Request.
  Time since last request: 0.000029 seconds.
  path: Assets/Level 2 Simple Modular Dungeon/Components/Texture Maps/ModularDungeonSeperatedMaterials_Book Binding (Book Variation 010)_Albedo.png
  artifactKey: Guid(8e13840ae26393f4ba76d5a47d476301) Importer(815301076,1909f56bfc062723c751e8b465ee728b)
Start importing Assets/Level 2 Simple Modular Dungeon/Components/Texture Maps/ModularDungeonSeperatedMaterials_Book Binding (Book Variation 010)_Albedo.png using Guid(8e13840ae26393f4ba76d5a47d476301) Importer(815301076,1909f56bfc062723c751e8b465ee728b)  -> (artifact id: 'f49a910559774f1bd37f85e7222a078e') in 0.015317 seconds 
========================================================================
Received Import Request.
  Time since last request: 0.000026 seconds.
  path: Assets/Level 2 Simple Modular Dungeon/Components/Texture Maps/ModularDungeonSeperatedMaterials_Book Binding (Book Variation 008)_Normal.png
  artifactKey: Guid(910f369f747bc9643989cce7b83f4ded) Importer(815301076,1909f56bfc062723c751e8b465ee728b)
Start importing Assets/Level 2 Simple Modular Dungeon/Components/Texture Maps/ModularDungeonSeperatedMaterials_Book Binding (Book Variation 008)_Normal.png using Guid(910f369f747bc9643989cce7b83f4ded) Importer(815301076,1909f56bfc062723c751e8b465ee728b)  -> (artifact id: 'c7d177aa7582bebe33c8d12b8d3d445b') in 0.028346 seconds 
========================================================================
Received Import Request.
  Time since last request: 0.000029 seconds.
  path: Assets/Level 2 Simple Modular Dungeon/Components/Texture Maps/ModularDungeonSeperatedMaterials_Book Binding (Book Variation 006)_Albedo.png
  artifactKey: Guid(632826575c7c3e947ad09d80d4a89347) Importer(815301076,1909f56bfc062723c751e8b465ee728b)
Start importing Assets/Level 2 Simple Modular Dungeon/Components/Texture Maps/ModularDungeonSeperatedMaterials_Book Binding (Book Variation 006)_Albedo.png using Guid(632826575c7c3e947ad09d80d4a89347) Importer(815301076,1909f56bfc062723c751e8b465ee728b)  -> (artifact id: '4e3eea06da3bcf5aafc4334240ad0d09') in 0.016436 seconds 
========================================================================
Received Import Request.
  Time since last request: 0.000025 seconds.
  path: Assets/Level 2 Simple Modular Dungeon/Components/Texture Maps/ModularDungeonSeperatedMaterials_Book Binding (Book Variation 007)_Normal.png
  artifactKey: Guid(ef50e3721ff332f4e93d1e582495115c) Importer(815301076,1909f56bfc062723c751e8b465ee728b)
Start importing Assets/Level 2 Simple Modular Dungeon/Components/Texture Maps/ModularDungeonSeperatedMaterials_Book Binding (Book Variation 007)_Normal.png using Guid(ef50e3721ff332f4e93d1e582495115c) Importer(815301076,1909f56bfc062723c751e8b465ee728b)  -> (artifact id: '25189e02bf7511e039a54667873fc464') in 0.016914 seconds 
Editor requested this worker to shutdown with reason: Scaling down because of idle timeout
AssetImportWorker is now disconnected from the server
Process exiting
Exiting without the bug reporter. Application will terminate with return code 0