Using pre-set license
Built from '2021.3/staging' branch; Version is '2021.3.24f1 (cf10dcf7010d) revision 13570268'; Using compiler version '192829333'; Build Type 'Release'
OS: 'Windows 11  (10.0.22631) 64bit Core' Language: 'en' Physical Memory: 16108 MB
BatchMode: 1, IsHumanControllingUs: 0, StartBugReporterOnCrash: 0, Is64bit: 1, IsPro: 1

COMMAND LINE ARGUMENTS:
C:\Program Files\Unity\Hub\Editor\2021.3.24f1\Editor\Unity.exe
-adb2
-batchMode
-noUpm
-name
AssetImportWorker0
-projectPath
C:/Users/logan/Unity/Projects/Game-Dev-Project
-logFile
Logs/AssetImportWorker0.log
-srvPort
49457
Successfully changed project path to: C:/Users/logan/Unity/Projects/Game-Dev-Project
C:/Users/logan/Unity/Projects/Game-Dev-Project
[UnityMemory] Configuration Parameters - Can be set up in boot.config
    "memorysetup-bucket-allocator-granularity=16"
    "memorysetup-bucket-allocator-bucket-count=8"
    "memorysetup-bucket-allocator-block-size=33554432"
    "memorysetup-bucket-allocator-block-count=8"
    "memorysetup-main-allocator-block-size=16777216"
    "memorysetup-thread-allocator-block-size=16777216"
    "memorysetup-gfx-main-allocator-block-size=16777216"
    "memorysetup-gfx-thread-allocator-block-size=16777216"
    "memorysetup-cache-allocator-block-size=4194304"
    "memorysetup-typetree-allocator-block-size=2097152"
    "memorysetup-profiler-bucket-allocator-granularity=16"
    "memorysetup-profiler-bucket-allocator-bucket-count=8"
    "memorysetup-profiler-bucket-allocator-block-size=33554432"
    "memorysetup-profiler-bucket-allocator-block-count=8"
    "memorysetup-profiler-allocator-block-size=16777216"
    "memorysetup-profiler-editor-allocator-block-size=1048576"
    "memorysetup-temp-allocator-size-main=16777216"
    "memorysetup-job-temp-allocator-block-size=2097152"
    "memorysetup-job-temp-allocator-block-size-background=1048576"
    "memorysetup-job-temp-allocator-reduction-small-platforms=262144"
    "memorysetup-temp-allocator-size-background-worker=32768"
    "memorysetup-temp-allocator-size-job-worker=262144"
    "memorysetup-temp-allocator-size-preload-manager=33554432"
    "memorysetup-temp-allocator-size-nav-mesh-worker=65536"
    "memorysetup-temp-allocator-size-audio-worker=65536"
    "memorysetup-temp-allocator-size-cloud-worker=32768"
    "memorysetup-temp-allocator-size-gi-baking-worker=262144"
    "memorysetup-temp-allocator-size-gfx=262144"
Player connection [18156] Host "[IP] 192.168.56.1 [Port] 0 [Flags] 2 [Guid] 628517837 [EditorId] 628517837 [Version] 1048832 [Id] WindowsEditor(7,LoganPC) [Debug] 1 [PackageName] WindowsEditor [ProjectName] Editor" joined multi-casting on [225.0.0.222:54997]...

Player connection [18156] Host "[IP] 192.168.56.1 [Port] 0 [Flags] 2 [Guid] 628517837 [EditorId] 628517837 [Version] 1048832 [Id] WindowsEditor(7,LoganPC) [Debug] 1 [PackageName] WindowsEditor [ProjectName] Editor" joined alternative multi-casting on [225.0.0.222:34997]...

Refreshing native plugins compatible for Editor in 51.55 ms, found 4 plugins.
Preloading 0 native plugins for Editor in 0.00 ms.
Initialize engine version: 2021.3.24f1 (cf10dcf7010d)
[Subsystems] Discovering subsystems at path C:/Program Files/Unity/Hub/Editor/2021.3.24f1/Editor/Data/Resources/UnitySubsystems
[Subsystems] Discovering subsystems at path C:/Users/logan/Unity/Projects/Game-Dev-Project/Assets
GfxDevice: creating device client; threaded=0; jobified=0
Direct3D:
    Version:  Direct3D 11.0 [level 11.1]
    Renderer: NVIDIA GeForce RTX 3070 Laptop GPU (ID=0x249d)
    Vendor:   NVIDIA
    VRAM:     8020 MB
    Driver:   31.0.15.5222
Initialize mono
Mono path[0] = 'C:/Program Files/Unity/Hub/Editor/2021.3.24f1/Editor/Data/Managed'
Mono path[1] = 'C:/Program Files/Unity/Hub/Editor/2021.3.24f1/Editor/Data/MonoBleedingEdge/lib/mono/unityjit-win32'
Mono config path = 'C:/Program Files/Unity/Hub/Editor/2021.3.24f1/Editor/Data/MonoBleedingEdge/etc'
Using monoOptions --debugger-agent=transport=dt_socket,embedding=1,server=y,suspend=n,address=127.0.0.1:56896
Begin MonoManager ReloadAssembly
Registering precompiled unity dll's ...
Register platform support module: C:/Program Files/Unity/Hub/Editor/2021.3.24f1/Editor/Data/PlaybackEngines/WindowsStandaloneSupport/UnityEditor.WindowsStandalone.Extensions.dll
Registered in 0.002294 seconds.
Native extension for WindowsStandalone target not found
Refreshing native plugins compatible for Editor in 52.79 ms, found 4 plugins.
Preloading 0 native plugins for Editor in 0.00 ms.
Mono: successfully reloaded assembly
- Completed reload, in  0.434 seconds
Domain Reload Profiling:
	ReloadAssembly (434ms)
		BeginReloadAssembly (55ms)
			ExecutionOrderSort (0ms)
			DisableScriptedObjects (0ms)
			BackupInstance (0ms)
			ReleaseScriptingObjects (0ms)
			CreateAndSetChildDomain (1ms)
		EndReloadAssembly (315ms)
			LoadAssemblies (54ms)
			RebuildTransferFunctionScriptingTraits (0ms)
			SetupTypeCache (71ms)
			ReleaseScriptCaches (0ms)
			RebuildScriptCaches (20ms)
			SetupLoadedEditorAssemblies (185ms)
				LogAssemblyErrors (0ms)
				InitializePlatformSupportModulesInManaged (5ms)
				SetLoadedEditorAssemblies (0ms)
				RefreshPlugins (53ms)
				BeforeProcessingInitializeOnLoad (1ms)
				ProcessInitializeOnLoadAttributes (96ms)
				ProcessInitializeOnLoadMethodAttributes (31ms)
				AfterProcessingInitializeOnLoad (0ms)
				EditorAssembliesLoaded (0ms)
			ExecutionOrderSort2 (0ms)
			AwakeInstancesAfterBackupRestoration (0ms)
Platform modules already initialized, skipping
Registering precompiled user dll's ...
Registered in 0.002545 seconds.
Begin MonoManager ReloadAssembly
Native extension for WindowsStandalone target not found
Refreshing native plugins compatible for Editor in 0.45 ms, found 4 plugins.
Preloading 0 native plugins for Editor in 0.00 ms.
Mono: successfully reloaded assembly
- Completed reload, in  0.730 seconds
Domain Reload Profiling:
	ReloadAssembly (731ms)
		BeginReloadAssembly (76ms)
			ExecutionOrderSort (0ms)
			DisableScriptedObjects (4ms)
			BackupInstance (0ms)
			ReleaseScriptingObjects (0ms)
			CreateAndSetChildDomain (14ms)
		EndReloadAssembly (586ms)
			LoadAssemblies (69ms)
			RebuildTransferFunctionScriptingTraits (0ms)
			SetupTypeCache (182ms)
			ReleaseScriptCaches (0ms)
			RebuildScriptCaches (34ms)
			SetupLoadedEditorAssemblies (278ms)
				LogAssemblyErrors (0ms)
				InitializePlatformSupportModulesInManaged (4ms)
				SetLoadedEditorAssemblies (0ms)
				RefreshPlugins (0ms)
				BeforeProcessingInitializeOnLoad (49ms)
				ProcessInitializeOnLoadAttributes (203ms)
				ProcessInitializeOnLoadMethodAttributes (17ms)
				AfterProcessingInitializeOnLoad (4ms)
				EditorAssembliesLoaded (0ms)
			ExecutionOrderSort2 (0ms)
			AwakeInstancesAfterBackupRestoration (5ms)
Platform modules already initialized, skipping
========================================================================
Worker process is ready to serve import requests
Launched and connected shader compiler UnityShaderCompiler.exe after 0.04 seconds
Refreshing native plugins compatible for Editor in 0.44 ms, found 4 plugins.
Preloading 0 native plugins for Editor in 0.00 ms.
Unloading 3465 Unused Serialized files (Serialized files now loaded: 0)
Unloading 39 unused Assets / (129.0 KB). Loaded Objects now: 3925.
Memory consumption went from 126.3 MB to 126.2 MB.
Total: 2.472600 ms (FindLiveObjects: 0.156400 ms CreateObjectMapping: 0.069300 ms MarkObjects: 2.184400 ms  DeleteObjects: 0.061800 ms)

AssetImportParameters requested are different than current active one (requested -> active):
  custom:video-decoder-ogg-theora: a1e56fd34408186e4bbccfd4996cb3dc -> 
  custom:container-muxer-webm: aa71ff27fc2769a1b78a27578f13a17b -> 
  custom:container-demuxer-webm: 4f35f7cbe854078d1ac9338744f61a02 -> 
  custom:video-encoder-webm-vp8: eb34c28f22e8b96e1ab97ce403110664 -> 
  custom:video-codec-MediaFoundation-h265: 746d11721c4dcdbdad8f713fa42b33f4 -> 
  custom:audio-encoder-webm-vorbis: bf7c407c2cedff20999df2af8eb42d56 -> 
  custom:framework-win-MediaFoundation: 216162199b28c13a410421893ffa2e32 -> 
  custom:container-demuxer-ogg: 62fdf1f143b41e24485cea50d1cbac27 -> 
  custom:video-decoder-webm-vp8: 9c59270c3fd7afecdb556c50c9e8de78 -> 
  custom:audio-decoder-ogg-vorbis: bf7c407c2cedff20999df2af8eb42d56 -> 
========================================================================
Received Import Request.
  Time since last request: 75747.709005 seconds.
  path: Assets/Logan/Prefabs/NarrowStraightPathWall.prefab
  artifactKey: Guid(488c5f8185a456949b727c0dc8fdba79) Importer(815301076,1909f56bfc062723c751e8b465ee728b)
Start importing Assets/Logan/Prefabs/NarrowStraightPathWall.prefab using Guid(488c5f8185a456949b727c0dc8fdba79) Importer(815301076,1909f56bfc062723c751e8b465ee728b)  -> (artifact id: 'bfaf8ffbb3a014c52653643a89a45caa') in 0.121351 seconds 
========================================================================
Received Import Request.
  Time since last request: 1343.282688 seconds.
  path: Assets/Logan/Prefabs/LevelOne Variant.prefab
  artifactKey: Guid(8dd1215008f850a45a3521f93d23817a) Importer(815301076,1909f56bfc062723c751e8b465ee728b)
Start importing Assets/Logan/Prefabs/LevelOne Variant.prefab using Guid(8dd1215008f850a45a3521f93d23817a) Importer(815301076,1909f56bfc062723c751e8b465ee728b)  -> (artifact id: '7065e71e76835ef86d70e64a4632100c') in 0.087361 seconds 
========================================================================
Received Import Request.
  Time since last request: 742.962928 seconds.
  path: Assets/Logan/Prefabs/NarrowStraightWall.prefab
  artifactKey: Guid(48788a73c6331cf4ab61e0522bdc43e1) Importer(815301076,1909f56bfc062723c751e8b465ee728b)
Start importing Assets/Logan/Prefabs/NarrowStraightWall.prefab using Guid(48788a73c6331cf4ab61e0522bdc43e1) Importer(815301076,1909f56bfc062723c751e8b465ee728b)  -> (artifact id: 'baf173649bf2b09041ec8c58ce6ff586') in 0.044183 seconds 
========================================================================
Received Import Request.
  Time since last request: 112.857477 seconds.
  path: Assets/Logan/Prefabs/NarrowStraightWall.prefab
  artifactKey: Guid(48788a73c6331cf4ab61e0522bdc43e1) Importer(815301076,1909f56bfc062723c751e8b465ee728b)
Start importing Assets/Logan/Prefabs/NarrowStraightWall.prefab using Guid(48788a73c6331cf4ab61e0522bdc43e1) Importer(815301076,1909f56bfc062723c751e8b465ee728b)  -> (artifact id: '3c4b9df7a8dcdaba1017ac6028946a9f') in 0.020886 seconds 
========================================================================
Received Import Request.
  Time since last request: 89.697249 seconds.
  path: Assets/Level 2 Simple Modular Dungeon/Components/Mesh Containers/ModularDungeonSeperatedMaterials.fbx
  artifactKey: Guid(a59f6548c14dfa84ba2ca07e21ce1543) Importer(815301076,1909f56bfc062723c751e8b465ee728b)
Start importing Assets/Level 2 Simple Modular Dungeon/Components/Mesh Containers/ModularDungeonSeperatedMaterials.fbx using Guid(a59f6548c14dfa84ba2ca07e21ce1543) Importer(815301076,1909f56bfc062723c751e8b465ee728b)  -> (artifact id: 'ee0c398964dab99e523c0bda358d2066') in 0.988876 seconds 
========================================================================
Received Import Request.
  Time since last request: 0.554153 seconds.
  path: Assets/Level 2 Simple Modular Dungeon/Components/Texture Maps/ModularDungeonSeperatedMaterials_Metal (Torch Variation 001)_Normal.png
  artifactKey: Guid(b3001dac27237754ba06608970e8b56e) Importer(815301076,1909f56bfc062723c751e8b465ee728b)
Start importing Assets/Level 2 Simple Modular Dungeon/Components/Texture Maps/ModularDungeonSeperatedMaterials_Metal (Torch Variation 001)_Normal.png using Guid(b3001dac27237754ba06608970e8b56e) Importer(815301076,1909f56bfc062723c751e8b465ee728b)  -> (artifact id: '584014b9d75f12a20e7646320075ca3b') in 0.036883 seconds 
========================================================================
Received Import Request.
  Time since last request: 0.000020 seconds.
  path: Assets/Level 2 Simple Modular Dungeon/Components/Texture Maps/ModularDungeonSeperatedMaterials_Metal (Torch Variation 002)_BaseMap.png
  artifactKey: Guid(d0d1b64ffa85c7e428362ebed53b721d) Importer(815301076,1909f56bfc062723c751e8b465ee728b)
Start importing Assets/Level 2 Simple Modular Dungeon/Components/Texture Maps/ModularDungeonSeperatedMaterials_Metal (Torch Variation 002)_BaseMap.png using Guid(d0d1b64ffa85c7e428362ebed53b721d) Importer(815301076,1909f56bfc062723c751e8b465ee728b)  -> (artifact id: '4be73f2a3ef8475e4aa51e6a11b6417f') in 0.014864 seconds 
========================================================================
Received Import Request.
  Time since last request: 0.000018 seconds.
  path: Assets/Level 2 Simple Modular Dungeon/Components/Texture Maps/ModularDungeonSeperatedMaterials_Metal (Torch Variation 002)_Height.png
  artifactKey: Guid(d1f1313ed67b8db478d0bf1efb60ccbd) Importer(815301076,1909f56bfc062723c751e8b465ee728b)
Start importing Assets/Level 2 Simple Modular Dungeon/Components/Texture Maps/ModularDungeonSeperatedMaterials_Metal (Torch Variation 002)_Height.png using Guid(d1f1313ed67b8db478d0bf1efb60ccbd) Importer(815301076,1909f56bfc062723c751e8b465ee728b)  -> (artifact id: 'e45e20917a466f6df2dec0120219ac6b') in 0.011500 seconds 
========================================================================
Received Import Request.
  Time since last request: 0.000022 seconds.
  path: Assets/Level 2 Simple Modular Dungeon/Prefabs/Light Sources/Torch Parent 001.prefab
  artifactKey: Guid(99a8578a2180fe04b894fa6decac87ac) Importer(815301076,1909f56bfc062723c751e8b465ee728b)
Start importing Assets/Level 2 Simple Modular Dungeon/Prefabs/Light Sources/Torch Parent 001.prefab using Guid(99a8578a2180fe04b894fa6decac87ac) Importer(815301076,1909f56bfc062723c751e8b465ee728b)  -> (artifact id: '7fcf0dd1ec9a1f79c47380675b8b8300') in 0.304065 seconds 
========================================================================
Received Import Request.
  Time since last request: 0.000021 seconds.
  path: Assets/Level 2 Simple Modular Dungeon/Prefabs/Light Sources/Torch Parent 002.prefab
  artifactKey: Guid(ccbfdc64594325c4ebfb2ccd9a074f8b) Importer(815301076,1909f56bfc062723c751e8b465ee728b)
Start importing Assets/Level 2 Simple Modular Dungeon/Prefabs/Light Sources/Torch Parent 002.prefab using Guid(ccbfdc64594325c4ebfb2ccd9a074f8b) Importer(815301076,1909f56bfc062723c751e8b465ee728b)  -> (artifact id: '1479d5f7f4a87d0c4a78d4a60996ed7b') in 0.053664 seconds 
========================================================================
Received Import Request.
  Time since last request: 0.000025 seconds.
  path: Assets/Level 2 Simple Modular Dungeon/Components/Texture Maps/ModularDungeonSeperatedMaterials_Metal (Torch Variation 002)_MaskMap.png
  artifactKey: Guid(d5dc1a5b5695278419bfb707d51e0581) Importer(815301076,1909f56bfc062723c751e8b465ee728b)
Start importing Assets/Level 2 Simple Modular Dungeon/Components/Texture Maps/ModularDungeonSeperatedMaterials_Metal (Torch Variation 002)_MaskMap.png using Guid(d5dc1a5b5695278419bfb707d51e0581) Importer(815301076,1909f56bfc062723c751e8b465ee728b)  -> (artifact id: '8a4397ee93723bb016e40044340322b3') in 0.009522 seconds 
========================================================================
Received Import Request.
  Time since last request: 0.000015 seconds.
  path: Assets/Level 2 Simple Modular Dungeon/Components/Texture Maps/ModularDungeonSeperatedMaterials_Metal (Torch Variation 002)_Normal.png
  artifactKey: Guid(390eb8c44177e1f42b8514515705fbb1) Importer(815301076,1909f56bfc062723c751e8b465ee728b)
Start importing Assets/Level 2 Simple Modular Dungeon/Components/Texture Maps/ModularDungeonSeperatedMaterials_Metal (Torch Variation 002)_Normal.png using Guid(390eb8c44177e1f42b8514515705fbb1) Importer(815301076,1909f56bfc062723c751e8b465ee728b)  -> (artifact id: '686e88056a8ea4c83270a99e4e6a4d3b') in 0.006496 seconds 
Editor requested this worker to shutdown with reason: Scaling down because of idle timeout
AssetImportWorker is now disconnected from the server
Process exiting
Exiting without the bug reporter. Application will terminate with return code 0