Using pre-set license
Built from '2021.3/staging' branch; Version is '2021.3.24f1 (cf10dcf7010d) revision 13570268'; Using compiler version '192829333'; Build Type 'Release'
OS: 'Windows 11  (10.0.22631) 64bit Core' Language: 'en' Physical Memory: 16145 MB
BatchMode: 1, IsHumanControllingUs: 0, StartBugReporterOnCrash: 0, Is64bit: 1, IsPro: 1

COMMAND LINE ARGUMENTS:
C:\Program Files\Unity\Hub\Editor\2021.3.24f1\Editor\Unity.exe
-adb2
-batchMode
-noUpm
-name
AssetImportWorker6
-projectPath
C:/Users/Hibba Qaraman/OneDrive/Desktop/Game-Dev-Project
-logFile
Logs/AssetImportWorker6.log
-srvPort
55310
Successfully changed project path to: C:/Users/Hibba Qaraman/OneDrive/Desktop/Game-Dev-Project
C:/Users/Hibba Qaraman/OneDrive/Desktop/Game-Dev-Project
[UnityMemory] Configuration Parameters - Can be set up in boot.config
    "memorysetup-bucket-allocator-granularity=16"
    "memorysetup-bucket-allocator-bucket-count=8"
    "memorysetup-bucket-allocator-block-size=33554432"
    "memorysetup-bucket-allocator-block-count=8"
    "memorysetup-main-allocator-block-size=16777216"
    "memorysetup-thread-allocator-block-size=16777216"
    "memorysetup-gfx-main-allocator-block-size=16777216"
    "memorysetup-gfx-thread-allocator-block-size=16777216"
    "memorysetup-cache-allocator-block-size=4194304"
    "memorysetup-typetree-allocator-block-size=2097152"
    "memorysetup-profiler-bucket-allocator-granularity=16"
    "memorysetup-profiler-bucket-allocator-bucket-count=8"
    "memorysetup-profiler-bucket-allocator-block-size=33554432"
    "memorysetup-profiler-bucket-allocator-block-count=8"
    "memorysetup-profiler-allocator-block-size=16777216"
    "memorysetup-profiler-editor-allocator-block-size=1048576"
    "memorysetup-temp-allocator-size-main=16777216"
    "memorysetup-job-temp-allocator-block-size=2097152"
    "memorysetup-job-temp-allocator-block-size-background=1048576"
    "memorysetup-job-temp-allocator-reduction-small-platforms=262144"
    "memorysetup-temp-allocator-size-background-worker=32768"
    "memorysetup-temp-allocator-size-job-worker=262144"
    "memorysetup-temp-allocator-size-preload-manager=33554432"
    "memorysetup-temp-allocator-size-nav-mesh-worker=65536"
    "memorysetup-temp-allocator-size-audio-worker=65536"
    "memorysetup-temp-allocator-size-cloud-worker=32768"
    "memorysetup-temp-allocator-size-gi-baking-worker=262144"
    "memorysetup-temp-allocator-size-gfx=262144"
Unable to join player connection multicast group (err: 10013).
Player connection [54736] Host "[IP] 192.168.158.1 [Port] 0 [Flags] 2 [Guid] 1183788715 [EditorId] 1183788715 [Version] 1048832 [Id] WindowsEditor(7,HIBBA-22PC) [Debug] 1 [PackageName] WindowsEditor [ProjectName] Editor" joined alternative multi-casting on [225.0.0.222:34997]...

Refreshing native plugins compatible for Editor in 126.09 ms, found 4 plugins.
Preloading 0 native plugins for Editor in 0.00 ms.
Initialize engine version: 2021.3.24f1 (cf10dcf7010d)
[Subsystems] Discovering subsystems at path C:/Program Files/Unity/Hub/Editor/2021.3.24f1/Editor/Data/Resources/UnitySubsystems
[Subsystems] Discovering subsystems at path C:/Users/Hibba Qaraman/OneDrive/Desktop/Game-Dev-Project/Assets
GfxDevice: creating device client; threaded=0; jobified=0
Direct3D:
    Version:  Direct3D 11.0 [level 11.1]
    Renderer: Intel(R) Iris(R) Xe Graphics (ID=0x9a49)
    Vendor:   Intel
    VRAM:     8072 MB
    Driver:   30.0.101.1191
Initialize mono
Mono path[0] = 'C:/Program Files/Unity/Hub/Editor/2021.3.24f1/Editor/Data/Managed'
Mono path[1] = 'C:/Program Files/Unity/Hub/Editor/2021.3.24f1/Editor/Data/MonoBleedingEdge/lib/mono/unityjit-win32'
Mono config path = 'C:/Program Files/Unity/Hub/Editor/2021.3.24f1/Editor/Data/MonoBleedingEdge/etc'
Using monoOptions --debugger-agent=transport=dt_socket,embedding=1,server=y,suspend=n,address=127.0.0.1:56312
Begin MonoManager ReloadAssembly
Registering precompiled unity dll's ...
Register platform support module: C:/Program Files/Unity/Hub/Editor/2021.3.24f1/Editor/Data/PlaybackEngines/WebGLSupport/UnityEditor.WebGL.Extensions.dll
Register platform support module: C:/Program Files/Unity/Hub/Editor/2021.3.24f1/Editor/Data/PlaybackEngines/WindowsStandaloneSupport/UnityEditor.WindowsStandalone.Extensions.dll
Registered in 0.008059 seconds.
Native extension for WindowsStandalone target not found
Native extension for WebGL target not found
Refreshing native plugins compatible for Editor in 119.60 ms, found 4 plugins.
Preloading 0 native plugins for Editor in 0.00 ms.
Mono: successfully reloaded assembly
- Completed reload, in  0.654 seconds
Domain Reload Profiling:
	ReloadAssembly (654ms)
		BeginReloadAssembly (85ms)
			ExecutionOrderSort (0ms)
			DisableScriptedObjects (0ms)
			BackupInstance (0ms)
			ReleaseScriptingObjects (0ms)
			CreateAndSetChildDomain (1ms)
		EndReloadAssembly (474ms)
			LoadAssemblies (84ms)
			RebuildTransferFunctionScriptingTraits (0ms)
			SetupTypeCache (95ms)
			ReleaseScriptCaches (0ms)
			RebuildScriptCaches (28ms)
			SetupLoadedEditorAssemblies (305ms)
				LogAssemblyErrors (0ms)
				InitializePlatformSupportModulesInManaged (8ms)
				SetLoadedEditorAssemblies (0ms)
				RefreshPlugins (120ms)
				BeforeProcessingInitializeOnLoad (1ms)
				ProcessInitializeOnLoadAttributes (132ms)
				ProcessInitializeOnLoadMethodAttributes (44ms)
				AfterProcessingInitializeOnLoad (0ms)
				EditorAssembliesLoaded (0ms)
			ExecutionOrderSort2 (0ms)
			AwakeInstancesAfterBackupRestoration (0ms)
Platform modules already initialized, skipping
Registering precompiled user dll's ...
Registered in 0.010933 seconds.
Begin MonoManager ReloadAssembly
Native extension for WindowsStandalone target not found
Native extension for WebGL target not found
Refreshing native plugins compatible for Editor in 0.52 ms, found 4 plugins.
Preloading 0 native plugins for Editor in 0.00 ms.
Mono: successfully reloaded assembly
- Completed reload, in  1.016 seconds
Domain Reload Profiling:
	ReloadAssembly (1017ms)
		BeginReloadAssembly (126ms)
			ExecutionOrderSort (0ms)
			DisableScriptedObjects (8ms)
			BackupInstance (0ms)
			ReleaseScriptingObjects (0ms)
			CreateAndSetChildDomain (18ms)
		EndReloadAssembly (773ms)
			LoadAssemblies (94ms)
			RebuildTransferFunctionScriptingTraits (0ms)
			SetupTypeCache (270ms)
			ReleaseScriptCaches (1ms)
			RebuildScriptCaches (43ms)
			SetupLoadedEditorAssemblies (353ms)
				LogAssemblyErrors (0ms)
				InitializePlatformSupportModulesInManaged (6ms)
				SetLoadedEditorAssemblies (0ms)
				RefreshPlugins (1ms)
				BeforeProcessingInitializeOnLoad (71ms)
				ProcessInitializeOnLoadAttributes (242ms)
				ProcessInitializeOnLoadMethodAttributes (25ms)
				AfterProcessingInitializeOnLoad (7ms)
				EditorAssembliesLoaded (0ms)
			ExecutionOrderSort2 (0ms)
			AwakeInstancesAfterBackupRestoration (6ms)
Platform modules already initialized, skipping
========================================================================
Worker process is ready to serve import requests
Launched and connected shader compiler UnityShaderCompiler.exe after 0.05 seconds
Refreshing native plugins compatible for Editor in 0.55 ms, found 4 plugins.
Preloading 0 native plugins for Editor in 0.00 ms.
Unloading 3293 Unused Serialized files (Serialized files now loaded: 0)
Unloading 26 unused Assets / (56.4 KB). Loaded Objects now: 3753.
Memory consumption went from 118.0 MB to 118.0 MB.
Total: 2.870600 ms (FindLiveObjects: 0.216500 ms CreateObjectMapping: 0.114200 ms MarkObjects: 2.479300 ms  DeleteObjects: 0.059700 ms)

AssetImportParameters requested are different than current active one (requested -> active):
  custom:video-decoder-ogg-theora: a1e56fd34408186e4bbccfd4996cb3dc -> 
  custom:container-muxer-webm: aa71ff27fc2769a1b78a27578f13a17b -> 
  custom:container-demuxer-webm: 4f35f7cbe854078d1ac9338744f61a02 -> 
  custom:video-encoder-webm-vp8: eb34c28f22e8b96e1ab97ce403110664 -> 
  custom:video-codec-MediaFoundation-h265: 746d11721c4dcdbdad8f713fa42b33f4 -> 
  custom:audio-encoder-webm-vorbis: bf7c407c2cedff20999df2af8eb42d56 -> 
  custom:framework-win-MediaFoundation: 216162199b28c13a410421893ffa2e32 -> 
  custom:container-demuxer-ogg: 62fdf1f143b41e24485cea50d1cbac27 -> 
  custom:video-decoder-webm-vp8: 9c59270c3fd7afecdb556c50c9e8de78 -> 
  custom:audio-decoder-ogg-vorbis: bf7c407c2cedff20999df2af8eb42d56 -> 
========================================================================
Received Import Request.
  Time since last request: 1251526.896717 seconds.
  path: Assets/Fonts
  artifactKey: Guid(022774d6edb64bc47a371617394fdcf0) Importer(815301076,1909f56bfc062723c751e8b465ee728b)
Start importing Assets/Fonts using Guid(022774d6edb64bc47a371617394fdcf0) Importer(815301076,1909f56bfc062723c751e8b465ee728b)  -> (artifact id: '9afadb24b5502f779117679b69867de2') in 0.012982 seconds 
========================================================================
Received Import Request.
  Time since last request: 9.991086 seconds.
  path: Assets/Fonts/Game of Brush.ttf
  artifactKey: Guid(a2ee4c02ffbcd3249a94e3e23e5621ae) Importer(815301076,1909f56bfc062723c751e8b465ee728b)
Start importing Assets/Fonts/Game of Brush.ttf using Guid(a2ee4c02ffbcd3249a94e3e23e5621ae) Importer(815301076,1909f56bfc062723c751e8b465ee728b)  -> (artifact id: '11df1eddefb70c00f3dc7ebfee9cf7b1') in 0.180996 seconds 
========================================================================
Received Import Request.
  Time since last request: 260.696944 seconds.
  path: Assets/Fonts/Game of Brush SDF.asset
  artifactKey: Guid(50f66234a989f774391c486f3c230890) Importer(815301076,1909f56bfc062723c751e8b465ee728b)
Start importing Assets/Fonts/Game of Brush SDF.asset using Guid(50f66234a989f774391c486f3c230890) Importer(815301076,1909f56bfc062723c751e8b465ee728b) Shader 'TextMeshPro/Distance Field': fallback shader 'TextMeshPro/Mobile/Distance Field' not found
 -> (artifact id: '710d190d929444422fc77d2383a2c218') in 0.152377 seconds 
========================================================================
Received Import Request.
  Time since last request: 71.326440 seconds.
  path: Assets/TextMesh Pro/Resources/Fonts & Materials/LiberationSans SDF.asset
  artifactKey: Guid(8f586378b4e144a9851e7b34d9b748ee) Importer(815301076,1909f56bfc062723c751e8b465ee728b)
Start importing Assets/TextMesh Pro/Resources/Fonts & Materials/LiberationSans SDF.asset using Guid(8f586378b4e144a9851e7b34d9b748ee) Importer(815301076,1909f56bfc062723c751e8b465ee728b)  -> (artifact id: 'c0439ac47c14afb69bc27defde3b34fb') in 0.119105 seconds 
========================================================================
Received Import Request.
  Time since last request: 197.440076 seconds.
  path: Assets/Images/logo.png
  artifactKey: Guid(0956f238b9b1f2e46b722967a8c6db26) Importer(815301076,1909f56bfc062723c751e8b465ee728b)
Start importing Assets/Images/logo.png using Guid(0956f238b9b1f2e46b722967a8c6db26) Importer(815301076,1909f56bfc062723c751e8b465ee728b)  -> (artifact id: '5d4306d32f4bd3a5691f86c7c9fd0364') in 0.015941 seconds 
========================================================================
Received Import Request.
  Time since last request: 14.816114 seconds.
  path: Assets/Images/logo.png
  artifactKey: Guid(0956f238b9b1f2e46b722967a8c6db26) Importer(815301076,1909f56bfc062723c751e8b465ee728b)
Start importing Assets/Images/logo.png using Guid(0956f238b9b1f2e46b722967a8c6db26) Importer(815301076,1909f56bfc062723c751e8b465ee728b)  -> (artifact id: '0624f5e7cdd2d59c9c6cf9b541163033') in 0.027399 seconds 
========================================================================
Received Import Request.
  Time since last request: 2055.759022 seconds.
  path: Assets/Enemy GhostCharacter_Free
  artifactKey: Guid(5dbd84597ae8344c9bcd641e7cec5e35) Importer(815301076,1909f56bfc062723c751e8b465ee728b)
Start importing Assets/Enemy GhostCharacter_Free using Guid(5dbd84597ae8344c9bcd641e7cec5e35) Importer(815301076,1909f56bfc062723c751e8b465ee728b)  -> (artifact id: '538c4d269ac6ff342e5c4c1c2c2f2c56') in 0.005176 seconds 
========================================================================
Received Import Request.
  Time since last request: 7.272330 seconds.
  path: Assets/Level 1 Modular Castle
  artifactKey: Guid(f7ab51635965ac34ea0b8c95dbd92f52) Importer(815301076,1909f56bfc062723c751e8b465ee728b)
Start importing Assets/Level 1 Modular Castle using Guid(f7ab51635965ac34ea0b8c95dbd92f52) Importer(815301076,1909f56bfc062723c751e8b465ee728b)  -> (artifact id: 'a6d27ff00d206122a560eaf04c748c53') in 0.007448 seconds 
========================================================================
Received Import Request.
  Time since last request: 2.953895 seconds.
  path: Assets/Level 1 Modular Castle/DemoScene
  artifactKey: Guid(923e65c5a19d3cd4e91942ca73675959) Importer(815301076,1909f56bfc062723c751e8b465ee728b)
Start importing Assets/Level 1 Modular Castle/DemoScene using Guid(923e65c5a19d3cd4e91942ca73675959) Importer(815301076,1909f56bfc062723c751e8b465ee728b)  -> (artifact id: '50f0929c3f899a47ea6e3941099273ec') in 0.003723 seconds 
========================================================================
Received Import Request.
  Time since last request: 2.553296 seconds.
  path: Assets/Level 1 Modular Castle/DemoScene/castleDemo.unity
  artifactKey: Guid(0f30b31df1c21274da0aa193ec9e46e6) Importer(815301076,1909f56bfc062723c751e8b465ee728b)
Start importing Assets/Level 1 Modular Castle/DemoScene/castleDemo.unity using Guid(0f30b31df1c21274da0aa193ec9e46e6) Importer(815301076,1909f56bfc062723c751e8b465ee728b)  -> (artifact id: '8d2eb5a3505b68eea49874c119a596e5') in 0.002545 seconds 
========================================================================
Received Import Request.
  Time since last request: 40.452144 seconds.
  path: Assets/Level 2 Simple Modular Dungeon
  artifactKey: Guid(aa787d97eca1e1c42b146329f95ee776) Importer(815301076,1909f56bfc062723c751e8b465ee728b)
Start importing Assets/Level 2 Simple Modular Dungeon using Guid(aa787d97eca1e1c42b146329f95ee776) Importer(815301076,1909f56bfc062723c751e8b465ee728b)  -> (artifact id: 'd3d843fcb721a8c3fe2e426a4611da8c') in 0.002841 seconds 
========================================================================
Received Import Request.
  Time since last request: 15.453345 seconds.
  path: Assets/Logan
  artifactKey: Guid(dd523b9a79a1a3e42a20561086e58b7a) Importer(815301076,1909f56bfc062723c751e8b465ee728b)
Start importing Assets/Logan using Guid(dd523b9a79a1a3e42a20561086e58b7a) Importer(815301076,1909f56bfc062723c751e8b465ee728b)  -> (artifact id: '98336d448533f85b0f22a788c4b7810c') in 0.005441 seconds 
========================================================================
Received Import Request.
  Time since last request: 0.036701 seconds.
  path: Assets/Logan/Boy0.Humanoid.BodyTimeline.playable
  artifactKey: Guid(d72010f956def6e469dca9658f8feaa5) Importer(815301076,1909f56bfc062723c751e8b465ee728b)
Start importing Assets/Logan/Boy0.Humanoid.BodyTimeline.playable using Guid(d72010f956def6e469dca9658f8feaa5) Importer(815301076,1909f56bfc062723c751e8b465ee728b)  -> (artifact id: 'c2ea14a663fcaa7deae7824c80bcbc2a') in 0.024148 seconds 
========================================================================
Received Import Request.
  Time since last request: 31.178925 seconds.
  path: Assets/KidsCharacterFree
  artifactKey: Guid(73a63788f0a2e4564ba9f2833a647fcf) Importer(815301076,1909f56bfc062723c751e8b465ee728b)
Start importing Assets/KidsCharacterFree using Guid(73a63788f0a2e4564ba9f2833a647fcf) Importer(815301076,1909f56bfc062723c751e8b465ee728b)  -> (artifact id: '0084e56237f90bc1d78cc72586c5c805') in 0.002990 seconds 
========================================================================
Received Import Request.
  Time since last request: 118.305592 seconds.
  path: Assets/Level 2 Simple Modular Dungeon/Prefabs
  artifactKey: Guid(ed32d3c109b31c14ba832c65f9451cd4) Importer(815301076,1909f56bfc062723c751e8b465ee728b)
Start importing Assets/Level 2 Simple Modular Dungeon/Prefabs using Guid(ed32d3c109b31c14ba832c65f9451cd4) Importer(815301076,1909f56bfc062723c751e8b465ee728b)  -> (artifact id: '1fb84c7ba3d11d4f8fee65ffec51a67d') in 0.002823 seconds 
========================================================================
Received Import Request.
  Time since last request: 2.985820 seconds.
  path: Assets/Level 2 Simple Modular Dungeon/Scenes
  artifactKey: Guid(218eeb05022cbdc47aea1bedaa607e47) Importer(815301076,1909f56bfc062723c751e8b465ee728b)
Start importing Assets/Level 2 Simple Modular Dungeon/Scenes using Guid(218eeb05022cbdc47aea1bedaa607e47) Importer(815301076,1909f56bfc062723c751e8b465ee728b)  -> (artifact id: '1efaac19cdce3341dcebc288008bdf16') in 0.003923 seconds 
========================================================================
Received Import Request.
  Time since last request: 0.936023 seconds.
  path: Assets/Level 2 Simple Modular Dungeon/Scenes/Modular Dungeon.unity
  artifactKey: Guid(27915ac565aadf048b89a94d619c501d) Importer(815301076,1909f56bfc062723c751e8b465ee728b)
Start importing Assets/Level 2 Simple Modular Dungeon/Scenes/Modular Dungeon.unity using Guid(27915ac565aadf048b89a94d619c501d) Importer(815301076,1909f56bfc062723c751e8b465ee728b)  -> (artifact id: '587aa668dc8dc5600f62b5b77242a9a9') in 0.002952 seconds 
========================================================================
Received Prepare
Registering precompiled user dll's ...
Registered in 0.009432 seconds.
Begin MonoManager ReloadAssembly
Native extension for WindowsStandalone target not found
Native extension for WebGL target not found
Refreshing native plugins compatible for Editor in 2.19 ms, found 4 plugins.
Preloading 0 native plugins for Editor in 0.00 ms.
Mono: successfully reloaded assembly
- Completed reload, in  2.871 seconds
Domain Reload Profiling:
	ReloadAssembly (2873ms)
		BeginReloadAssembly (453ms)
			ExecutionOrderSort (0ms)
			DisableScriptedObjects (17ms)
			BackupInstance (0ms)
			ReleaseScriptingObjects (0ms)
			CreateAndSetChildDomain (120ms)
		EndReloadAssembly (2140ms)
			LoadAssemblies (308ms)
			RebuildTransferFunctionScriptingTraits (0ms)
			SetupTypeCache (736ms)
			ReleaseScriptCaches (3ms)
			RebuildScriptCaches (102ms)
			SetupLoadedEditorAssemblies (964ms)
				LogAssemblyErrors (0ms)
				InitializePlatformSupportModulesInManaged (19ms)
				SetLoadedEditorAssemblies (1ms)
				RefreshPlugins (2ms)
				BeforeProcessingInitializeOnLoad (178ms)
				ProcessInitializeOnLoadAttributes (674ms)
				ProcessInitializeOnLoadMethodAttributes (65ms)
				AfterProcessingInitializeOnLoad (24ms)
				EditorAssembliesLoaded (0ms)
			ExecutionOrderSort2 (0ms)
			AwakeInstancesAfterBackupRestoration (15ms)
Platform modules already initialized, skipping
Refreshing native plugins compatible for Editor in 10.56 ms, found 4 plugins.
Preloading 0 native plugins for Editor in 0.00 ms.
Unloading 3299 Unused Serialized files (Serialized files now loaded: 0)
Unloading 30 unused Assets / (0.6 MB). Loaded Objects now: 3809.
Memory consumption went from 124.4 MB to 123.8 MB.
Total: 11.007800 ms (FindLiveObjects: 0.581900 ms CreateObjectMapping: 0.695500 ms MarkObjects: 8.910100 ms  DeleteObjects: 0.816500 ms)

AssetImportParameters requested are different than current active one (requested -> active):
  custom:video-decoder-ogg-theora: a1e56fd34408186e4bbccfd4996cb3dc -> 
  custom:container-muxer-webm: aa71ff27fc2769a1b78a27578f13a17b -> 
  custom:container-demuxer-webm: 4f35f7cbe854078d1ac9338744f61a02 -> 
  custom:video-encoder-webm-vp8: eb34c28f22e8b96e1ab97ce403110664 -> 
  custom:video-codec-MediaFoundation-h265: 746d11721c4dcdbdad8f713fa42b33f4 -> 
  custom:audio-encoder-webm-vorbis: bf7c407c2cedff20999df2af8eb42d56 -> 
  custom:framework-win-MediaFoundation: 216162199b28c13a410421893ffa2e32 -> 
  custom:container-demuxer-ogg: 62fdf1f143b41e24485cea50d1cbac27 -> 
  custom:video-decoder-webm-vp8: 9c59270c3fd7afecdb556c50c9e8de78 -> 
  custom:audio-decoder-ogg-vorbis: bf7c407c2cedff20999df2af8eb42d56 -> 
========================================================================
Received Import Request.
  Time since last request: 82.703973 seconds.
  path: Assets/Hibba/DemoScene.unity
  artifactKey: Guid(19712b2cc08a78a4babe90574782ffaf) Importer(815301076,1909f56bfc062723c751e8b465ee728b)
Start importing Assets/Hibba/DemoScene.unity using Guid(19712b2cc08a78a4babe90574782ffaf) Importer(815301076,1909f56bfc062723c751e8b465ee728b)  -> (artifact id: '3d6dc2fae20871d482138623537ca1e9') in 0.009476 seconds 
========================================================================
Received Prepare
Registering precompiled user dll's ...
Registered in 0.007848 seconds.
Begin MonoManager ReloadAssembly
Native extension for WindowsStandalone target not found
Native extension for WebGL target not found
Refreshing native plugins compatible for Editor in 2.39 ms, found 4 plugins.
Preloading 0 native plugins for Editor in 0.00 ms.
Mono: successfully reloaded assembly
- Completed reload, in  1.526 seconds
Domain Reload Profiling:
	ReloadAssembly (1526ms)
		BeginReloadAssembly (232ms)
			ExecutionOrderSort (0ms)
			DisableScriptedObjects (6ms)
			BackupInstance (0ms)
			ReleaseScriptingObjects (0ms)
			CreateAndSetChildDomain (57ms)
		EndReloadAssembly (1146ms)
			LoadAssemblies (191ms)
			RebuildTransferFunctionScriptingTraits (0ms)
			SetupTypeCache (385ms)
			ReleaseScriptCaches (2ms)
			RebuildScriptCaches (59ms)
			SetupLoadedEditorAssemblies (510ms)
				LogAssemblyErrors (0ms)
				InitializePlatformSupportModulesInManaged (11ms)
				SetLoadedEditorAssemblies (1ms)
				RefreshPlugins (3ms)
				BeforeProcessingInitializeOnLoad (93ms)
				ProcessInitializeOnLoadAttributes (350ms)
				ProcessInitializeOnLoadMethodAttributes (37ms)
				AfterProcessingInitializeOnLoad (15ms)
				EditorAssembliesLoaded (0ms)
			ExecutionOrderSort2 (0ms)
			AwakeInstancesAfterBackupRestoration (9ms)
Platform modules already initialized, skipping
Refreshing native plugins compatible for Editor in 3.43 ms, found 4 plugins.
Preloading 0 native plugins for Editor in 0.00 ms.
Unloading 3297 Unused Serialized files (Serialized files now loaded: 0)
Unloading 30 unused Assets / (0.6 MB). Loaded Objects now: 3812.
Memory consumption went from 124.2 MB to 123.6 MB.
Total: 4.527800 ms (FindLiveObjects: 0.602400 ms CreateObjectMapping: 0.325500 ms MarkObjects: 3.173700 ms  DeleteObjects: 0.424200 ms)

AssetImportParameters requested are different than current active one (requested -> active):
  custom:video-decoder-ogg-theora: a1e56fd34408186e4bbccfd4996cb3dc -> 
  custom:container-muxer-webm: aa71ff27fc2769a1b78a27578f13a17b -> 
  custom:container-demuxer-webm: 4f35f7cbe854078d1ac9338744f61a02 -> 
  custom:video-encoder-webm-vp8: eb34c28f22e8b96e1ab97ce403110664 -> 
  custom:video-codec-MediaFoundation-h265: 746d11721c4dcdbdad8f713fa42b33f4 -> 
  custom:audio-encoder-webm-vorbis: bf7c407c2cedff20999df2af8eb42d56 -> 
  custom:framework-win-MediaFoundation: 216162199b28c13a410421893ffa2e32 -> 
  custom:container-demuxer-ogg: 62fdf1f143b41e24485cea50d1cbac27 -> 
  custom:video-decoder-webm-vp8: 9c59270c3fd7afecdb556c50c9e8de78 -> 
  custom:audio-decoder-ogg-vorbis: bf7c407c2cedff20999df2af8eb42d56 -> 
========================================================================
Received Prepare
Registering precompiled user dll's ...
Registered in 0.010198 seconds.
Begin MonoManager ReloadAssembly
Native extension for WindowsStandalone target not found
Native extension for WebGL target not found
Refreshing native plugins compatible for Editor in 1.58 ms, found 4 plugins.
Preloading 0 native plugins for Editor in 0.00 ms.
Mono: successfully reloaded assembly
- Completed reload, in  1.642 seconds
Domain Reload Profiling:
	ReloadAssembly (1643ms)
		BeginReloadAssembly (256ms)
			ExecutionOrderSort (0ms)
			DisableScriptedObjects (9ms)
			BackupInstance (0ms)
			ReleaseScriptingObjects (0ms)
			CreateAndSetChildDomain (61ms)
		EndReloadAssembly (1234ms)
			LoadAssemblies (201ms)
			RebuildTransferFunctionScriptingTraits (0ms)
			SetupTypeCache (440ms)
			ReleaseScriptCaches (1ms)
			RebuildScriptCaches (64ms)
			SetupLoadedEditorAssemblies (509ms)
				LogAssemblyErrors (0ms)
				InitializePlatformSupportModulesInManaged (11ms)
				SetLoadedEditorAssemblies (1ms)
				RefreshPlugins (2ms)
				BeforeProcessingInitializeOnLoad (88ms)
				ProcessInitializeOnLoadAttributes (366ms)
				ProcessInitializeOnLoadMethodAttributes (32ms)
				AfterProcessingInitializeOnLoad (10ms)
				EditorAssembliesLoaded (0ms)
			ExecutionOrderSort2 (0ms)
			AwakeInstancesAfterBackupRestoration (9ms)
Platform modules already initialized, skipping
Refreshing native plugins compatible for Editor in 7.08 ms, found 4 plugins.
Preloading 0 native plugins for Editor in 0.00 ms.
Unloading 3297 Unused Serialized files (Serialized files now loaded: 0)
Unloading 30 unused Assets / (0.6 MB). Loaded Objects now: 3815.
Memory consumption went from 124.2 MB to 123.6 MB.
Total: 6.261300 ms (FindLiveObjects: 0.995400 ms CreateObjectMapping: 0.742700 ms MarkObjects: 4.082100 ms  DeleteObjects: 0.437500 ms)

AssetImportParameters requested are different than current active one (requested -> active):
  custom:video-decoder-ogg-theora: a1e56fd34408186e4bbccfd4996cb3dc -> 
  custom:container-muxer-webm: aa71ff27fc2769a1b78a27578f13a17b -> 
  custom:container-demuxer-webm: 4f35f7cbe854078d1ac9338744f61a02 -> 
  custom:video-encoder-webm-vp8: eb34c28f22e8b96e1ab97ce403110664 -> 
  custom:video-codec-MediaFoundation-h265: 746d11721c4dcdbdad8f713fa42b33f4 -> 
  custom:audio-encoder-webm-vorbis: bf7c407c2cedff20999df2af8eb42d56 -> 
  custom:framework-win-MediaFoundation: 216162199b28c13a410421893ffa2e32 -> 
  custom:container-demuxer-ogg: 62fdf1f143b41e24485cea50d1cbac27 -> 
  custom:video-decoder-webm-vp8: 9c59270c3fd7afecdb556c50c9e8de78 -> 
  custom:audio-decoder-ogg-vorbis: bf7c407c2cedff20999df2af8eb42d56 -> 
========================================================================
Received Prepare
Registering precompiled user dll's ...
Registered in 0.009758 seconds.
Begin MonoManager ReloadAssembly
Native extension for WindowsStandalone target not found
Native extension for WebGL target not found
Refreshing native plugins compatible for Editor in 2.32 ms, found 4 plugins.
Preloading 0 native plugins for Editor in 0.00 ms.
Mono: successfully reloaded assembly
- Completed reload, in  2.299 seconds
Domain Reload Profiling:
	ReloadAssembly (2300ms)
		BeginReloadAssembly (255ms)
			ExecutionOrderSort (0ms)
			DisableScriptedObjects (11ms)
			BackupInstance (0ms)
			ReleaseScriptingObjects (0ms)
			CreateAndSetChildDomain (60ms)
		EndReloadAssembly (1841ms)
			LoadAssemblies (217ms)
			RebuildTransferFunctionScriptingTraits (0ms)
			SetupTypeCache (599ms)
			ReleaseScriptCaches (4ms)
			RebuildScriptCaches (97ms)
			SetupLoadedEditorAssemblies (848ms)
				LogAssemblyErrors (0ms)
				InitializePlatformSupportModulesInManaged (19ms)
				SetLoadedEditorAssemblies (1ms)
				RefreshPlugins (2ms)
				BeforeProcessingInitializeOnLoad (136ms)
				ProcessInitializeOnLoadAttributes (614ms)
				ProcessInitializeOnLoadMethodAttributes (55ms)
				AfterProcessingInitializeOnLoad (20ms)
				EditorAssembliesLoaded (0ms)
			ExecutionOrderSort2 (0ms)
			AwakeInstancesAfterBackupRestoration (15ms)
Platform modules already initialized, skipping
Refreshing native plugins compatible for Editor in 7.41 ms, found 4 plugins.
Preloading 0 native plugins for Editor in 0.00 ms.
Unloading 3457 Unused Serialized files (Serialized files now loaded: 0)
Unloading 32 unused Assets / (0.7 MB). Loaded Objects now: 3987.
Memory consumption went from 130.0 MB to 129.3 MB.
Total: 6.723100 ms (FindLiveObjects: 0.488800 ms CreateObjectMapping: 0.192600 ms MarkObjects: 5.425500 ms  DeleteObjects: 0.613500 ms)

AssetImportParameters requested are different than current active one (requested -> active):
  custom:video-decoder-ogg-theora: a1e56fd34408186e4bbccfd4996cb3dc -> 
  custom:container-muxer-webm: aa71ff27fc2769a1b78a27578f13a17b -> 
  custom:container-demuxer-webm: 4f35f7cbe854078d1ac9338744f61a02 -> 
  custom:video-encoder-webm-vp8: eb34c28f22e8b96e1ab97ce403110664 -> 
  custom:video-codec-MediaFoundation-h265: 746d11721c4dcdbdad8f713fa42b33f4 -> 
  custom:audio-encoder-webm-vorbis: bf7c407c2cedff20999df2af8eb42d56 -> 
  custom:framework-win-MediaFoundation: 216162199b28c13a410421893ffa2e32 -> 
  custom:container-demuxer-ogg: 62fdf1f143b41e24485cea50d1cbac27 -> 
  custom:video-decoder-webm-vp8: 9c59270c3fd7afecdb556c50c9e8de78 -> 
  custom:audio-decoder-ogg-vorbis: bf7c407c2cedff20999df2af8eb42d56 -> 
========================================================================
Received Import Request.
  Time since last request: 245.492886 seconds.
  path: Assets/Enemy GhostCharacter_Free/Scenes
  artifactKey: Guid(88ee970f24eb24815beb3808830582b3) Importer(815301076,1909f56bfc062723c751e8b465ee728b)
Start importing Assets/Enemy GhostCharacter_Free/Scenes using Guid(88ee970f24eb24815beb3808830582b3) Importer(815301076,1909f56bfc062723c751e8b465ee728b)  -> (artifact id: '7a60ade436bb08516394464dbce1618f') in 0.012212 seconds 
========================================================================
Received Import Request.
  Time since last request: 0.902053 seconds.
  path: Assets/Enemy GhostCharacter_Free/Scenes/DemoScene.unity
  artifactKey: Guid(0c7e2bcbaf820497e88d5d7be74e88c8) Importer(815301076,1909f56bfc062723c751e8b465ee728b)
Start importing Assets/Enemy GhostCharacter_Free/Scenes/DemoScene.unity using Guid(0c7e2bcbaf820497e88d5d7be74e88c8) Importer(815301076,1909f56bfc062723c751e8b465ee728b)  -> (artifact id: 'a8ee9ab5c93a2c96d3d37a7fb4e35835') in 0.003251 seconds 
========================================================================
Received Prepare
Registering precompiled user dll's ...
Registered in 0.007421 seconds.
Begin MonoManager ReloadAssembly
Native extension for WindowsStandalone target not found
Native extension for WebGL target not found
Refreshing native plugins compatible for Editor in 1.42 ms, found 4 plugins.
Preloading 0 native plugins for Editor in 0.00 ms.
Mono: successfully reloaded assembly
- Completed reload, in  2.047 seconds
Domain Reload Profiling:
	ReloadAssembly (2049ms)
		BeginReloadAssembly (256ms)
			ExecutionOrderSort (0ms)
			DisableScriptedObjects (5ms)
			BackupInstance (0ms)
			ReleaseScriptingObjects (0ms)
			CreateAndSetChildDomain (53ms)
		EndReloadAssembly (1631ms)
			LoadAssemblies (231ms)
			RebuildTransferFunctionScriptingTraits (0ms)
			SetupTypeCache (467ms)
			ReleaseScriptCaches (3ms)
			RebuildScriptCaches (133ms)
			SetupLoadedEditorAssemblies (701ms)
				LogAssemblyErrors (0ms)
				InitializePlatformSupportModulesInManaged (10ms)
				SetLoadedEditorAssemblies (1ms)
				RefreshPlugins (2ms)
				BeforeProcessingInitializeOnLoad (97ms)
				ProcessInitializeOnLoadAttributes (529ms)
				ProcessInitializeOnLoadMethodAttributes (48ms)
				AfterProcessingInitializeOnLoad (14ms)
				EditorAssembliesLoaded (0ms)
			ExecutionOrderSort2 (0ms)
			AwakeInstancesAfterBackupRestoration (15ms)
Platform modules already initialized, skipping
Refreshing native plugins compatible for Editor in 6.71 ms, found 4 plugins.
Preloading 0 native plugins for Editor in 0.00 ms.
Unloading 3457 Unused Serialized files (Serialized files now loaded: 0)
Unloading 32 unused Assets / (0.7 MB). Loaded Objects now: 4002.
Memory consumption went from 130.0 MB to 129.3 MB.
Total: 6.019300 ms (FindLiveObjects: 1.096800 ms CreateObjectMapping: 0.672400 ms MarkObjects: 3.825200 ms  DeleteObjects: 0.421900 ms)

AssetImportParameters requested are different than current active one (requested -> active):
  custom:video-decoder-ogg-theora: a1e56fd34408186e4bbccfd4996cb3dc -> 
  custom:container-muxer-webm: aa71ff27fc2769a1b78a27578f13a17b -> 
  custom:container-demuxer-webm: 4f35f7cbe854078d1ac9338744f61a02 -> 
  custom:video-encoder-webm-vp8: eb34c28f22e8b96e1ab97ce403110664 -> 
  custom:video-codec-MediaFoundation-h265: 746d11721c4dcdbdad8f713fa42b33f4 -> 
  custom:audio-encoder-webm-vorbis: bf7c407c2cedff20999df2af8eb42d56 -> 
  custom:framework-win-MediaFoundation: 216162199b28c13a410421893ffa2e32 -> 
  custom:container-demuxer-ogg: 62fdf1f143b41e24485cea50d1cbac27 -> 
  custom:video-decoder-webm-vp8: 9c59270c3fd7afecdb556c50c9e8de78 -> 
  custom:audio-decoder-ogg-vorbis: bf7c407c2cedff20999df2af8eb42d56 -> 
========================================================================
Received Import Request.
  Time since last request: 24.373508 seconds.
  path: Assets/Enemy2 Mini Simple Characters Skeleton Demo
  artifactKey: Guid(d1d9ec4d70647444f89d98cba8d18598) Importer(815301076,1909f56bfc062723c751e8b465ee728b)
Start importing Assets/Enemy2 Mini Simple Characters Skeleton Demo using Guid(d1d9ec4d70647444f89d98cba8d18598) Importer(815301076,1909f56bfc062723c751e8b465ee728b)  -> (artifact id: '70ba55e1e92d466b3ebefb42efae75c9') in 0.012471 seconds 
========================================================================
Received Import Request.
  Time since last request: 2.401829 seconds.
  path: Assets/Enemy2 Mini Simple Characters Skeleton Demo/Materials
  artifactKey: Guid(43d2948ca2b24c745be15efff39e5041) Importer(815301076,1909f56bfc062723c751e8b465ee728b)
Start importing Assets/Enemy2 Mini Simple Characters Skeleton Demo/Materials using Guid(43d2948ca2b24c745be15efff39e5041) Importer(815301076,1909f56bfc062723c751e8b465ee728b)  -> (artifact id: '9d1e80b2ad4e93e12efe384f00f1bebf') in 0.003766 seconds 
========================================================================
Received Import Request.
  Time since last request: 0.332236 seconds.
  path: Assets/Enemy2 Mini Simple Characters Skeleton Demo/Models
  artifactKey: Guid(9cfa3f335b1fe394ab43f458f5f88039) Importer(815301076,1909f56bfc062723c751e8b465ee728b)
Start importing Assets/Enemy2 Mini Simple Characters Skeleton Demo/Models using Guid(9cfa3f335b1fe394ab43f458f5f88039) Importer(815301076,1909f56bfc062723c751e8b465ee728b)  -> (artifact id: '52f9fc65ffb418c1bb5390d0c906b594') in 0.003703 seconds 
========================================================================
Received Import Request.
  Time since last request: 34.873241 seconds.
  path: Assets/Enemy2 Mini Simple Characters Skeleton Demo/Scenes
  artifactKey: Guid(a6c9e6545f51f02468ef36ad60c18d85) Importer(815301076,1909f56bfc062723c751e8b465ee728b)
Start importing Assets/Enemy2 Mini Simple Characters Skeleton Demo/Scenes using Guid(a6c9e6545f51f02468ef36ad60c18d85) Importer(815301076,1909f56bfc062723c751e8b465ee728b)  -> (artifact id: '8f07e1ed5101f64d0ac3a0c84ee3b085') in 0.004069 seconds 
========================================================================
Received Import Request.
  Time since last request: 2.631810 seconds.
  path: Assets/Enemy2 Mini Simple Characters Skeleton Demo/Scenes/Mini Simple Characters Skeleton Demo Scene.unity
  artifactKey: Guid(7c9b5872edb1497409e253dd0da3f5e5) Importer(815301076,1909f56bfc062723c751e8b465ee728b)
Start importing Assets/Enemy2 Mini Simple Characters Skeleton Demo/Scenes/Mini Simple Characters Skeleton Demo Scene.unity using Guid(7c9b5872edb1497409e253dd0da3f5e5) Importer(815301076,1909f56bfc062723c751e8b465ee728b)  -> (artifact id: 'c183123a45e3edc0ce25b2f949317e46') in 0.004113 seconds 
========================================================================
Received Prepare
Registering precompiled user dll's ...
Registered in 0.009343 seconds.
Begin MonoManager ReloadAssembly
Native extension for WindowsStandalone target not found
Native extension for WebGL target not found
Refreshing native plugins compatible for Editor in 1.58 ms, found 4 plugins.
Preloading 0 native plugins for Editor in 0.00 ms.
Mono: successfully reloaded assembly
- Completed reload, in  2.535 seconds
Domain Reload Profiling:
	ReloadAssembly (2537ms)
		BeginReloadAssembly (318ms)
			ExecutionOrderSort (0ms)
			DisableScriptedObjects (8ms)
			BackupInstance (0ms)
			ReleaseScriptingObjects (0ms)
			CreateAndSetChildDomain (60ms)
		EndReloadAssembly (1996ms)
			LoadAssemblies (270ms)
			RebuildTransferFunctionScriptingTraits (0ms)
			SetupTypeCache (606ms)
			ReleaseScriptCaches (3ms)
			RebuildScriptCaches (165ms)
			SetupLoadedEditorAssemblies (834ms)
				LogAssemblyErrors (0ms)
				InitializePlatformSupportModulesInManaged (18ms)
				SetLoadedEditorAssemblies (1ms)
				RefreshPlugins (2ms)
				BeforeProcessingInitializeOnLoad (140ms)
				ProcessInitializeOnLoadAttributes (598ms)
				ProcessInitializeOnLoadMethodAttributes (55ms)
				AfterProcessingInitializeOnLoad (20ms)
				EditorAssembliesLoaded (0ms)
			ExecutionOrderSort2 (0ms)
			AwakeInstancesAfterBackupRestoration (13ms)
Platform modules already initialized, skipping
Refreshing native plugins compatible for Editor in 5.00 ms, found 4 plugins.
Preloading 0 native plugins for Editor in 0.00 ms.
Unloading 3457 Unused Serialized files (Serialized files now loaded: 0)
Unloading 32 unused Assets / (0.7 MB). Loaded Objects now: 4017.
Memory consumption went from 130.0 MB to 129.4 MB.
Total: 4.729600 ms (FindLiveObjects: 0.429600 ms CreateObjectMapping: 0.285600 ms MarkObjects: 3.529700 ms  DeleteObjects: 0.481500 ms)

AssetImportParameters requested are different than current active one (requested -> active):
  custom:video-decoder-ogg-theora: a1e56fd34408186e4bbccfd4996cb3dc -> 
  custom:container-muxer-webm: aa71ff27fc2769a1b78a27578f13a17b -> 
  custom:container-demuxer-webm: 4f35f7cbe854078d1ac9338744f61a02 -> 
  custom:video-encoder-webm-vp8: eb34c28f22e8b96e1ab97ce403110664 -> 
  custom:video-codec-MediaFoundation-h265: 746d11721c4dcdbdad8f713fa42b33f4 -> 
  custom:audio-encoder-webm-vorbis: bf7c407c2cedff20999df2af8eb42d56 -> 
  custom:framework-win-MediaFoundation: 216162199b28c13a410421893ffa2e32 -> 
  custom:container-demuxer-ogg: 62fdf1f143b41e24485cea50d1cbac27 -> 
  custom:video-decoder-webm-vp8: 9c59270c3fd7afecdb556c50c9e8de78 -> 
  custom:audio-decoder-ogg-vorbis: bf7c407c2cedff20999df2af8eb42d56 -> 
========================================================================
Received Prepare
Registering precompiled user dll's ...
Registered in 0.010452 seconds.
Begin MonoManager ReloadAssembly
Native extension for WindowsStandalone target not found
Native extension for WebGL target not found
Refreshing native plugins compatible for Editor in 0.95 ms, found 4 plugins.
Preloading 0 native plugins for Editor in 0.00 ms.
Mono: successfully reloaded assembly
- Completed reload, in  2.480 seconds
Domain Reload Profiling:
	ReloadAssembly (2482ms)
		BeginReloadAssembly (307ms)
			ExecutionOrderSort (0ms)
			DisableScriptedObjects (8ms)
			BackupInstance (0ms)
			ReleaseScriptingObjects (0ms)
			CreateAndSetChildDomain (54ms)
		EndReloadAssembly (1953ms)
			LoadAssemblies (266ms)
			RebuildTransferFunctionScriptingTraits (0ms)
			SetupTypeCache (609ms)
			ReleaseScriptCaches (3ms)
			RebuildScriptCaches (161ms)
			SetupLoadedEditorAssemblies (795ms)
				LogAssemblyErrors (0ms)
				InitializePlatformSupportModulesInManaged (15ms)
				SetLoadedEditorAssemblies (1ms)
				RefreshPlugins (1ms)
				BeforeProcessingInitializeOnLoad (117ms)
				ProcessInitializeOnLoadAttributes (584ms)
				ProcessInitializeOnLoadMethodAttributes (54ms)
				AfterProcessingInitializeOnLoad (21ms)
				EditorAssembliesLoaded (0ms)
			ExecutionOrderSort2 (0ms)
			AwakeInstancesAfterBackupRestoration (12ms)
Platform modules already initialized, skipping
Refreshing native plugins compatible for Editor in 7.48 ms, found 4 plugins.
Preloading 0 native plugins for Editor in 0.00 ms.
Unloading 3457 Unused Serialized files (Serialized files now loaded: 0)
Unloading 32 unused Assets / (0.7 MB). Loaded Objects now: 4032.
Memory consumption went from 130.0 MB to 129.4 MB.
Total: 5.986800 ms (FindLiveObjects: 0.395900 ms CreateObjectMapping: 0.337500 ms MarkObjects: 4.684500 ms  DeleteObjects: 0.566400 ms)

AssetImportParameters requested are different than current active one (requested -> active):
  custom:video-decoder-ogg-theora: a1e56fd34408186e4bbccfd4996cb3dc -> 
  custom:container-muxer-webm: aa71ff27fc2769a1b78a27578f13a17b -> 
  custom:container-demuxer-webm: 4f35f7cbe854078d1ac9338744f61a02 -> 
  custom:video-encoder-webm-vp8: eb34c28f22e8b96e1ab97ce403110664 -> 
  custom:video-codec-MediaFoundation-h265: 746d11721c4dcdbdad8f713fa42b33f4 -> 
  custom:audio-encoder-webm-vorbis: bf7c407c2cedff20999df2af8eb42d56 -> 
  custom:framework-win-MediaFoundation: 216162199b28c13a410421893ffa2e32 -> 
  custom:container-demuxer-ogg: 62fdf1f143b41e24485cea50d1cbac27 -> 
  custom:video-decoder-webm-vp8: 9c59270c3fd7afecdb556c50c9e8de78 -> 
  custom:audio-decoder-ogg-vorbis: bf7c407c2cedff20999df2af8eb42d56 -> 
========================================================================
Received Import Request.
  Time since last request: 26.700198 seconds.
  path: Assets/Yaman
  artifactKey: Guid(309b29299e9a85d448c76ba9f9af6797) Importer(815301076,1909f56bfc062723c751e8b465ee728b)
Start importing Assets/Yaman using Guid(309b29299e9a85d448c76ba9f9af6797) Importer(815301076,1909f56bfc062723c751e8b465ee728b)  -> (artifact id: '6adc8d3029d73d52f5cb05a2e07fac49') in 0.011167 seconds 
========================================================================
Received Import Request.
  Time since last request: 5.996879 seconds.
  path: Assets/Yaman/Level1-Tempolates
  artifactKey: Guid(69d412cd758848a4eb933fd48052549f) Importer(815301076,1909f56bfc062723c751e8b465ee728b)
Start importing Assets/Yaman/Level1-Tempolates using Guid(69d412cd758848a4eb933fd48052549f) Importer(815301076,1909f56bfc062723c751e8b465ee728b)  -> (artifact id: 'cf6365859b2b767c97689e838430240d') in 0.003941 seconds 
========================================================================
Received Import Request.
  Time since last request: 0.075668 seconds.
  path: Assets/Yaman/Level1-Tempolates/carpet.prefab
  artifactKey: Guid(20e59e22770798b479df157b4a42de51) Importer(815301076,1909f56bfc062723c751e8b465ee728b)
Start importing Assets/Yaman/Level1-Tempolates/carpet.prefab using Guid(20e59e22770798b479df157b4a42de51) Importer(815301076,1909f56bfc062723c751e8b465ee728b)  -> (artifact id: '47d8321ca96162a789629292876d35d2') in 0.179587 seconds 
========================================================================
Received Import Request.
  Time since last request: 0.000041 seconds.
  path: Assets/Yaman/Level1-Tempolates/main-entrance.prefab
  artifactKey: Guid(46d4e5a6b772d0d49888aa4a269751f1) Importer(815301076,1909f56bfc062723c751e8b465ee728b)
Start importing Assets/Yaman/Level1-Tempolates/main-entrance.prefab using Guid(46d4e5a6b772d0d49888aa4a269751f1) Importer(815301076,1909f56bfc062723c751e8b465ee728b)  -> (artifact id: 'd2d47529d1dd8fd1e34e1c410299fa9f') in 0.230189 seconds 
========================================================================
Received Import Request.
  Time since last request: 2.295607 seconds.
  path: Assets/Yaman/Level1-Tempolates/Normal
  artifactKey: Guid(a9cd7a80c74b04641be10f89f619d2c8) Importer(815301076,1909f56bfc062723c751e8b465ee728b)
Start importing Assets/Yaman/Level1-Tempolates/Normal using Guid(a9cd7a80c74b04641be10f89f619d2c8) Importer(815301076,1909f56bfc062723c751e8b465ee728b)  -> (artifact id: 'c70022f7d56b189bfddc96077af9f861') in 0.003761 seconds 
========================================================================
Received Import Request.
  Time since last request: 0.043252 seconds.
  path: Assets/Yaman/Level1-Tempolates/Normal/floorCollection.prefab
  artifactKey: Guid(289d0f8f0ac170e45a7a33543f962866) Importer(815301076,1909f56bfc062723c751e8b465ee728b)
Start importing Assets/Yaman/Level1-Tempolates/Normal/floorCollection.prefab using Guid(289d0f8f0ac170e45a7a33543f962866) Importer(815301076,1909f56bfc062723c751e8b465ee728b)  -> (artifact id: 'ee2f14cec676e1b9f49484ead787642f') in 0.040130 seconds 
========================================================================
Received Import Request.
  Time since last request: 0.000037 seconds.
  path: Assets/Yaman/Level1-Tempolates/Normal/straightPathWindowTemplate.prefab
  artifactKey: Guid(17a704dfbc479904ea68f3302159fcc4) Importer(815301076,1909f56bfc062723c751e8b465ee728b)
Start importing Assets/Yaman/Level1-Tempolates/Normal/straightPathWindowTemplate.prefab using Guid(17a704dfbc479904ea68f3302159fcc4) Importer(815301076,1909f56bfc062723c751e8b465ee728b)  -> (artifact id: '47c24ba4cda34b23b6cac578b9fe0613') in 0.036387 seconds 
========================================================================
Received Import Request.
  Time since last request: 5.323550 seconds.
  path: Assets/Yaman/Level1-Tempolates/narrow
  artifactKey: Guid(9885710a0fe533847b91149c31dc4ba8) Importer(815301076,1909f56bfc062723c751e8b465ee728b)
Start importing Assets/Yaman/Level1-Tempolates/narrow using Guid(9885710a0fe533847b91149c31dc4ba8) Importer(815301076,1909f56bfc062723c751e8b465ee728b)  -> (artifact id: '0be534c71293e83cac0ccf35136249dc') in 0.004335 seconds 
========================================================================
Received Import Request.
  Time since last request: 5.822683 seconds.
  path: Assets/Yaman/Level1-Tempolates/narrow/narrowCorridor.prefab
  artifactKey: Guid(d6c14897d49330e4194cb763d2237c36) Importer(815301076,1909f56bfc062723c751e8b465ee728b)
Start importing Assets/Yaman/Level1-Tempolates/narrow/narrowCorridor.prefab using Guid(d6c14897d49330e4194cb763d2237c36) Importer(815301076,1909f56bfc062723c751e8b465ee728b)  -> (artifact id: '7f67801999a9c2015a8a9d60341a3bde') in 0.039561 seconds 
========================================================================
Received Import Request.
  Time since last request: 0.000041 seconds.
  path: Assets/Yaman/Level1-Tempolates/narrow/narrowCorridor_TShape_.prefab
  artifactKey: Guid(2e541de7836c9874cabf5fc62249bb6b) Importer(815301076,1909f56bfc062723c751e8b465ee728b)
Start importing Assets/Yaman/Level1-Tempolates/narrow/narrowCorridor_TShape_.prefab using Guid(2e541de7836c9874cabf5fc62249bb6b) Importer(815301076,1909f56bfc062723c751e8b465ee728b)  -> (artifact id: '796ddb1091168d8e67bd5565b5c9f471') in 0.028246 seconds 
========================================================================
Received Import Request.
  Time since last request: 471.071392 seconds.
  path: Assets/KidsCharacterFree/Prefabs
  artifactKey: Guid(cd132b45d908e4e9fa3dfff2a9fe64d9) Importer(815301076,1909f56bfc062723c751e8b465ee728b)
Start importing Assets/KidsCharacterFree/Prefabs using Guid(cd132b45d908e4e9fa3dfff2a9fe64d9) Importer(815301076,1909f56bfc062723c751e8b465ee728b)  -> (artifact id: '95ff4c75e6cf60423c84821cc029af32') in 0.003579 seconds 
========================================================================
Received Import Request.
  Time since last request: 35.539723 seconds.
  path: Assets/Level 2 Simple Modular Dungeon/Prefabs/Arch & Pillars
  artifactKey: Guid(4531f3f7d00663a4cbf7951fc8925de3) Importer(815301076,1909f56bfc062723c751e8b465ee728b)
Start importing Assets/Level 2 Simple Modular Dungeon/Prefabs/Arch & Pillars using Guid(4531f3f7d00663a4cbf7951fc8925de3) Importer(815301076,1909f56bfc062723c751e8b465ee728b)  -> (artifact id: '4b8503bb5aa01b5d457bf886025d6b3a') in 0.003181 seconds 
========================================================================
Received Import Request.
  Time since last request: 0.044223 seconds.
  path: Assets/Level 2 Simple Modular Dungeon/Prefabs/Arch & Pillars/Pillar Parent 001.prefab
  artifactKey: Guid(77c8c1c2c662d3c41aad2278a254fde0) Importer(815301076,1909f56bfc062723c751e8b465ee728b)
Start importing Assets/Level 2 Simple Modular Dungeon/Prefabs/Arch & Pillars/Pillar Parent 001.prefab using Guid(77c8c1c2c662d3c41aad2278a254fde0) Importer(815301076,1909f56bfc062723c751e8b465ee728b)  -> (artifact id: '9d2d44f575370880494e9a8938646ec7') in 0.023490 seconds 
========================================================================
Received Import Request.
  Time since last request: 0.000039 seconds.
  path: Assets/Level 2 Simple Modular Dungeon/Prefabs/Arch & Pillars/Pillar Parent 003.prefab
  artifactKey: Guid(3d8c114f6e9c83e4ca04a6782f008b1b) Importer(815301076,1909f56bfc062723c751e8b465ee728b)
Start importing Assets/Level 2 Simple Modular Dungeon/Prefabs/Arch & Pillars/Pillar Parent 003.prefab using Guid(3d8c114f6e9c83e4ca04a6782f008b1b) Importer(815301076,1909f56bfc062723c751e8b465ee728b)  -> (artifact id: 'c23785ae9e540dceca00b73923efbf81') in 0.025104 seconds 
========================================================================
Received Import Request.
  Time since last request: 2.228905 seconds.
  path: Assets/Level 2 Simple Modular Dungeon/Prefabs/Floors & Stair
  artifactKey: Guid(caa90b8d7ecb9b94e9126900439366c7) Importer(815301076,1909f56bfc062723c751e8b465ee728b)
Start importing Assets/Level 2 Simple Modular Dungeon/Prefabs/Floors & Stair using Guid(caa90b8d7ecb9b94e9126900439366c7) Importer(815301076,1909f56bfc062723c751e8b465ee728b)  -> (artifact id: '5ae84eaa4d65004047f01f0cb91f6050') in 0.003333 seconds 
========================================================================
Received Import Request.
  Time since last request: 0.068928 seconds.
  path: Assets/Level 2 Simple Modular Dungeon/Prefabs/Floors & Stair/Floor Rock Parent 001 .prefab
  artifactKey: Guid(46213ca8f32bf1142a1a90d5a66e459d) Importer(815301076,1909f56bfc062723c751e8b465ee728b)
Start importing Assets/Level 2 Simple Modular Dungeon/Prefabs/Floors & Stair/Floor Rock Parent 001 .prefab using Guid(46213ca8f32bf1142a1a90d5a66e459d) Importer(815301076,1909f56bfc062723c751e8b465ee728b)  -> (artifact id: '2e009d5702cbd4af533121654203bcaf') in 0.025779 seconds 
========================================================================
Received Import Request.
  Time since last request: 0.000041 seconds.
  path: Assets/Level 2 Simple Modular Dungeon/Prefabs/Floors & Stair/Stair Parent 001.prefab
  artifactKey: Guid(aa50862e18c864c4f86eb776cd73070c) Importer(815301076,1909f56bfc062723c751e8b465ee728b)
Start importing Assets/Level 2 Simple Modular Dungeon/Prefabs/Floors & Stair/Stair Parent 001.prefab using Guid(aa50862e18c864c4f86eb776cd73070c) Importer(815301076,1909f56bfc062723c751e8b465ee728b)  -> (artifact id: '107fd2b0f8baa8f8962cdc1862bd71fc') in 0.025822 seconds 
========================================================================
Received Import Request.
  Time since last request: 0.000035 seconds.
  path: Assets/Level 2 Simple Modular Dungeon/Prefabs/Floors & Stair/Floor_Plain_Parent.prefab
  artifactKey: Guid(3964c23ae9838e84889ea6d65b5861aa) Importer(815301076,1909f56bfc062723c751e8b465ee728b)
Start importing Assets/Level 2 Simple Modular Dungeon/Prefabs/Floors & Stair/Floor_Plain_Parent.prefab using Guid(3964c23ae9838e84889ea6d65b5861aa) Importer(815301076,1909f56bfc062723c751e8b465ee728b)  -> (artifact id: '04af78e0aacf87228d831e22223a53be') in 0.021152 seconds 
========================================================================
Received Import Request.
  Time since last request: 1.969620 seconds.
  path: Assets/Level 2 Simple Modular Dungeon/Prefabs/Light Sources
  artifactKey: Guid(0ceb718b02cfe374ba1f53c435135cd1) Importer(815301076,1909f56bfc062723c751e8b465ee728b)
Start importing Assets/Level 2 Simple Modular Dungeon/Prefabs/Light Sources using Guid(0ceb718b02cfe374ba1f53c435135cd1) Importer(815301076,1909f56bfc062723c751e8b465ee728b)  -> (artifact id: 'f982886d1a11af8b96559a743bca2e9e') in 0.003855 seconds 
========================================================================
Received Import Request.
  Time since last request: 0.031771 seconds.
  path: Assets/Level 2 Simple Modular Dungeon/Prefabs/Light Sources/Lava Grate Parent 001.prefab
  artifactKey: Guid(4e4108b8244889646b6ea581c4a3f716) Importer(815301076,1909f56bfc062723c751e8b465ee728b)
Start importing Assets/Level 2 Simple Modular Dungeon/Prefabs/Light Sources/Lava Grate Parent 001.prefab using Guid(4e4108b8244889646b6ea581c4a3f716) Importer(815301076,1909f56bfc062723c751e8b465ee728b)  -> (artifact id: 'dd43b5063a7a434cdd8a87b7d7bb7f75') in 0.263987 seconds 
========================================================================
Received Import Request.
  Time since last request: 0.000068 seconds.
  path: Assets/Level 2 Simple Modular Dungeon/Prefabs/Light Sources/Torch Parent 001.prefab
  artifactKey: Guid(99a8578a2180fe04b894fa6decac87ac) Importer(815301076,1909f56bfc062723c751e8b465ee728b)
Start importing Assets/Level 2 Simple Modular Dungeon/Prefabs/Light Sources/Torch Parent 001.prefab using Guid(99a8578a2180fe04b894fa6decac87ac) Importer(815301076,1909f56bfc062723c751e8b465ee728b)  -> (artifact id: '7e6e994a414c69a64f3e51ee409cb0bf') in 0.070881 seconds 
========================================================================
Received Import Request.
  Time since last request: 0.000062 seconds.
  path: Assets/Level 2 Simple Modular Dungeon/Prefabs/Light Sources/Stone Chalice Parent 002.prefab
  artifactKey: Guid(2477f1925337568479938d135074d127) Importer(815301076,1909f56bfc062723c751e8b465ee728b)
Start importing Assets/Level 2 Simple Modular Dungeon/Prefabs/Light Sources/Stone Chalice Parent 002.prefab using Guid(2477f1925337568479938d135074d127) Importer(815301076,1909f56bfc062723c751e8b465ee728b)  -> (artifact id: '195b51e4f7f570168e801f8991af027c') in 0.046267 seconds 
Editor requested this worker to shutdown with reason: Scaling down because of idle timeout
AssetImportWorker is now disconnected from the server
Process exiting
Exiting without the bug reporter. Application will terminate with return code 0