Using pre-set license
Built from '2021.3/staging' branch; Version is '2021.3.24f1 (cf10dcf7010d) revision 13570268'; Using compiler version '192829333'; Build Type 'Release'
OS: 'Windows 11  (10.0.22631) 64bit Core' Language: 'en' Physical Memory: 16145 MB
BatchMode: 1, IsHumanControllingUs: 0, StartBugReporterOnCrash: 0, Is64bit: 1, IsPro: 1

COMMAND LINE ARGUMENTS:
C:\Program Files\Unity\Hub\Editor\2021.3.24f1\Editor\Unity.exe
-adb2
-batchMode
-noUpm
-name
AssetImportWorker8
-projectPath
C:/Users/Hibba Qaraman/OneDrive/Desktop/Game-Dev-Project
-logFile
Logs/AssetImportWorker8.log
-srvPort
55310
Successfully changed project path to: C:/Users/Hibba Qaraman/OneDrive/Desktop/Game-Dev-Project
C:/Users/Hibba Qaraman/OneDrive/Desktop/Game-Dev-Project
[UnityMemory] Configuration Parameters - Can be set up in boot.config
    "memorysetup-bucket-allocator-granularity=16"
    "memorysetup-bucket-allocator-bucket-count=8"
    "memorysetup-bucket-allocator-block-size=33554432"
    "memorysetup-bucket-allocator-block-count=8"
    "memorysetup-main-allocator-block-size=16777216"
    "memorysetup-thread-allocator-block-size=16777216"
    "memorysetup-gfx-main-allocator-block-size=16777216"
    "memorysetup-gfx-thread-allocator-block-size=16777216"
    "memorysetup-cache-allocator-block-size=4194304"
    "memorysetup-typetree-allocator-block-size=2097152"
    "memorysetup-profiler-bucket-allocator-granularity=16"
    "memorysetup-profiler-bucket-allocator-bucket-count=8"
    "memorysetup-profiler-bucket-allocator-block-size=33554432"
    "memorysetup-profiler-bucket-allocator-block-count=8"
    "memorysetup-profiler-allocator-block-size=16777216"
    "memorysetup-profiler-editor-allocator-block-size=1048576"
    "memorysetup-temp-allocator-size-main=16777216"
    "memorysetup-job-temp-allocator-block-size=2097152"
    "memorysetup-job-temp-allocator-block-size-background=1048576"
    "memorysetup-job-temp-allocator-reduction-small-platforms=262144"
    "memorysetup-temp-allocator-size-background-worker=32768"
    "memorysetup-temp-allocator-size-job-worker=262144"
    "memorysetup-temp-allocator-size-preload-manager=33554432"
    "memorysetup-temp-allocator-size-nav-mesh-worker=65536"
    "memorysetup-temp-allocator-size-audio-worker=65536"
    "memorysetup-temp-allocator-size-cloud-worker=32768"
    "memorysetup-temp-allocator-size-gi-baking-worker=262144"
    "memorysetup-temp-allocator-size-gfx=262144"
Unable to join player connection multicast group (err: 10013).
Player connection [50152] Host "[IP] 192.168.158.1 [Port] 0 [Flags] 2 [Guid] 2716111363 [EditorId] 2716111363 [Version] 1048832 [Id] WindowsEditor(7,HIBBA-22PC) [Debug] 1 [PackageName] WindowsEditor [ProjectName] Editor" joined alternative multi-casting on [225.0.0.222:34997]...

Refreshing native plugins compatible for Editor in 68.84 ms, found 4 plugins.
Preloading 0 native plugins for Editor in 0.00 ms.
Initialize engine version: 2021.3.24f1 (cf10dcf7010d)
[Subsystems] Discovering subsystems at path C:/Program Files/Unity/Hub/Editor/2021.3.24f1/Editor/Data/Resources/UnitySubsystems
[Subsystems] Discovering subsystems at path C:/Users/Hibba Qaraman/OneDrive/Desktop/Game-Dev-Project/Assets
GfxDevice: creating device client; threaded=0; jobified=0
Direct3D:
    Version:  Direct3D 11.0 [level 11.1]
    Renderer: Intel(R) Iris(R) Xe Graphics (ID=0x9a49)
    Vendor:   Intel
    VRAM:     8072 MB
    Driver:   30.0.101.1191
Initialize mono
Mono path[0] = 'C:/Program Files/Unity/Hub/Editor/2021.3.24f1/Editor/Data/Managed'
Mono path[1] = 'C:/Program Files/Unity/Hub/Editor/2021.3.24f1/Editor/Data/MonoBleedingEdge/lib/mono/unityjit-win32'
Mono config path = 'C:/Program Files/Unity/Hub/Editor/2021.3.24f1/Editor/Data/MonoBleedingEdge/etc'
Using monoOptions --debugger-agent=transport=dt_socket,embedding=1,server=y,suspend=n,address=127.0.0.1:56264
Begin MonoManager ReloadAssembly
Registering precompiled unity dll's ...
Register platform support module: C:/Program Files/Unity/Hub/Editor/2021.3.24f1/Editor/Data/PlaybackEngines/WebGLSupport/UnityEditor.WebGL.Extensions.dll
Register platform support module: C:/Program Files/Unity/Hub/Editor/2021.3.24f1/Editor/Data/PlaybackEngines/WindowsStandaloneSupport/UnityEditor.WindowsStandalone.Extensions.dll
Registered in 0.006815 seconds.
Native extension for WindowsStandalone target not found
Native extension for WebGL target not found
Refreshing native plugins compatible for Editor in 59.60 ms, found 4 plugins.
Preloading 0 native plugins for Editor in 0.00 ms.
Mono: successfully reloaded assembly
- Completed reload, in  0.549 seconds
Domain Reload Profiling:
	ReloadAssembly (550ms)
		BeginReloadAssembly (82ms)
			ExecutionOrderSort (0ms)
			DisableScriptedObjects (0ms)
			BackupInstance (0ms)
			ReleaseScriptingObjects (0ms)
			CreateAndSetChildDomain (1ms)
		EndReloadAssembly (380ms)
			LoadAssemblies (81ms)
			RebuildTransferFunctionScriptingTraits (0ms)
			SetupTypeCache (87ms)
			ReleaseScriptCaches (0ms)
			RebuildScriptCaches (24ms)
			SetupLoadedEditorAssemblies (227ms)
				LogAssemblyErrors (0ms)
				InitializePlatformSupportModulesInManaged (9ms)
				SetLoadedEditorAssemblies (0ms)
				RefreshPlugins (60ms)
				BeforeProcessingInitializeOnLoad (1ms)
				ProcessInitializeOnLoadAttributes (111ms)
				ProcessInitializeOnLoadMethodAttributes (46ms)
				AfterProcessingInitializeOnLoad (0ms)
				EditorAssembliesLoaded (0ms)
			ExecutionOrderSort2 (0ms)
			AwakeInstancesAfterBackupRestoration (0ms)
Platform modules already initialized, skipping
Registering precompiled user dll's ...
Registered in 0.009067 seconds.
Begin MonoManager ReloadAssembly
Native extension for WindowsStandalone target not found
Native extension for WebGL target not found
Refreshing native plugins compatible for Editor in 0.92 ms, found 4 plugins.
Preloading 0 native plugins for Editor in 0.00 ms.
Mono: successfully reloaded assembly
- Completed reload, in  1.098 seconds
Domain Reload Profiling:
	ReloadAssembly (1099ms)
		BeginReloadAssembly (130ms)
			ExecutionOrderSort (0ms)
			DisableScriptedObjects (9ms)
			BackupInstance (0ms)
			ReleaseScriptingObjects (0ms)
			CreateAndSetChildDomain (18ms)
		EndReloadAssembly (871ms)
			LoadAssemblies (107ms)
			RebuildTransferFunctionScriptingTraits (0ms)
			SetupTypeCache (237ms)
			ReleaseScriptCaches (0ms)
			RebuildScriptCaches (53ms)
			SetupLoadedEditorAssemblies (430ms)
				LogAssemblyErrors (0ms)
				InitializePlatformSupportModulesInManaged (7ms)
				SetLoadedEditorAssemblies (1ms)
				RefreshPlugins (1ms)
				BeforeProcessingInitializeOnLoad (126ms)
				ProcessInitializeOnLoadAttributes (266ms)
				ProcessInitializeOnLoadMethodAttributes (23ms)
				AfterProcessingInitializeOnLoad (7ms)
				EditorAssembliesLoaded (0ms)
			ExecutionOrderSort2 (0ms)
			AwakeInstancesAfterBackupRestoration (5ms)
Platform modules already initialized, skipping
========================================================================
Worker process is ready to serve import requests
Launched and connected shader compiler UnityShaderCompiler.exe after 0.06 seconds
Refreshing native plugins compatible for Editor in 0.52 ms, found 4 plugins.
Preloading 0 native plugins for Editor in 0.00 ms.
Unloading 3465 Unused Serialized files (Serialized files now loaded: 0)
Unloading 39 unused Assets / (129.2 KB). Loaded Objects now: 3926.
Memory consumption went from 126.3 MB to 126.2 MB.
Total: 2.862700 ms (FindLiveObjects: 0.205800 ms CreateObjectMapping: 0.082900 ms MarkObjects: 2.491000 ms  DeleteObjects: 0.082000 ms)

AssetImportParameters requested are different than current active one (requested -> active):
  custom:video-decoder-ogg-theora: a1e56fd34408186e4bbccfd4996cb3dc -> 
  custom:container-muxer-webm: aa71ff27fc2769a1b78a27578f13a17b -> 
  custom:container-demuxer-webm: 4f35f7cbe854078d1ac9338744f61a02 -> 
  custom:video-encoder-webm-vp8: eb34c28f22e8b96e1ab97ce403110664 -> 
  custom:video-codec-MediaFoundation-h265: 746d11721c4dcdbdad8f713fa42b33f4 -> 
  custom:audio-encoder-webm-vorbis: bf7c407c2cedff20999df2af8eb42d56 -> 
  custom:framework-win-MediaFoundation: 216162199b28c13a410421893ffa2e32 -> 
  custom:container-demuxer-ogg: 62fdf1f143b41e24485cea50d1cbac27 -> 
  custom:video-decoder-webm-vp8: 9c59270c3fd7afecdb556c50c9e8de78 -> 
  custom:audio-decoder-ogg-vorbis: bf7c407c2cedff20999df2af8eb42d56 -> 
========================================================================
Received Import Request.
  Time since last request: 1255313.887445 seconds.
  path: Assets/Level 2 Simple Modular Dungeon/Prefabs/Particle Systems
  artifactKey: Guid(97dbc773c58dbfa4a83d00b31eaf1017) Importer(815301076,1909f56bfc062723c751e8b465ee728b)
Start importing Assets/Level 2 Simple Modular Dungeon/Prefabs/Particle Systems using Guid(97dbc773c58dbfa4a83d00b31eaf1017) Importer(815301076,1909f56bfc062723c751e8b465ee728b)  -> (artifact id: 'c23351cd5d17a237deb9d30f49ddec36') in 0.008829 seconds 
========================================================================
Received Import Request.
  Time since last request: 1.764197 seconds.
  path: Assets/Level 2 Simple Modular Dungeon/Prefabs/Particle Systems/Chest
  artifactKey: Guid(c0f827a33ac44fe4aa34456a4b8fc5d7) Importer(815301076,1909f56bfc062723c751e8b465ee728b)
Start importing Assets/Level 2 Simple Modular Dungeon/Prefabs/Particle Systems/Chest using Guid(c0f827a33ac44fe4aa34456a4b8fc5d7) Importer(815301076,1909f56bfc062723c751e8b465ee728b)  -> (artifact id: '0433204226137168185a9d2dd6e0401a') in 0.004697 seconds 
========================================================================
Received Import Request.
  Time since last request: 0.026746 seconds.
  path: Assets/Level 2 Simple Modular Dungeon/Prefabs/Particle Systems/Chest/Chest Particle.prefab
  artifactKey: Guid(237af5e05f68e5d418e1c0067027f586) Importer(815301076,1909f56bfc062723c751e8b465ee728b)
Start importing Assets/Level 2 Simple Modular Dungeon/Prefabs/Particle Systems/Chest/Chest Particle.prefab using Guid(237af5e05f68e5d418e1c0067027f586) Importer(815301076,1909f56bfc062723c751e8b465ee728b)  -> (artifact id: 'dac3e4d8ab566d321aab7f07e60e8fed') in 0.089426 seconds 
========================================================================
Received Import Request.
  Time since last request: 48.283746 seconds.
  path: Assets/Scenes
  artifactKey: Guid(a9fa6bd81e847e34f867738864ba6181) Importer(815301076,1909f56bfc062723c751e8b465ee728b)
Start importing Assets/Scenes using Guid(a9fa6bd81e847e34f867738864ba6181) Importer(815301076,1909f56bfc062723c751e8b465ee728b)  -> (artifact id: '47bef21b81da739839ce083164a95666') in 0.003072 seconds 
========================================================================
Received Import Request.
  Time since last request: 13.501191 seconds.
  path: Assets/Hibba/PlayMenu.unity
  artifactKey: Guid(944d575212c49f947b3d50677decee8f) Importer(815301076,1909f56bfc062723c751e8b465ee728b)
Start importing Assets/Hibba/PlayMenu.unity using Guid(944d575212c49f947b3d50677decee8f) Importer(815301076,1909f56bfc062723c751e8b465ee728b)  -> (artifact id: 'efb9cac7b57045f5ff76a8baab298ca0') in 0.003015 seconds 
========================================================================
Received Prepare
Registering precompiled user dll's ...
Registered in 0.007780 seconds.
Begin MonoManager ReloadAssembly
Native extension for WindowsStandalone target not found
Native extension for WebGL target not found
Refreshing native plugins compatible for Editor in 2.94 ms, found 4 plugins.
Preloading 0 native plugins for Editor in 0.00 ms.
Mono: successfully reloaded assembly
- Completed reload, in  2.087 seconds
Domain Reload Profiling:
	ReloadAssembly (2088ms)
		BeginReloadAssembly (252ms)
			ExecutionOrderSort (0ms)
			DisableScriptedObjects (9ms)
			BackupInstance (0ms)
			ReleaseScriptingObjects (0ms)
			CreateAndSetChildDomain (61ms)
		EndReloadAssembly (1655ms)
			LoadAssemblies (206ms)
			RebuildTransferFunctionScriptingTraits (0ms)
			SetupTypeCache (696ms)
			ReleaseScriptCaches (4ms)
			RebuildScriptCaches (117ms)
			SetupLoadedEditorAssemblies (581ms)
				LogAssemblyErrors (0ms)
				InitializePlatformSupportModulesInManaged (14ms)
				SetLoadedEditorAssemblies (1ms)
				RefreshPlugins (3ms)
				BeforeProcessingInitializeOnLoad (101ms)
				ProcessInitializeOnLoadAttributes (406ms)
				ProcessInitializeOnLoadMethodAttributes (44ms)
				AfterProcessingInitializeOnLoad (12ms)
				EditorAssembliesLoaded (0ms)
			ExecutionOrderSort2 (0ms)
			AwakeInstancesAfterBackupRestoration (8ms)
Platform modules already initialized, skipping
Refreshing native plugins compatible for Editor in 4.03 ms, found 4 plugins.
Preloading 0 native plugins for Editor in 0.00 ms.
Unloading 3445 Unused Serialized files (Serialized files now loaded: 0)
Unloading 22 unused Assets / (97.0 KB). Loaded Objects now: 3949.
Memory consumption went from 128.5 MB to 128.4 MB.
Total: 3.022000 ms (FindLiveObjects: 0.303500 ms CreateObjectMapping: 0.166100 ms MarkObjects: 2.456200 ms  DeleteObjects: 0.094000 ms)

AssetImportParameters requested are different than current active one (requested -> active):
  custom:video-decoder-ogg-theora: a1e56fd34408186e4bbccfd4996cb3dc -> 
  custom:container-muxer-webm: aa71ff27fc2769a1b78a27578f13a17b -> 
  custom:container-demuxer-webm: 4f35f7cbe854078d1ac9338744f61a02 -> 
  custom:video-encoder-webm-vp8: eb34c28f22e8b96e1ab97ce403110664 -> 
  custom:video-codec-MediaFoundation-h265: 746d11721c4dcdbdad8f713fa42b33f4 -> 
  custom:audio-encoder-webm-vorbis: bf7c407c2cedff20999df2af8eb42d56 -> 
  custom:framework-win-MediaFoundation: 216162199b28c13a410421893ffa2e32 -> 
  custom:container-demuxer-ogg: 62fdf1f143b41e24485cea50d1cbac27 -> 
  custom:video-decoder-webm-vp8: 9c59270c3fd7afecdb556c50c9e8de78 -> 
  custom:audio-decoder-ogg-vorbis: bf7c407c2cedff20999df2af8eb42d56 -> 
========================================================================
Received Import Request.
  Time since last request: 673.811213 seconds.
  path: Assets/Level 2 Simple Modular Dungeon/Components/Texture Maps/ModularDungeonSeperatedMaterials_Black Stone (Candelabra Variation 001)_BaseMap.png
  artifactKey: Guid(504945463ba2cb44088dd1563fd03541) Importer(815301076,1909f56bfc062723c751e8b465ee728b)
Start importing Assets/Level 2 Simple Modular Dungeon/Components/Texture Maps/ModularDungeonSeperatedMaterials_Black Stone (Candelabra Variation 001)_BaseMap.png using Guid(504945463ba2cb44088dd1563fd03541) Importer(815301076,1909f56bfc062723c751e8b465ee728b)  -> (artifact id: '2dc2c0d3ef423763eeffdbfcc7a79e75') in 0.076208 seconds 
========================================================================
Received Import Request.
  Time since last request: 0.895395 seconds.
  path: Assets/Level 2 Simple Modular Dungeon/Components/Texture Maps/ModularDungeonSeperatedMaterials_Black Stone (Candelabra Variation 001)_MaskMap.png
  artifactKey: Guid(0098e5eae73d982419b573d168c69aac) Importer(815301076,1909f56bfc062723c751e8b465ee728b)
Start importing Assets/Level 2 Simple Modular Dungeon/Components/Texture Maps/ModularDungeonSeperatedMaterials_Black Stone (Candelabra Variation 001)_MaskMap.png using Guid(0098e5eae73d982419b573d168c69aac) Importer(815301076,1909f56bfc062723c751e8b465ee728b)  -> (artifact id: '51e7d32ee83d009b689333f35973d290') in 0.012852 seconds 
========================================================================
Received Import Request.
  Time since last request: 0.000232 seconds.
  path: Assets/Level 2 Simple Modular Dungeon/Components/Texture Maps/ModularDungeonSeperatedMaterials_Black Stone (Candelabra Variation 001)_Normal.png
  artifactKey: Guid(009e6fc046ff2a84eb047ceb989c0f2b) Importer(815301076,1909f56bfc062723c751e8b465ee728b)
Start importing Assets/Level 2 Simple Modular Dungeon/Components/Texture Maps/ModularDungeonSeperatedMaterials_Black Stone (Candelabra Variation 001)_Normal.png using Guid(009e6fc046ff2a84eb047ceb989c0f2b) Importer(815301076,1909f56bfc062723c751e8b465ee728b)  -> (artifact id: '9b97936bfc704e97a4613e6bde09dd20') in 0.016592 seconds 
========================================================================
Received Import Request.
  Time since last request: 0.007920 seconds.
  path: Assets/Level 2 Simple Modular Dungeon/Components/Texture Maps/ModularDungeonSeperatedMaterials_Book Binding (Book Variation 001)_AmbientOcclusion.png
  artifactKey: Guid(e82133400cfe0e941a38ef88f37030ce) Importer(815301076,1909f56bfc062723c751e8b465ee728b)
Start importing Assets/Level 2 Simple Modular Dungeon/Components/Texture Maps/ModularDungeonSeperatedMaterials_Book Binding (Book Variation 001)_AmbientOcclusion.png using Guid(e82133400cfe0e941a38ef88f37030ce) Importer(815301076,1909f56bfc062723c751e8b465ee728b)  -> (artifact id: 'cf49b1d0451990dc44f66ee6788cb991') in 0.014819 seconds 
========================================================================
Received Import Request.
  Time since last request: 0.007824 seconds.
  path: Assets/Level 2 Simple Modular Dungeon/Components/Texture Maps/ModularDungeonSeperatedMaterials_Book Binding (Book Variation 001)_Height.png
  artifactKey: Guid(5bcce887ec0ea9743a8d2d0c5be5ae47) Importer(815301076,1909f56bfc062723c751e8b465ee728b)
Start importing Assets/Level 2 Simple Modular Dungeon/Components/Texture Maps/ModularDungeonSeperatedMaterials_Book Binding (Book Variation 001)_Height.png using Guid(5bcce887ec0ea9743a8d2d0c5be5ae47) Importer(815301076,1909f56bfc062723c751e8b465ee728b)  -> (artifact id: 'd2d5320a59a46fd72228639e8202ae2a') in 0.014825 seconds 
========================================================================
Received Import Request.
  Time since last request: 0.006502 seconds.
  path: Assets/Level 2 Simple Modular Dungeon/Components/Texture Maps/ModularDungeonSeperatedMaterials_Book Binding (Book Variation 001)_Metallic.png
  artifactKey: Guid(5fafd51f22cd6634c9e4cb43f7b87b6f) Importer(815301076,1909f56bfc062723c751e8b465ee728b)
Start importing Assets/Level 2 Simple Modular Dungeon/Components/Texture Maps/ModularDungeonSeperatedMaterials_Book Binding (Book Variation 001)_Metallic.png using Guid(5fafd51f22cd6634c9e4cb43f7b87b6f) Importer(815301076,1909f56bfc062723c751e8b465ee728b)  -> (artifact id: '33bff3ff1800e81e7dcbc975201735c4') in 0.015488 seconds 
========================================================================
Received Import Request.
  Time since last request: 0.000030 seconds.
  path: Assets/Level 2 Simple Modular Dungeon/Components/Texture Maps/ModularDungeonSeperatedMaterials_Book Binding (Book Variation 002)_Albedo.png
  artifactKey: Guid(f4749bbdc5a17dc41b73f7c6a2e4ea25) Importer(815301076,1909f56bfc062723c751e8b465ee728b)
Start importing Assets/Level 2 Simple Modular Dungeon/Components/Texture Maps/ModularDungeonSeperatedMaterials_Book Binding (Book Variation 002)_Albedo.png using Guid(f4749bbdc5a17dc41b73f7c6a2e4ea25) Importer(815301076,1909f56bfc062723c751e8b465ee728b)  -> (artifact id: 'cecd6169dd0acaef6d915d1869fcdc97') in 0.015501 seconds 
========================================================================
Received Import Request.
  Time since last request: 0.000031 seconds.
  path: Assets/Level 2 Simple Modular Dungeon/Components/Texture Maps/ModularDungeonSeperatedMaterials_Book Binding (Book Variation 002)_Height.png
  artifactKey: Guid(9b0c72fd501b11844bda6bafad081425) Importer(815301076,1909f56bfc062723c751e8b465ee728b)
Start importing Assets/Level 2 Simple Modular Dungeon/Components/Texture Maps/ModularDungeonSeperatedMaterials_Book Binding (Book Variation 002)_Height.png using Guid(9b0c72fd501b11844bda6bafad081425) Importer(815301076,1909f56bfc062723c751e8b465ee728b)  -> (artifact id: '3bc04f599ed523a01e8a61da494ca3b8') in 0.013652 seconds 
========================================================================
Received Import Request.
  Time since last request: 0.190846 seconds.
  path: Assets/Level 2 Simple Modular Dungeon/Components/Texture Maps/ModularDungeonSeperatedMaterials_Book Binding (Book Variation 002)_MaskMap.png
  artifactKey: Guid(ee29d211d89d8eb44a426b1dfce2aeb0) Importer(815301076,1909f56bfc062723c751e8b465ee728b)
Start importing Assets/Level 2 Simple Modular Dungeon/Components/Texture Maps/ModularDungeonSeperatedMaterials_Book Binding (Book Variation 002)_MaskMap.png using Guid(ee29d211d89d8eb44a426b1dfce2aeb0) Importer(815301076,1909f56bfc062723c751e8b465ee728b)  -> (artifact id: '0c512f5b5192a911dd10eea9c00b50de') in 0.015501 seconds 
========================================================================
Received Import Request.
  Time since last request: 0.000024 seconds.
  path: Assets/Level 2 Simple Modular Dungeon/Components/Texture Maps/ModularDungeonSeperatedMaterials_Book Binding (Book Variation 002)_Normal.png
  artifactKey: Guid(f5811a44789a1034394ddab0489dacee) Importer(815301076,1909f56bfc062723c751e8b465ee728b)
Start importing Assets/Level 2 Simple Modular Dungeon/Components/Texture Maps/ModularDungeonSeperatedMaterials_Book Binding (Book Variation 002)_Normal.png using Guid(f5811a44789a1034394ddab0489dacee) Importer(815301076,1909f56bfc062723c751e8b465ee728b)  -> (artifact id: 'c8e811a9097c77575186e73288b89398') in 0.012292 seconds 
========================================================================
Received Import Request.
  Time since last request: 0.000029 seconds.
  path: Assets/Level 2 Simple Modular Dungeon/Components/Texture Maps/ModularDungeonSeperatedMaterials_Book Binding (Book Variation 003)_AmbientOcclusion.png
  artifactKey: Guid(455b731601749aa45b0c4eec1aa655ac) Importer(815301076,1909f56bfc062723c751e8b465ee728b)
Start importing Assets/Level 2 Simple Modular Dungeon/Components/Texture Maps/ModularDungeonSeperatedMaterials_Book Binding (Book Variation 003)_AmbientOcclusion.png using Guid(455b731601749aa45b0c4eec1aa655ac) Importer(815301076,1909f56bfc062723c751e8b465ee728b)  -> (artifact id: 'da24e8f7ce1239ab28bd2dc2e1e60ff1') in 0.012166 seconds 
========================================================================
Received Import Request.
  Time since last request: 0.000022 seconds.
  path: Assets/Level 2 Simple Modular Dungeon/Components/Texture Maps/ModularDungeonSeperatedMaterials_Book Binding (Book Variation 003)_Height.png
  artifactKey: Guid(bc1c042c6747b2346b75374084b671ab) Importer(815301076,1909f56bfc062723c751e8b465ee728b)
Start importing Assets/Level 2 Simple Modular Dungeon/Components/Texture Maps/ModularDungeonSeperatedMaterials_Book Binding (Book Variation 003)_Height.png using Guid(bc1c042c6747b2346b75374084b671ab) Importer(815301076,1909f56bfc062723c751e8b465ee728b)  -> (artifact id: 'f21c7adf2aea1b1e505b8bdf25a4c097') in 0.013463 seconds 
========================================================================
Received Import Request.
  Time since last request: 0.000679 seconds.
  path: Assets/Level 2 Simple Modular Dungeon/Components/Texture Maps/ModularDungeonSeperatedMaterials_Book Binding (Book Variation 003)_Metallic.png
  artifactKey: Guid(d2442c3fa587da14c9e9f3b277ff3c6e) Importer(815301076,1909f56bfc062723c751e8b465ee728b)
Start importing Assets/Level 2 Simple Modular Dungeon/Components/Texture Maps/ModularDungeonSeperatedMaterials_Book Binding (Book Variation 003)_Metallic.png using Guid(d2442c3fa587da14c9e9f3b277ff3c6e) Importer(815301076,1909f56bfc062723c751e8b465ee728b)  -> (artifact id: 'b919c4a57fd6cd8ed8a22ba4832b0256') in 0.012017 seconds 
========================================================================
Received Import Request.
  Time since last request: 0.000029 seconds.
  path: Assets/Level 2 Simple Modular Dungeon/Components/Texture Maps/ModularDungeonSeperatedMaterials_Book Binding (Book Variation 004)_Albedo.png
  artifactKey: Guid(a7b470bbdfe9b7f48af44f5d3d18bfc3) Importer(815301076,1909f56bfc062723c751e8b465ee728b)
Start importing Assets/Level 2 Simple Modular Dungeon/Components/Texture Maps/ModularDungeonSeperatedMaterials_Book Binding (Book Variation 004)_Albedo.png using Guid(a7b470bbdfe9b7f48af44f5d3d18bfc3) Importer(815301076,1909f56bfc062723c751e8b465ee728b)  -> (artifact id: 'e4561e805df093dbb90823d6239e781b') in 0.013246 seconds 
========================================================================
Received Import Request.
  Time since last request: 0.012096 seconds.
  path: Assets/Level 2 Simple Modular Dungeon/Components/Texture Maps/ModularDungeonSeperatedMaterials_Book Binding (Book Variation 004)_MaskMap.png
  artifactKey: Guid(2fbfebf244a35ae4e894ca048ba5a8a7) Importer(815301076,1909f56bfc062723c751e8b465ee728b)
Start importing Assets/Level 2 Simple Modular Dungeon/Components/Texture Maps/ModularDungeonSeperatedMaterials_Book Binding (Book Variation 004)_MaskMap.png using Guid(2fbfebf244a35ae4e894ca048ba5a8a7) Importer(815301076,1909f56bfc062723c751e8b465ee728b)  -> (artifact id: '9759751d9901ef1eec75831a527c3918') in 0.021349 seconds 
========================================================================
Received Import Request.
  Time since last request: 0.000021 seconds.
  path: Assets/Level 2 Simple Modular Dungeon/Components/Texture Maps/ModularDungeonSeperatedMaterials_Book Binding (Book Variation 004)_Metallic.png
  artifactKey: Guid(f3bba3aa15cec7942aece68b66070ed3) Importer(815301076,1909f56bfc062723c751e8b465ee728b)
Start importing Assets/Level 2 Simple Modular Dungeon/Components/Texture Maps/ModularDungeonSeperatedMaterials_Book Binding (Book Variation 004)_Metallic.png using Guid(f3bba3aa15cec7942aece68b66070ed3) Importer(815301076,1909f56bfc062723c751e8b465ee728b)  -> (artifact id: '2b3d5579aeb7d3aea868e4a03b26245d') in 0.014104 seconds 
========================================================================
Received Import Request.
  Time since last request: 0.000030 seconds.
  path: Assets/Level 2 Simple Modular Dungeon/Components/Texture Maps/ModularDungeonSeperatedMaterials_Book Binding (Book Variation 005)_BaseMap.png
  artifactKey: Guid(c27834cecf3b7fb4080ea5f47e089c03) Importer(815301076,1909f56bfc062723c751e8b465ee728b)
Start importing Assets/Level 2 Simple Modular Dungeon/Components/Texture Maps/ModularDungeonSeperatedMaterials_Book Binding (Book Variation 005)_BaseMap.png using Guid(c27834cecf3b7fb4080ea5f47e089c03) Importer(815301076,1909f56bfc062723c751e8b465ee728b)  -> (artifact id: 'cb2b29dccdd75ee299ed5c16eb7feeb3') in 0.023588 seconds 
========================================================================
Received Import Request.
  Time since last request: 0.000053 seconds.
  path: Assets/Level 2 Simple Modular Dungeon/Components/Texture Maps/ModularDungeonSeperatedMaterials_Book Binding (Book Variation 005)_AmbientOcclusion.png
  artifactKey: Guid(3cde43fa8a72a2443b7e7b31b9b8b282) Importer(815301076,1909f56bfc062723c751e8b465ee728b)
Start importing Assets/Level 2 Simple Modular Dungeon/Components/Texture Maps/ModularDungeonSeperatedMaterials_Book Binding (Book Variation 005)_AmbientOcclusion.png using Guid(3cde43fa8a72a2443b7e7b31b9b8b282) Importer(815301076,1909f56bfc062723c751e8b465ee728b)  -> (artifact id: 'bae70f398aeb4f960658548bdc52d8a2') in 0.047439 seconds 
========================================================================
Received Import Request.
  Time since last request: 0.056255 seconds.
  path: Assets/Level 2 Simple Modular Dungeon/Components/Texture Maps/ModularDungeonSeperatedMaterials_Book Binding (Book Variation 005)_Height.png
  artifactKey: Guid(c431faecf058545488e2256577bbfedd) Importer(815301076,1909f56bfc062723c751e8b465ee728b)
Start importing Assets/Level 2 Simple Modular Dungeon/Components/Texture Maps/ModularDungeonSeperatedMaterials_Book Binding (Book Variation 005)_Height.png using Guid(c431faecf058545488e2256577bbfedd) Importer(815301076,1909f56bfc062723c751e8b465ee728b)  -> (artifact id: '8ba584be149a074fc3451f474d347ae5') in 0.025731 seconds 
========================================================================
Received Import Request.
  Time since last request: 0.000036 seconds.
  path: Assets/Level 2 Simple Modular Dungeon/Components/Texture Maps/ModularDungeonSeperatedMaterials_Book Binding (Book Variation 005)_Normal.png
  artifactKey: Guid(82016c4139224a64c8756db2062f8da7) Importer(815301076,1909f56bfc062723c751e8b465ee728b)
Start importing Assets/Level 2 Simple Modular Dungeon/Components/Texture Maps/ModularDungeonSeperatedMaterials_Book Binding (Book Variation 005)_Normal.png using Guid(82016c4139224a64c8756db2062f8da7) Importer(815301076,1909f56bfc062723c751e8b465ee728b)  -> (artifact id: 'fde8e96bc8d006d2cffbed69e2771a50') in 0.042616 seconds 
========================================================================
Received Import Request.
  Time since last request: 0.000031 seconds.
  path: Assets/Level 2 Simple Modular Dungeon/Components/Texture Maps/ModularDungeonSeperatedMaterials_Book Binding (Book Variation 006)_MaskMap.png
  artifactKey: Guid(033a6460e37ae3d4db96baa87f72b15b) Importer(815301076,1909f56bfc062723c751e8b465ee728b)
Start importing Assets/Level 2 Simple Modular Dungeon/Components/Texture Maps/ModularDungeonSeperatedMaterials_Book Binding (Book Variation 006)_MaskMap.png using Guid(033a6460e37ae3d4db96baa87f72b15b) Importer(815301076,1909f56bfc062723c751e8b465ee728b)  -> (artifact id: '979d3cbb5ddd09d4008c4ed4578fe71e') in 0.059239 seconds 
========================================================================
Received Import Request.
  Time since last request: 0.000040 seconds.
  path: Assets/Level 2 Simple Modular Dungeon/Components/Texture Maps/ModularDungeonSeperatedMaterials_Book Binding (Book Variation 008)_BaseMap.png
  artifactKey: Guid(c3197be3cd3260246a75563bfe98c73c) Importer(815301076,1909f56bfc062723c751e8b465ee728b)
Start importing Assets/Level 2 Simple Modular Dungeon/Components/Texture Maps/ModularDungeonSeperatedMaterials_Book Binding (Book Variation 008)_BaseMap.png using Guid(c3197be3cd3260246a75563bfe98c73c) Importer(815301076,1909f56bfc062723c751e8b465ee728b)  -> (artifact id: '40d9622ef89ba11e55179c3cff56d6ad') in 0.041031 seconds 
========================================================================
Received Import Request.
  Time since last request: 0.000072 seconds.
  path: Assets/Level 2 Simple Modular Dungeon/Components/Texture Maps/ModularDungeonSeperatedMaterials_Book Binding (Book Variation 007)_Metallic.png
  artifactKey: Guid(31878e8da606020488625db48c1187d3) Importer(815301076,1909f56bfc062723c751e8b465ee728b)
Start importing Assets/Level 2 Simple Modular Dungeon/Components/Texture Maps/ModularDungeonSeperatedMaterials_Book Binding (Book Variation 007)_Metallic.png using Guid(31878e8da606020488625db48c1187d3) Importer(815301076,1909f56bfc062723c751e8b465ee728b)  -> (artifact id: '7c191e79eb7fd5914c2e34ac94d4760f') in 0.041051 seconds 
========================================================================
Received Import Request.
  Time since last request: 0.000879 seconds.
  path: Assets/Level 2 Simple Modular Dungeon/Components/Texture Maps/ModularDungeonSeperatedMaterials_Book Binding (Book Variation 007)_AmbientOcclusion.png
  artifactKey: Guid(dabd825c063f7df44b607d147eace416) Importer(815301076,1909f56bfc062723c751e8b465ee728b)
Start importing Assets/Level 2 Simple Modular Dungeon/Components/Texture Maps/ModularDungeonSeperatedMaterials_Book Binding (Book Variation 007)_AmbientOcclusion.png using Guid(dabd825c063f7df44b607d147eace416) Importer(815301076,1909f56bfc062723c751e8b465ee728b)  -> (artifact id: 'b7ed2d5433814d06c6c8043c9abf6468') in 0.048049 seconds 
========================================================================
Received Import Request.
  Time since last request: 0.006165 seconds.
  path: Assets/Level 2 Simple Modular Dungeon/Components/Texture Maps/ModularDungeonSeperatedMaterials_Book Binding (Book Variation 009)_Height.png
  artifactKey: Guid(18c55fc6595311c4494d61212fa8a851) Importer(815301076,1909f56bfc062723c751e8b465ee728b)
Start importing Assets/Level 2 Simple Modular Dungeon/Components/Texture Maps/ModularDungeonSeperatedMaterials_Book Binding (Book Variation 009)_Height.png using Guid(18c55fc6595311c4494d61212fa8a851) Importer(815301076,1909f56bfc062723c751e8b465ee728b)  -> (artifact id: '6ff4591d324a1e3111a99797b446fb8c') in 0.033216 seconds 
========================================================================
Received Import Request.
  Time since last request: 0.000027 seconds.
  path: Assets/Level 2 Simple Modular Dungeon/Components/Texture Maps/ModularDungeonSeperatedMaterials_Book Binding (Book Variation 007)_Height.png
  artifactKey: Guid(9423620ee8e2b324286f6b4ff4719d7f) Importer(815301076,1909f56bfc062723c751e8b465ee728b)
Start importing Assets/Level 2 Simple Modular Dungeon/Components/Texture Maps/ModularDungeonSeperatedMaterials_Book Binding (Book Variation 007)_Height.png using Guid(9423620ee8e2b324286f6b4ff4719d7f) Importer(815301076,1909f56bfc062723c751e8b465ee728b)  -> (artifact id: '1b8626fe13a944243ddf265f48ca00bb') in 0.016349 seconds 
========================================================================
Received Import Request.
  Time since last request: 0.000027 seconds.
  path: Assets/Level 2 Simple Modular Dungeon/Components/Texture Maps/ModularDungeonSeperatedMaterials_Book Binding (Book Variation 008)_AmbientOcclusion.png
  artifactKey: Guid(5b96609cdcb1d3440a5344403ba5d25a) Importer(815301076,1909f56bfc062723c751e8b465ee728b)
Start importing Assets/Level 2 Simple Modular Dungeon/Components/Texture Maps/ModularDungeonSeperatedMaterials_Book Binding (Book Variation 008)_AmbientOcclusion.png using Guid(5b96609cdcb1d3440a5344403ba5d25a) Importer(815301076,1909f56bfc062723c751e8b465ee728b)  -> (artifact id: 'd74fe94d946e37fa75dea2fb806b9391') in 0.016342 seconds 
========================================================================
Received Import Request.
  Time since last request: 0.000033 seconds.
  path: Assets/Level 2 Simple Modular Dungeon/Components/Texture Maps/ModularDungeonSeperatedMaterials_Book Binding (Book Variation 009)_BaseMap.png
  artifactKey: Guid(ac889589254e7e24baf4c67d0023a16e) Importer(815301076,1909f56bfc062723c751e8b465ee728b)
Start importing Assets/Level 2 Simple Modular Dungeon/Components/Texture Maps/ModularDungeonSeperatedMaterials_Book Binding (Book Variation 009)_BaseMap.png using Guid(ac889589254e7e24baf4c67d0023a16e) Importer(815301076,1909f56bfc062723c751e8b465ee728b)  -> (artifact id: 'f964582a53a0e67f38ccc7d3ab03f4fb') in 0.016911 seconds 
========================================================================
Received Import Request.
  Time since last request: 0.000042 seconds.
  path: Assets/Level 2 Simple Modular Dungeon/Components/Texture Maps/ModularDungeonSeperatedMaterials_Book Binding (Book Variation 010)_Height.png
  artifactKey: Guid(c56d3da16813b23409727e63c4f31b30) Importer(815301076,1909f56bfc062723c751e8b465ee728b)
Start importing Assets/Level 2 Simple Modular Dungeon/Components/Texture Maps/ModularDungeonSeperatedMaterials_Book Binding (Book Variation 010)_Height.png using Guid(c56d3da16813b23409727e63c4f31b30) Importer(815301076,1909f56bfc062723c751e8b465ee728b)  -> (artifact id: '74fabd06c95428555afdf03310667628') in 0.014139 seconds 
========================================================================
Received Import Request.
  Time since last request: 0.000028 seconds.
  path: Assets/Level 2 Simple Modular Dungeon/Components/Texture Maps/ModularDungeonSeperatedMaterials_Book Binding (Book Variation 006)_AmbientOcclusion.png
  artifactKey: Guid(19f96230e43b62948943a099c829e238) Importer(815301076,1909f56bfc062723c751e8b465ee728b)
Start importing Assets/Level 2 Simple Modular Dungeon/Components/Texture Maps/ModularDungeonSeperatedMaterials_Book Binding (Book Variation 006)_AmbientOcclusion.png using Guid(19f96230e43b62948943a099c829e238) Importer(815301076,1909f56bfc062723c751e8b465ee728b)  -> (artifact id: 'e85d3855006ef6f1bf0f945d431d962b') in 0.015628 seconds 
========================================================================
Received Import Request.
  Time since last request: 0.000030 seconds.
  path: Assets/Level 2 Simple Modular Dungeon/Components/Texture Maps/ModularDungeonSeperatedMaterials_Book Binding (Book Variation 006)_Height.png
  artifactKey: Guid(e97271bc8d501604c9ffccba436ca428) Importer(815301076,1909f56bfc062723c751e8b465ee728b)
Start importing Assets/Level 2 Simple Modular Dungeon/Components/Texture Maps/ModularDungeonSeperatedMaterials_Book Binding (Book Variation 006)_Height.png using Guid(e97271bc8d501604c9ffccba436ca428) Importer(815301076,1909f56bfc062723c751e8b465ee728b)  -> (artifact id: '519fa76e8e8a20b509777de79a4ba9c7') in 0.018146 seconds 
========================================================================
Received Import Request.
  Time since last request: 0.000031 seconds.
  path: Assets/Level 2 Simple Modular Dungeon/Components/Texture Maps/ModularDungeonSeperatedMaterials_Book Binding (Book Variation 007)_Albedo.png
  artifactKey: Guid(ff9f2b34ccd17b049bc32b3be40aab1d) Importer(815301076,1909f56bfc062723c751e8b465ee728b)
Start importing Assets/Level 2 Simple Modular Dungeon/Components/Texture Maps/ModularDungeonSeperatedMaterials_Book Binding (Book Variation 007)_Albedo.png using Guid(ff9f2b34ccd17b049bc32b3be40aab1d) Importer(815301076,1909f56bfc062723c751e8b465ee728b)  -> (artifact id: '968d55267aa20863f39d0f1a6477594c') in 0.016434 seconds 
========================================================================
Received Import Request.
  Time since last request: 0.000028 seconds.
  path: Assets/Level 2 Simple Modular Dungeon/Components/Texture Maps/ModularDungeonSeperatedMaterials_Book Binding (Book Variation 008)_Albedo.png
  artifactKey: Guid(50947cb2a3315b845868a89462bfb330) Importer(815301076,1909f56bfc062723c751e8b465ee728b)
Start importing Assets/Level 2 Simple Modular Dungeon/Components/Texture Maps/ModularDungeonSeperatedMaterials_Book Binding (Book Variation 008)_Albedo.png using Guid(50947cb2a3315b845868a89462bfb330) Importer(815301076,1909f56bfc062723c751e8b465ee728b)  -> (artifact id: '32518e2deda75ecaca30c17057c791e5') in 0.017122 seconds 
========================================================================
Received Import Request.
  Time since last request: 0.000028 seconds.
  path: Assets/Level 2 Simple Modular Dungeon/Components/Texture Maps/ModularDungeonSeperatedMaterials_Book Binding (Book Variation 010)_AmbientOcclusion.png
  artifactKey: Guid(533b67e47a2ea7f428a178b184d52233) Importer(815301076,1909f56bfc062723c751e8b465ee728b)
Start importing Assets/Level 2 Simple Modular Dungeon/Components/Texture Maps/ModularDungeonSeperatedMaterials_Book Binding (Book Variation 010)_AmbientOcclusion.png using Guid(533b67e47a2ea7f428a178b184d52233) Importer(815301076,1909f56bfc062723c751e8b465ee728b)  -> (artifact id: 'abb221db835bbc34178ec657e83935a0') in 0.015184 seconds 
========================================================================
Received Import Request.
  Time since last request: 0.000035 seconds.
  path: Assets/Level 2 Simple Modular Dungeon/Components/Texture Maps/ModularDungeonSeperatedMaterials_Book Binding (Book Variation 006)_Metallic.png
  artifactKey: Guid(f0d7ca831317d404398a8afb2811be9a) Importer(815301076,1909f56bfc062723c751e8b465ee728b)
Start importing Assets/Level 2 Simple Modular Dungeon/Components/Texture Maps/ModularDungeonSeperatedMaterials_Book Binding (Book Variation 006)_Metallic.png using Guid(f0d7ca831317d404398a8afb2811be9a) Importer(815301076,1909f56bfc062723c751e8b465ee728b)  -> (artifact id: '0629b56da8da2d97c2e201282a67d018') in 0.019298 seconds 
========================================================================
Received Import Request.
  Time since last request: 0.000030 seconds.
  path: Assets/Level 2 Simple Modular Dungeon/Components/Texture Maps/ModularDungeonSeperatedMaterials_Book Binding (Book Variation 009)_Albedo.png
  artifactKey: Guid(526a475201dcd1341bfae014219aa017) Importer(815301076,1909f56bfc062723c751e8b465ee728b)
Start importing Assets/Level 2 Simple Modular Dungeon/Components/Texture Maps/ModularDungeonSeperatedMaterials_Book Binding (Book Variation 009)_Albedo.png using Guid(526a475201dcd1341bfae014219aa017) Importer(815301076,1909f56bfc062723c751e8b465ee728b)  -> (artifact id: '661a0e79daedf1282f0c9b181bf789d2') in 0.020435 seconds 
========================================================================
Received Import Request.
  Time since last request: 0.000037 seconds.
  path: Assets/Level 2 Simple Modular Dungeon/Components/Texture Maps/ModularDungeonSeperatedMaterials_Book Binding (Book Variation 009)_AmbientOcclusion.png
  artifactKey: Guid(aa54c14f747affb44acc0ac7974f2df8) Importer(815301076,1909f56bfc062723c751e8b465ee728b)
Start importing Assets/Level 2 Simple Modular Dungeon/Components/Texture Maps/ModularDungeonSeperatedMaterials_Book Binding (Book Variation 009)_AmbientOcclusion.png using Guid(aa54c14f747affb44acc0ac7974f2df8) Importer(815301076,1909f56bfc062723c751e8b465ee728b)  -> (artifact id: '5611a4a01d8447534552897f98f2c32e') in 0.015180 seconds 
========================================================================
Received Import Request.
  Time since last request: 0.000062 seconds.
  path: Assets/Level 2 Simple Modular Dungeon/Components/Texture Maps/ModularDungeonSeperatedMaterials_Book Binding (Book Variation 010)_MaskMap.png
  artifactKey: Guid(a975ad17c23c5234e8ba97484d93ee8e) Importer(815301076,1909f56bfc062723c751e8b465ee728b)
Start importing Assets/Level 2 Simple Modular Dungeon/Components/Texture Maps/ModularDungeonSeperatedMaterials_Book Binding (Book Variation 010)_MaskMap.png using Guid(a975ad17c23c5234e8ba97484d93ee8e) Importer(815301076,1909f56bfc062723c751e8b465ee728b)  -> (artifact id: 'e9d6dd218cf9cba70f35300aec76f2ec') in 0.014499 seconds 
========================================================================
Received Import Request.
  Time since last request: 25.426605 seconds.
  path: Assets/Fonts/Game of Brush SDF.asset
  artifactKey: Guid(50f66234a989f774391c486f3c230890) Importer(815301076,1909f56bfc062723c751e8b465ee728b)
Start importing Assets/Fonts/Game of Brush SDF.asset using Guid(50f66234a989f774391c486f3c230890) Importer(815301076,1909f56bfc062723c751e8b465ee728b)  -> (artifact id: '3705b5b4853d14d264b657fcf2d2b389') in 0.071418 seconds 
========================================================================
Received Import Request.
  Time since last request: 31.734384 seconds.
  path: Assets/Fonts/GAME_glm.ttf
  artifactKey: Guid(87ff10044c136064087506b30d03b941) Importer(815301076,1909f56bfc062723c751e8b465ee728b)
Start importing Assets/Fonts/GAME_glm.ttf using Guid(87ff10044c136064087506b30d03b941) Importer(815301076,1909f56bfc062723c751e8b465ee728b)  -> (artifact id: 'ac831494dd9852df814443ce5af204e7') in 0.021126 seconds 
========================================================================
Received Import Request.
  Time since last request: 36.645554 seconds.
  path: Assets/Fonts/GAME_glm SDF.asset
  artifactKey: Guid(dd9c96724ba77b04e85f4c8067f5906e) Importer(815301076,1909f56bfc062723c751e8b465ee728b)
Start importing Assets/Fonts/GAME_glm SDF.asset using Guid(dd9c96724ba77b04e85f4c8067f5906e) Importer(815301076,1909f56bfc062723c751e8b465ee728b)  -> (artifact id: '023fec01dba64ee02eb364042c629261') in 0.021516 seconds 
========================================================================
Received Import Request.
  Time since last request: 87.433292 seconds.
  path: Assets/Fonts/GAME_glm SDF.asset
  artifactKey: Guid(dd9c96724ba77b04e85f4c8067f5906e) Importer(815301076,1909f56bfc062723c751e8b465ee728b)
Start importing Assets/Fonts/GAME_glm SDF.asset using Guid(dd9c96724ba77b04e85f4c8067f5906e) Importer(815301076,1909f56bfc062723c751e8b465ee728b)  -> (artifact id: '6453432c407ccd6053e74ac652ef1e4d') in 0.020618 seconds 
========================================================================
Received Import Request.
  Time since last request: 24.341856 seconds.
  path: Assets/Hibba/PlayMenu.unity
  artifactKey: Guid(944d575212c49f947b3d50677decee8f) Importer(815301076,1909f56bfc062723c751e8b465ee728b)
Start importing Assets/Hibba/PlayMenu.unity using Guid(944d575212c49f947b3d50677decee8f) Importer(815301076,1909f56bfc062723c751e8b465ee728b)  -> (artifact id: '199f0e4ddb36aae982277aae38d33e5b') in 0.002869 seconds 
========================================================================
Received Import Request.
  Time since last request: 10.784219 seconds.
  path: Assets/Hibba/Canvas.prefab
  artifactKey: Guid(61f9aa556d174da418879d6e1833cf38) Importer(815301076,1909f56bfc062723c751e8b465ee728b)
Start importing Assets/Hibba/Canvas.prefab using Guid(61f9aa556d174da418879d6e1833cf38) Importer(815301076,1909f56bfc062723c751e8b465ee728b)  -> (artifact id: 'a06617ba140b9dba1742901031c5813c') in 0.026813 seconds 
