Using pre-set license
Built from '2021.3/staging' branch; Version is '2021.3.24f1 (cf10dcf7010d) revision 13570268'; Using compiler version '192829333'; Build Type 'Release'
OS: 'Windows 10  (10.0.19045) 64bit Core' Language: 'en' Physical Memory: 15791 MB
BatchMode: 1, IsHumanControllingUs: 0, StartBugReporterOnCrash: 0, Is64bit: 1, IsPro: 1

COMMAND LINE ARGUMENTS:
C:\Program Files\Unity\Hub\Editor\2021.3.24f1\Editor\Unity.exe
-adb2
-batchMode
-noUpm
-name
AssetImportWorker0
-projectPath
C:/Users/yaman/OneDrive/Desktop/Game-Dev-Project/Game-Dev-Project
-logFile
Logs/AssetImportWorker0.log
-srvPort
54201
Successfully changed project path to: C:/Users/yaman/OneDrive/Desktop/Game-Dev-Project/Game-Dev-Project
C:/Users/yaman/OneDrive/Desktop/Game-Dev-Project/Game-Dev-Project
[UnityMemory] Configuration Parameters - Can be set up in boot.config
    "memorysetup-bucket-allocator-granularity=16"
    "memorysetup-bucket-allocator-bucket-count=8"
    "memorysetup-bucket-allocator-block-size=33554432"
    "memorysetup-bucket-allocator-block-count=8"
    "memorysetup-main-allocator-block-size=16777216"
    "memorysetup-thread-allocator-block-size=16777216"
    "memorysetup-gfx-main-allocator-block-size=16777216"
    "memorysetup-gfx-thread-allocator-block-size=16777216"
    "memorysetup-cache-allocator-block-size=4194304"
    "memorysetup-typetree-allocator-block-size=2097152"
    "memorysetup-profiler-bucket-allocator-granularity=16"
    "memorysetup-profiler-bucket-allocator-bucket-count=8"
    "memorysetup-profiler-bucket-allocator-block-size=33554432"
    "memorysetup-profiler-bucket-allocator-block-count=8"
    "memorysetup-profiler-allocator-block-size=16777216"
    "memorysetup-profiler-editor-allocator-block-size=1048576"
    "memorysetup-temp-allocator-size-main=16777216"
    "memorysetup-job-temp-allocator-block-size=2097152"
    "memorysetup-job-temp-allocator-block-size-background=1048576"
    "memorysetup-job-temp-allocator-reduction-small-platforms=262144"
    "memorysetup-temp-allocator-size-background-worker=32768"
    "memorysetup-temp-allocator-size-job-worker=262144"
    "memorysetup-temp-allocator-size-preload-manager=33554432"
    "memorysetup-temp-allocator-size-nav-mesh-worker=65536"
    "memorysetup-temp-allocator-size-audio-worker=65536"
    "memorysetup-temp-allocator-size-cloud-worker=32768"
    "memorysetup-temp-allocator-size-gi-baking-worker=262144"
    "memorysetup-temp-allocator-size-gfx=262144"
Player connection [12600] Host "[IP] 192.168.56.1 [Port] 0 [Flags] 2 [Guid] 985638094 [EditorId] 985638094 [Version] 1048832 [Id] WindowsEditor(7,LAPTOP-RA349MR2) [Debug] 1 [PackageName] WindowsEditor [ProjectName] Editor" joined multi-casting on [225.0.0.222:54997]...

Player connection [12600] Host "[IP] 192.168.56.1 [Port] 0 [Flags] 2 [Guid] 985638094 [EditorId] 985638094 [Version] 1048832 [Id] WindowsEditor(7,LAPTOP-RA349MR2) [Debug] 1 [PackageName] WindowsEditor [ProjectName] Editor" joined alternative multi-casting on [225.0.0.222:34997]...

Refreshing native plugins compatible for Editor in 77.05 ms, found 4 plugins.
Preloading 0 native plugins for Editor in 0.00 ms.
Initialize engine version: 2021.3.24f1 (cf10dcf7010d)
[Subsystems] Discovering subsystems at path C:/Program Files/Unity/Hub/Editor/2021.3.24f1/Editor/Data/Resources/UnitySubsystems
[Subsystems] Discovering subsystems at path C:/Users/yaman/OneDrive/Desktop/Game-Dev-Project/Game-Dev-Project/Assets
GfxDevice: creating device client; threaded=0; jobified=0
Direct3D:
    Version:  Direct3D 11.0 [level 11.1]
    Renderer: AMD Radeon(TM) Graphics (ID=0x1636)
    Vendor:   ATI
    VRAM:     7895 MB
    Driver:   30.0.13002.19003
Initialize mono
Mono path[0] = 'C:/Program Files/Unity/Hub/Editor/2021.3.24f1/Editor/Data/Managed'
Mono path[1] = 'C:/Program Files/Unity/Hub/Editor/2021.3.24f1/Editor/Data/MonoBleedingEdge/lib/mono/unityjit-win32'
Mono config path = 'C:/Program Files/Unity/Hub/Editor/2021.3.24f1/Editor/Data/MonoBleedingEdge/etc'
Using monoOptions --debugger-agent=transport=dt_socket,embedding=1,server=y,suspend=n,address=127.0.0.1:56348
Begin MonoManager ReloadAssembly
Registering precompiled unity dll's ...
Register platform support module: C:/Program Files/Unity/Hub/Editor/2021.3.24f1/Editor/Data/PlaybackEngines/WebGLSupport/UnityEditor.WebGL.Extensions.dll
Register platform support module: C:/Program Files/Unity/Hub/Editor/2021.3.24f1/Editor/Data/PlaybackEngines/WindowsStandaloneSupport/UnityEditor.WindowsStandalone.Extensions.dll
Registered in 0.006527 seconds.
Native extension for WindowsStandalone target not found
Native extension for WebGL target not found
Refreshing native plugins compatible for Editor in 74.94 ms, found 4 plugins.
Preloading 0 native plugins for Editor in 0.00 ms.
Mono: successfully reloaded assembly
- Completed reload, in  0.657 seconds
Domain Reload Profiling:
	ReloadAssembly (658ms)
		BeginReloadAssembly (111ms)
			ExecutionOrderSort (0ms)
			DisableScriptedObjects (0ms)
			BackupInstance (0ms)
			ReleaseScriptingObjects (0ms)
			CreateAndSetChildDomain (1ms)
		EndReloadAssembly (452ms)
			LoadAssemblies (109ms)
			RebuildTransferFunctionScriptingTraits (0ms)
			SetupTypeCache (100ms)
			ReleaseScriptCaches (0ms)
			RebuildScriptCaches (29ms)
			SetupLoadedEditorAssemblies (275ms)
				LogAssemblyErrors (0ms)
				InitializePlatformSupportModulesInManaged (10ms)
				SetLoadedEditorAssemblies (0ms)
				RefreshPlugins (75ms)
				BeforeProcessingInitializeOnLoad (1ms)
				ProcessInitializeOnLoadAttributes (140ms)
				ProcessInitializeOnLoadMethodAttributes (48ms)
				AfterProcessingInitializeOnLoad (0ms)
				EditorAssembliesLoaded (0ms)
			ExecutionOrderSort2 (0ms)
			AwakeInstancesAfterBackupRestoration (0ms)
Platform modules already initialized, skipping
Registering precompiled user dll's ...
Registered in 0.004841 seconds.
Begin MonoManager ReloadAssembly
Native extension for WindowsStandalone target not found
Native extension for WebGL target not found
Refreshing native plugins compatible for Editor in 0.71 ms, found 4 plugins.
Preloading 0 native plugins for Editor in 0.00 ms.
Mono: successfully reloaded assembly
- Completed reload, in  1.153 seconds
Domain Reload Profiling:
	ReloadAssembly (1154ms)
		BeginReloadAssembly (140ms)
			ExecutionOrderSort (0ms)
			DisableScriptedObjects (7ms)
			BackupInstance (0ms)
			ReleaseScriptingObjects (0ms)
			CreateAndSetChildDomain (19ms)
		EndReloadAssembly (895ms)
			LoadAssemblies (106ms)
			RebuildTransferFunctionScriptingTraits (0ms)
			SetupTypeCache (319ms)
			ReleaseScriptCaches (1ms)
			RebuildScriptCaches (46ms)
			SetupLoadedEditorAssemblies (410ms)
				LogAssemblyErrors (0ms)
				InitializePlatformSupportModulesInManaged (6ms)
				SetLoadedEditorAssemblies (0ms)
				RefreshPlugins (1ms)
				BeforeProcessingInitializeOnLoad (76ms)
				ProcessInitializeOnLoadAttributes (297ms)
				ProcessInitializeOnLoadMethodAttributes (21ms)
				AfterProcessingInitializeOnLoad (9ms)
				EditorAssembliesLoaded (0ms)
			ExecutionOrderSort2 (0ms)
			AwakeInstancesAfterBackupRestoration (8ms)
Platform modules already initialized, skipping
========================================================================
Worker process is ready to serve import requests
Launched and connected shader compiler UnityShaderCompiler.exe after 0.05 seconds
Refreshing native plugins compatible for Editor in 0.73 ms, found 4 plugins.
Preloading 0 native plugins for Editor in 0.00 ms.
Unloading 3293 Unused Serialized files (Serialized files now loaded: 0)
Unloading 26 unused Assets / (56.5 KB). Loaded Objects now: 3751.
Memory consumption went from 117.5 MB to 117.5 MB.
Total: 3.107100 ms (FindLiveObjects: 0.340300 ms CreateObjectMapping: 0.129200 ms MarkObjects: 2.550400 ms  DeleteObjects: 0.085700 ms)

AssetImportParameters requested are different than current active one (requested -> active):
  custom:video-decoder-ogg-theora: a1e56fd34408186e4bbccfd4996cb3dc -> 
  custom:container-muxer-webm: aa71ff27fc2769a1b78a27578f13a17b -> 
  custom:container-demuxer-webm: 4f35f7cbe854078d1ac9338744f61a02 -> 
  custom:video-encoder-webm-vp8: eb34c28f22e8b96e1ab97ce403110664 -> 
  custom:video-codec-MediaFoundation-h265: 746d11721c4dcdbdad8f713fa42b33f4 -> 
  custom:audio-encoder-webm-vorbis: bf7c407c2cedff20999df2af8eb42d56 -> 
  custom:framework-win-MediaFoundation: 216162199b28c13a410421893ffa2e32 -> 
  custom:container-demuxer-ogg: 62fdf1f143b41e24485cea50d1cbac27 -> 
  custom:video-decoder-webm-vp8: 9c59270c3fd7afecdb556c50c9e8de78 -> 
  custom:audio-decoder-ogg-vorbis: bf7c407c2cedff20999df2af8eb42d56 -> 
========================================================================
Received Import Request.
  Time since last request: 69549.184575 seconds.
  path: Assets/CapCartola.fbx
  artifactKey: Guid(6a01f05c6c8df9a4fb58565dc272033f) Importer(815301076,1909f56bfc062723c751e8b465ee728b)
Start importing Assets/CapCartola.fbx using Guid(6a01f05c6c8df9a4fb58565dc272033f) Importer(815301076,1909f56bfc062723c751e8b465ee728b)  -> (artifact id: '1cfc7bb69869e1f1ab57bace553eda53') in 0.348634 seconds 
========================================================================
Received Import Request.
  Time since last request: 264.394169 seconds.
  path: Assets/Enemy2 Mini Simple Characters Skeleton Demo/Models
  artifactKey: Guid(9cfa3f335b1fe394ab43f458f5f88039) Importer(815301076,1909f56bfc062723c751e8b465ee728b)
Start importing Assets/Enemy2 Mini Simple Characters Skeleton Demo/Models using Guid(9cfa3f335b1fe394ab43f458f5f88039) Importer(815301076,1909f56bfc062723c751e8b465ee728b)  -> (artifact id: '52f9fc65ffb418c1bb5390d0c906b594') in 0.008212 seconds 
========================================================================
Received Import Request.
  Time since last request: 0.713138 seconds.
  path: Assets/Enemy2 Mini Simple Characters Skeleton Demo/Prefabs
  artifactKey: Guid(dc98ab1ad5c130f49a9837557d133088) Importer(815301076,1909f56bfc062723c751e8b465ee728b)
Start importing Assets/Enemy2 Mini Simple Characters Skeleton Demo/Prefabs using Guid(dc98ab1ad5c130f49a9837557d133088) Importer(815301076,1909f56bfc062723c751e8b465ee728b)  -> (artifact id: '896440423885f48f28a8621a73068391') in 0.010296 seconds 
========================================================================
Received Import Request.
  Time since last request: 13.199883 seconds.
  path: Assets/Level 1 Modular Castle
  artifactKey: Guid(f7ab51635965ac34ea0b8c95dbd92f52) Importer(815301076,1909f56bfc062723c751e8b465ee728b)
Start importing Assets/Level 1 Modular Castle using Guid(f7ab51635965ac34ea0b8c95dbd92f52) Importer(815301076,1909f56bfc062723c751e8b465ee728b)  -> (artifact id: 'a6d27ff00d206122a560eaf04c748c53') in 0.009655 seconds 
========================================================================
Received Import Request.
  Time since last request: 1.639200 seconds.
  path: Assets/Level 1 Modular Castle/DemoScene
  artifactKey: Guid(923e65c5a19d3cd4e91942ca73675959) Importer(815301076,1909f56bfc062723c751e8b465ee728b)
Start importing Assets/Level 1 Modular Castle/DemoScene using Guid(923e65c5a19d3cd4e91942ca73675959) Importer(815301076,1909f56bfc062723c751e8b465ee728b)  -> (artifact id: '50f0929c3f899a47ea6e3941099273ec') in 0.009382 seconds 
========================================================================
Received Import Request.
  Time since last request: 0.888864 seconds.
  path: Assets/Level 1 Modular Castle/DemoScene/castleDemo.unity
  artifactKey: Guid(0f30b31df1c21274da0aa193ec9e46e6) Importer(815301076,1909f56bfc062723c751e8b465ee728b)
Start importing Assets/Level 1 Modular Castle/DemoScene/castleDemo.unity using Guid(0f30b31df1c21274da0aa193ec9e46e6) Importer(815301076,1909f56bfc062723c751e8b465ee728b)  -> (artifact id: '5fa5c2cd962be52b2813f96be514bdc2') in 0.010464 seconds 
========================================================================
Received Import Request.
  Time since last request: 527.695275 seconds.
  path: Assets
  artifactKey: Guid(00000000000000001000000000000000) Importer(815301076,1909f56bfc062723c751e8b465ee728b)
Start importing Assets using Guid(00000000000000001000000000000000) Importer(815301076,1909f56bfc062723c751e8b465ee728b)  -> (artifact id: '79842766b460edbeab6a34051e857a80') in 0.009255 seconds 
========================================================================
Received Import Request.
  Time since last request: 16.512567 seconds.
  path: Assets/Yaman
  artifactKey: Guid(309b29299e9a85d448c76ba9f9af6797) Importer(815301076,1909f56bfc062723c751e8b465ee728b)
Start importing Assets/Yaman using Guid(309b29299e9a85d448c76ba9f9af6797) Importer(815301076,1909f56bfc062723c751e8b465ee728b)  -> (artifact id: 'c9a79b58302d179285685ffd2287254f') in 0.009313 seconds 
========================================================================
Received Import Request.
  Time since last request: 503.157110 seconds.
  path: Assets/Yaman/Level
  artifactKey: Guid(69d412cd758848a4eb933fd48052549f) Importer(815301076,1909f56bfc062723c751e8b465ee728b)
Start importing Assets/Yaman/Level using Guid(69d412cd758848a4eb933fd48052549f) Importer(815301076,1909f56bfc062723c751e8b465ee728b)  -> (artifact id: 'df70dfd68c475ecb1ce2e4e4915c0cd9') in 0.014295 seconds 
========================================================================
Received Import Request.
  Time since last request: 12.288909 seconds.
  path: Assets/Yaman/Level1-Tempolates
  artifactKey: Guid(69d412cd758848a4eb933fd48052549f) Importer(815301076,1909f56bfc062723c751e8b465ee728b)
Start importing Assets/Yaman/Level1-Tempolates using Guid(69d412cd758848a4eb933fd48052549f) Importer(815301076,1909f56bfc062723c751e8b465ee728b)  -> (artifact id: '3fe2bd92100754fdf3ac108c48a67a60') in 0.008585 seconds 
========================================================================
Received Import Request.
  Time since last request: 6.161235 seconds.
  path: Assets/Yaman/Level1-Tempolates/straightPathTemplate (1).prefab
  artifactKey: Guid(48bca98e5bbd71345bcada15f31834d2) Importer(815301076,1909f56bfc062723c751e8b465ee728b)
Start importing Assets/Yaman/Level1-Tempolates/straightPathTemplate (1).prefab using Guid(48bca98e5bbd71345bcada15f31834d2) Importer(815301076,1909f56bfc062723c751e8b465ee728b)  -> (artifact id: 'db3b37375fa62b8368054919bd7bb400') in 0.228571 seconds 
========================================================================
Received Import Request.
  Time since last request: 2.934907 seconds.
  path: Assets/Yaman/Level1-Tempolates/straightPathWindowTemplate.prefab
  artifactKey: Guid(17a704dfbc479904ea68f3302159fcc4) Importer(815301076,1909f56bfc062723c751e8b465ee728b)
Start importing Assets/Yaman/Level1-Tempolates/straightPathWindowTemplate.prefab using Guid(17a704dfbc479904ea68f3302159fcc4) Importer(815301076,1909f56bfc062723c751e8b465ee728b)  -> (artifact id: 'aca8fc4b9a5c9b8c3aee562e09dd6bea') in 0.043577 seconds 
========================================================================
Received Import Request.
  Time since last request: 72.806951 seconds.
  path: Assets/Yaman/Level1-Tempolates/carpet.prefab
  artifactKey: Guid(20e59e22770798b479df157b4a42de51) Importer(815301076,1909f56bfc062723c751e8b465ee728b)
Start importing Assets/Yaman/Level1-Tempolates/carpet.prefab using Guid(20e59e22770798b479df157b4a42de51) Importer(815301076,1909f56bfc062723c751e8b465ee728b)  -> (artifact id: 'bac586dd6bae5e7e665a7d2b6af33fa5') in 0.019318 seconds 
========================================================================
Received Import Request.
  Time since last request: 636.983891 seconds.
  path: Assets/Yaman/Level1-Tempolates/narrowCorridor.prefab
  artifactKey: Guid(d6c14897d49330e4194cb763d2237c36) Importer(815301076,1909f56bfc062723c751e8b465ee728b)
Start importing Assets/Yaman/Level1-Tempolates/narrowCorridor.prefab using Guid(d6c14897d49330e4194cb763d2237c36) Importer(815301076,1909f56bfc062723c751e8b465ee728b)  -> (artifact id: 'ad0a4c3bff41ab377dd67cc92b877907') in 0.028529 seconds 
========================================================================
Received Import Request.
  Time since last request: 55.494199 seconds.
  path: Assets/Yaman/Level1-Tempolates/main-entrance.prefab
  artifactKey: Guid(46d4e5a6b772d0d49888aa4a269751f1) Importer(815301076,1909f56bfc062723c751e8b465ee728b)
Start importing Assets/Yaman/Level1-Tempolates/main-entrance.prefab using Guid(46d4e5a6b772d0d49888aa4a269751f1) Importer(815301076,1909f56bfc062723c751e8b465ee728b)  -> (artifact id: 'c3eda26c687a60f5f59e15112e3f1b3d') in 0.170052 seconds 
========================================================================
Received Import Request.
  Time since last request: 11.552276 seconds.
  path: Assets/Yaman/Level1-Tempolates/LevelOne.prefab
  artifactKey: Guid(7e37d464dfcbd504c957f8a18e95fe52) Importer(815301076,1909f56bfc062723c751e8b465ee728b)
Start importing Assets/Yaman/Level1-Tempolates/LevelOne.prefab using Guid(7e37d464dfcbd504c957f8a18e95fe52) Importer(815301076,1909f56bfc062723c751e8b465ee728b)  -> (artifact id: '85e9d684ef0712cad88f74f303b09901') in 0.092448 seconds 
========================================================================
Received Import Request.
  Time since last request: 892.290984 seconds.
  path: Assets/Yaman/Level1-Tempolates/narrowCorridor_TShape.prefab
  artifactKey: Guid(a25ea195c70180f4ab047daf4bcd1d8e) Importer(815301076,1909f56bfc062723c751e8b465ee728b)
Start importing Assets/Yaman/Level1-Tempolates/narrowCorridor_TShape.prefab using Guid(a25ea195c70180f4ab047daf4bcd1d8e) Importer(815301076,1909f56bfc062723c751e8b465ee728b)  -> (artifact id: '2ea3686f8cd3b7ae964ce0eb8374e8ea') in 0.074428 seconds 
========================================================================
Received Import Request.
  Time since last request: 424.450520 seconds.
  path: Assets/Yaman/Level1-Tempolates/floorCollection.prefab
  artifactKey: Guid(289d0f8f0ac170e45a7a33543f962866) Importer(815301076,1909f56bfc062723c751e8b465ee728b)
Start importing Assets/Yaman/Level1-Tempolates/floorCollection.prefab using Guid(289d0f8f0ac170e45a7a33543f962866) Importer(815301076,1909f56bfc062723c751e8b465ee728b)  -> (artifact id: 'e20ea6ac32f897f9853ae8c79277981b') in 0.039672 seconds 
========================================================================
Received Import Request.
  Time since last request: 25.328538 seconds.
  path: Assets/Yaman/Level1-Tempolates/narrow
  artifactKey: Guid(9885710a0fe533847b91149c31dc4ba8) Importer(815301076,1909f56bfc062723c751e8b465ee728b)
Start importing Assets/Yaman/Level1-Tempolates/narrow using Guid(9885710a0fe533847b91149c31dc4ba8) Importer(815301076,1909f56bfc062723c751e8b465ee728b)  -> (artifact id: '4816cfa565f4dcf37831608e5b2bc593') in 0.009293 seconds 
========================================================================
Received Import Request.
  Time since last request: 7.058530 seconds.
  path: Assets/Yaman/Level1-Tempolates/Normal
  artifactKey: Guid(a9cd7a80c74b04641be10f89f619d2c8) Importer(815301076,1909f56bfc062723c751e8b465ee728b)
Start importing Assets/Yaman/Level1-Tempolates/Normal using Guid(a9cd7a80c74b04641be10f89f619d2c8) Importer(815301076,1909f56bfc062723c751e8b465ee728b)  -> (artifact id: '96e53d84bc0885cfadf9e585407597be') in 0.009427 seconds 
========================================================================
Received Import Request.
  Time since last request: 93.015039 seconds.
  path: Assets/Yaman/Level1-Tempolates/Normal/GameObject.prefab
  artifactKey: Guid(8e9ce7c9a65879d44b8d2b9db6ccec7b) Importer(815301076,1909f56bfc062723c751e8b465ee728b)
Start importing Assets/Yaman/Level1-Tempolates/Normal/GameObject.prefab using Guid(8e9ce7c9a65879d44b8d2b9db6ccec7b) Importer(815301076,1909f56bfc062723c751e8b465ee728b)  -> (artifact id: '2274b31ea95dbd33e765b79a3415d69e') in 0.036495 seconds 
========================================================================
Received Import Request.
  Time since last request: 15.850371 seconds.
  path: Assets/Yaman/Level1-Tempolates/Normal/wallCollection.prefab
  artifactKey: Guid(8e9ce7c9a65879d44b8d2b9db6ccec7b) Importer(815301076,1909f56bfc062723c751e8b465ee728b)
Start importing Assets/Yaman/Level1-Tempolates/Normal/wallCollection.prefab using Guid(8e9ce7c9a65879d44b8d2b9db6ccec7b) Importer(815301076,1909f56bfc062723c751e8b465ee728b)  -> (artifact id: '72d13fc27eb8883269dbeeb96b6eedbd') in 0.019907 seconds 
========================================================================
Received Import Request.
  Time since last request: 689.075826 seconds.
  path: Assets/Yaman/Level1-Tempolates/narrow/narrowCorridor_TShape_.prefab
  artifactKey: Guid(2e541de7836c9874cabf5fc62249bb6b) Importer(815301076,1909f56bfc062723c751e8b465ee728b)
Start importing Assets/Yaman/Level1-Tempolates/narrow/narrowCorridor_TShape_.prefab using Guid(2e541de7836c9874cabf5fc62249bb6b) Importer(815301076,1909f56bfc062723c751e8b465ee728b)  -> (artifact id: '4fa6747f1c65cc751f0ceeea18dfa7c0') in 0.027303 seconds 
