Using pre-set license
Built from '2021.3/staging' branch; Version is '2021.3.24f1 (cf10dcf7010d) revision 13570268'; Using compiler version '192829333'; Build Type 'Release'
OS: 'Windows 11  (10.0.22631) 64bit Core' Language: 'en' Physical Memory: 16108 MB
BatchMode: 1, IsHumanControllingUs: 0, StartBugReporterOnCrash: 0, Is64bit: 1, IsPro: 1

COMMAND LINE ARGUMENTS:
C:\Program Files\Unity\Hub\Editor\2021.3.24f1\Editor\Unity.exe
-adb2
-batchMode
-noUpm
-name
AssetImportWorker2
-projectPath
C:/Users/logan/Unity/Projects/Game-Dev-Project
-logFile
Logs/AssetImportWorker2.log
-srvPort
53693
Successfully changed project path to: C:/Users/logan/Unity/Projects/Game-Dev-Project
C:/Users/logan/Unity/Projects/Game-Dev-Project
[UnityMemory] Configuration Parameters - Can be set up in boot.config
    "memorysetup-bucket-allocator-granularity=16"
    "memorysetup-bucket-allocator-bucket-count=8"
    "memorysetup-bucket-allocator-block-size=33554432"
    "memorysetup-bucket-allocator-block-count=8"
    "memorysetup-main-allocator-block-size=16777216"
    "memorysetup-thread-allocator-block-size=16777216"
    "memorysetup-gfx-main-allocator-block-size=16777216"
    "memorysetup-gfx-thread-allocator-block-size=16777216"
    "memorysetup-cache-allocator-block-size=4194304"
    "memorysetup-typetree-allocator-block-size=2097152"
    "memorysetup-profiler-bucket-allocator-granularity=16"
    "memorysetup-profiler-bucket-allocator-bucket-count=8"
    "memorysetup-profiler-bucket-allocator-block-size=33554432"
    "memorysetup-profiler-bucket-allocator-block-count=8"
    "memorysetup-profiler-allocator-block-size=16777216"
    "memorysetup-profiler-editor-allocator-block-size=1048576"
    "memorysetup-temp-allocator-size-main=16777216"
    "memorysetup-job-temp-allocator-block-size=2097152"
    "memorysetup-job-temp-allocator-block-size-background=1048576"
    "memorysetup-job-temp-allocator-reduction-small-platforms=262144"
    "memorysetup-temp-allocator-size-background-worker=32768"
    "memorysetup-temp-allocator-size-job-worker=262144"
    "memorysetup-temp-allocator-size-preload-manager=33554432"
    "memorysetup-temp-allocator-size-nav-mesh-worker=65536"
    "memorysetup-temp-allocator-size-audio-worker=65536"
    "memorysetup-temp-allocator-size-cloud-worker=32768"
    "memorysetup-temp-allocator-size-gi-baking-worker=262144"
    "memorysetup-temp-allocator-size-gfx=262144"
Player connection [8148] Host "[IP] 192.168.56.1 [Port] 0 [Flags] 2 [Guid] 2747073944 [EditorId] 2747073944 [Version] 1048832 [Id] WindowsEditor(7,LoganPC) [Debug] 1 [PackageName] WindowsEditor [ProjectName] Editor" joined multi-casting on [225.0.0.222:54997]...

Player connection [8148] Host "[IP] 192.168.56.1 [Port] 0 [Flags] 2 [Guid] 2747073944 [EditorId] 2747073944 [Version] 1048832 [Id] WindowsEditor(7,LoganPC) [Debug] 1 [PackageName] WindowsEditor [ProjectName] Editor" joined alternative multi-casting on [225.0.0.222:34997]...

Refreshing native plugins compatible for Editor in 59.59 ms, found 4 plugins.
Preloading 0 native plugins for Editor in 0.00 ms.
Initialize engine version: 2021.3.24f1 (cf10dcf7010d)
[Subsystems] Discovering subsystems at path C:/Program Files/Unity/Hub/Editor/2021.3.24f1/Editor/Data/Resources/UnitySubsystems
[Subsystems] Discovering subsystems at path C:/Users/logan/Unity/Projects/Game-Dev-Project/Assets
GfxDevice: creating device client; threaded=0; jobified=0
Direct3D:
    Version:  Direct3D 11.0 [level 11.1]
    Renderer: NVIDIA GeForce RTX 3070 Laptop GPU (ID=0x249d)
    Vendor:   NVIDIA
    VRAM:     8020 MB
    Driver:   31.0.15.5222
Initialize mono
Mono path[0] = 'C:/Program Files/Unity/Hub/Editor/2021.3.24f1/Editor/Data/Managed'
Mono path[1] = 'C:/Program Files/Unity/Hub/Editor/2021.3.24f1/Editor/Data/MonoBleedingEdge/lib/mono/unityjit-win32'
Mono config path = 'C:/Program Files/Unity/Hub/Editor/2021.3.24f1/Editor/Data/MonoBleedingEdge/etc'
Using monoOptions --debugger-agent=transport=dt_socket,embedding=1,server=y,suspend=n,address=127.0.0.1:56176
Begin MonoManager ReloadAssembly
Registering precompiled unity dll's ...
Register platform support module: C:/Program Files/Unity/Hub/Editor/2021.3.24f1/Editor/Data/PlaybackEngines/WindowsStandaloneSupport/UnityEditor.WindowsStandalone.Extensions.dll
Registered in 0.002723 seconds.
Native extension for WindowsStandalone target not found
Refreshing native plugins compatible for Editor in 50.59 ms, found 4 plugins.
Preloading 0 native plugins for Editor in 0.00 ms.
Mono: successfully reloaded assembly
- Completed reload, in  0.406 seconds
Domain Reload Profiling:
	ReloadAssembly (407ms)
		BeginReloadAssembly (54ms)
			ExecutionOrderSort (0ms)
			DisableScriptedObjects (0ms)
			BackupInstance (0ms)
			ReleaseScriptingObjects (0ms)
			CreateAndSetChildDomain (0ms)
		EndReloadAssembly (292ms)
			LoadAssemblies (53ms)
			RebuildTransferFunctionScriptingTraits (0ms)
			SetupTypeCache (63ms)
			ReleaseScriptCaches (0ms)
			RebuildScriptCaches (19ms)
			SetupLoadedEditorAssemblies (178ms)
				LogAssemblyErrors (0ms)
				InitializePlatformSupportModulesInManaged (5ms)
				SetLoadedEditorAssemblies (0ms)
				RefreshPlugins (51ms)
				BeforeProcessingInitializeOnLoad (1ms)
				ProcessInitializeOnLoadAttributes (91ms)
				ProcessInitializeOnLoadMethodAttributes (30ms)
				AfterProcessingInitializeOnLoad (0ms)
				EditorAssembliesLoaded (0ms)
			ExecutionOrderSort2 (0ms)
			AwakeInstancesAfterBackupRestoration (0ms)
Platform modules already initialized, skipping
Registering precompiled user dll's ...
Registered in 0.002493 seconds.
Begin MonoManager ReloadAssembly
Native extension for WindowsStandalone target not found
Refreshing native plugins compatible for Editor in 0.48 ms, found 4 plugins.
Preloading 0 native plugins for Editor in 0.00 ms.
Mono: successfully reloaded assembly
- Completed reload, in  0.690 seconds
Domain Reload Profiling:
	ReloadAssembly (691ms)
		BeginReloadAssembly (75ms)
			ExecutionOrderSort (0ms)
			DisableScriptedObjects (4ms)
			BackupInstance (0ms)
			ReleaseScriptingObjects (0ms)
			CreateAndSetChildDomain (13ms)
		EndReloadAssembly (550ms)
			LoadAssemblies (66ms)
			RebuildTransferFunctionScriptingTraits (0ms)
			SetupTypeCache (164ms)
			ReleaseScriptCaches (0ms)
			RebuildScriptCaches (34ms)
			SetupLoadedEditorAssemblies (269ms)
				LogAssemblyErrors (0ms)
				InitializePlatformSupportModulesInManaged (5ms)
				SetLoadedEditorAssemblies (0ms)
				RefreshPlugins (1ms)
				BeforeProcessingInitializeOnLoad (53ms)
				ProcessInitializeOnLoadAttributes (192ms)
				ProcessInitializeOnLoadMethodAttributes (15ms)
				AfterProcessingInitializeOnLoad (3ms)
				EditorAssembliesLoaded (0ms)
			ExecutionOrderSort2 (0ms)
			AwakeInstancesAfterBackupRestoration (5ms)
Platform modules already initialized, skipping
========================================================================
Worker process is ready to serve import requests
Launched and connected shader compiler UnityShaderCompiler.exe after 0.07 seconds
Refreshing native plugins compatible for Editor in 0.71 ms, found 4 plugins.
Preloading 0 native plugins for Editor in 0.00 ms.
Unloading 3465 Unused Serialized files (Serialized files now loaded: 0)
Unloading 39 unused Assets / (129.0 KB). Loaded Objects now: 3925.
Memory consumption went from 126.4 MB to 126.3 MB.
Total: 2.365000 ms (FindLiveObjects: 0.175400 ms CreateObjectMapping: 0.087300 ms MarkObjects: 2.041000 ms  DeleteObjects: 0.060600 ms)

AssetImportParameters requested are different than current active one (requested -> active):
  custom:video-decoder-ogg-theora: a1e56fd34408186e4bbccfd4996cb3dc -> 
  custom:container-muxer-webm: aa71ff27fc2769a1b78a27578f13a17b -> 
  custom:container-demuxer-webm: 4f35f7cbe854078d1ac9338744f61a02 -> 
  custom:video-encoder-webm-vp8: eb34c28f22e8b96e1ab97ce403110664 -> 
  custom:video-codec-MediaFoundation-h265: 746d11721c4dcdbdad8f713fa42b33f4 -> 
  custom:audio-encoder-webm-vorbis: bf7c407c2cedff20999df2af8eb42d56 -> 
  custom:framework-win-MediaFoundation: 216162199b28c13a410421893ffa2e32 -> 
  custom:container-demuxer-ogg: 62fdf1f143b41e24485cea50d1cbac27 -> 
  custom:video-decoder-webm-vp8: 9c59270c3fd7afecdb556c50c9e8de78 -> 
  custom:audio-decoder-ogg-vorbis: bf7c407c2cedff20999df2af8eb42d56 -> 
========================================================================
Received Import Request.
  Time since last request: 174526.016558 seconds.
  path: Assets/Level 2 Simple Modular Dungeon/Prefabs/Arch & Pillars
  artifactKey: Guid(4531f3f7d00663a4cbf7951fc8925de3) Importer(815301076,1909f56bfc062723c751e8b465ee728b)
Start importing Assets/Level 2 Simple Modular Dungeon/Prefabs/Arch & Pillars using Guid(4531f3f7d00663a4cbf7951fc8925de3) Importer(815301076,1909f56bfc062723c751e8b465ee728b)  -> (artifact id: '4b8503bb5aa01b5d457bf886025d6b3a') in 0.005769 seconds 
========================================================================
Received Import Request.
  Time since last request: 0.046112 seconds.
  path: Assets/Level 2 Simple Modular Dungeon/Prefabs/Arch & Pillars/Arch Parent 002.prefab
  artifactKey: Guid(b240f2d1a1a2f334f81f4017fe004a7f) Importer(815301076,1909f56bfc062723c751e8b465ee728b)
Start importing Assets/Level 2 Simple Modular Dungeon/Prefabs/Arch & Pillars/Arch Parent 002.prefab using Guid(b240f2d1a1a2f334f81f4017fe004a7f) Importer(815301076,1909f56bfc062723c751e8b465ee728b)  -> (artifact id: '576dfbc9931b3efe4bda9f2df3950172') in 0.141868 seconds 
========================================================================
Received Import Request.
  Time since last request: 1.581648 seconds.
  path: Assets/Level 2 Simple Modular Dungeon/Prefabs/Walls
  artifactKey: Guid(78ededb1a77b1fe4e84d1973019114f7) Importer(815301076,1909f56bfc062723c751e8b465ee728b)
Start importing Assets/Level 2 Simple Modular Dungeon/Prefabs/Walls using Guid(78ededb1a77b1fe4e84d1973019114f7) Importer(815301076,1909f56bfc062723c751e8b465ee728b)  -> (artifact id: '813bfab3c1884e3c42b322f41375acdd') in 0.001012 seconds 
========================================================================
Received Import Request.
  Time since last request: 1.444326 seconds.
  path: Assets/Level 2 Simple Modular Dungeon/Prefabs/Particle Systems
  artifactKey: Guid(97dbc773c58dbfa4a83d00b31eaf1017) Importer(815301076,1909f56bfc062723c751e8b465ee728b)
Start importing Assets/Level 2 Simple Modular Dungeon/Prefabs/Particle Systems using Guid(97dbc773c58dbfa4a83d00b31eaf1017) Importer(815301076,1909f56bfc062723c751e8b465ee728b)  -> (artifact id: 'c23351cd5d17a237deb9d30f49ddec36') in 0.001576 seconds 
========================================================================
Received Import Request.
  Time since last request: 1.318208 seconds.
  path: Assets/Level 2 Simple Modular Dungeon/Prefabs/Light Sources
  artifactKey: Guid(0ceb718b02cfe374ba1f53c435135cd1) Importer(815301076,1909f56bfc062723c751e8b465ee728b)
Start importing Assets/Level 2 Simple Modular Dungeon/Prefabs/Light Sources using Guid(0ceb718b02cfe374ba1f53c435135cd1) Importer(815301076,1909f56bfc062723c751e8b465ee728b)  -> (artifact id: 'f982886d1a11af8b96559a743bca2e9e') in 0.000928 seconds 
========================================================================
Received Import Request.
  Time since last request: 0.689930 seconds.
  path: Assets/Level 2 Simple Modular Dungeon/Prefabs/Light Sources/Candelabra Parent 001.prefab
  artifactKey: Guid(f788699e56a01e64ebc9590bf70346c7) Importer(815301076,1909f56bfc062723c751e8b465ee728b)
Start importing Assets/Level 2 Simple Modular Dungeon/Prefabs/Light Sources/Candelabra Parent 001.prefab using Guid(f788699e56a01e64ebc9590bf70346c7) Importer(815301076,1909f56bfc062723c751e8b465ee728b)  -> (artifact id: '8ac036bc6013ae40a0d70888a5333cf9') in 0.460297 seconds 
========================================================================
Received Import Request.
  Time since last request: 1.331216 seconds.
  path: Assets/Level 2 Simple Modular Dungeon/Prefabs/Floors & Stair
  artifactKey: Guid(caa90b8d7ecb9b94e9126900439366c7) Importer(815301076,1909f56bfc062723c751e8b465ee728b)
Start importing Assets/Level 2 Simple Modular Dungeon/Prefabs/Floors & Stair using Guid(caa90b8d7ecb9b94e9126900439366c7) Importer(815301076,1909f56bfc062723c751e8b465ee728b)  -> (artifact id: '5ae84eaa4d65004047f01f0cb91f6050') in 0.001174 seconds 
========================================================================
Received Import Request.
  Time since last request: 0.050771 seconds.
  path: Assets/Level 2 Simple Modular Dungeon/Prefabs/Floors & Stair/Floor Rock Parent 001 .prefab
  artifactKey: Guid(46213ca8f32bf1142a1a90d5a66e459d) Importer(815301076,1909f56bfc062723c751e8b465ee728b)
Start importing Assets/Level 2 Simple Modular Dungeon/Prefabs/Floors & Stair/Floor Rock Parent 001 .prefab using Guid(46213ca8f32bf1142a1a90d5a66e459d) Importer(815301076,1909f56bfc062723c751e8b465ee728b)  -> (artifact id: '161f89ff38adb8a2e537d038a58791e8') in 0.090399 seconds 
========================================================================
Received Import Request.
  Time since last request: 7.070134 seconds.
  path: Assets/Level 2 Simple Modular Dungeon/Components
  artifactKey: Guid(7654cd856e438614b9568e707a45448b) Importer(815301076,1909f56bfc062723c751e8b465ee728b)
Start importing Assets/Level 2 Simple Modular Dungeon/Components using Guid(7654cd856e438614b9568e707a45448b) Importer(815301076,1909f56bfc062723c751e8b465ee728b)  -> (artifact id: '85e427339d95267d8022258446bd45b0') in 0.001132 seconds 
