Using pre-set license
Built from '2021.3/staging' branch; Version is '2021.3.24f1 (cf10dcf7010d) revision 13570268'; Using compiler version '192829333'; Build Type 'Release'
OS: 'Windows 11  (10.0.22631) 64bit Core' Language: 'en' Physical Memory: 16108 MB
BatchMode: 1, IsHumanControllingUs: 0, StartBugReporterOnCrash: 0, Is64bit: 1, IsPro: 1

COMMAND LINE ARGUMENTS:
C:\Program Files\Unity\Hub\Editor\2021.3.24f1\Editor\Unity.exe
-adb2
-batchMode
-noUpm
-name
AssetImportWorker2
-projectPath
C:/Users/logan/Unity/Projects/Game-Dev-Project
-logFile
Logs/AssetImportWorker2.log
-srvPort
62319
Successfully changed project path to: C:/Users/logan/Unity/Projects/Game-Dev-Project
C:/Users/logan/Unity/Projects/Game-Dev-Project
[UnityMemory] Configuration Parameters - Can be set up in boot.config
    "memorysetup-bucket-allocator-granularity=16"
    "memorysetup-bucket-allocator-bucket-count=8"
    "memorysetup-bucket-allocator-block-size=33554432"
    "memorysetup-bucket-allocator-block-count=8"
    "memorysetup-main-allocator-block-size=16777216"
    "memorysetup-thread-allocator-block-size=16777216"
    "memorysetup-gfx-main-allocator-block-size=16777216"
    "memorysetup-gfx-thread-allocator-block-size=16777216"
    "memorysetup-cache-allocator-block-size=4194304"
    "memorysetup-typetree-allocator-block-size=2097152"
    "memorysetup-profiler-bucket-allocator-granularity=16"
    "memorysetup-profiler-bucket-allocator-bucket-count=8"
    "memorysetup-profiler-bucket-allocator-block-size=33554432"
    "memorysetup-profiler-bucket-allocator-block-count=8"
    "memorysetup-profiler-allocator-block-size=16777216"
    "memorysetup-profiler-editor-allocator-block-size=1048576"
    "memorysetup-temp-allocator-size-main=16777216"
    "memorysetup-job-temp-allocator-block-size=2097152"
    "memorysetup-job-temp-allocator-block-size-background=1048576"
    "memorysetup-job-temp-allocator-reduction-small-platforms=262144"
    "memorysetup-temp-allocator-size-background-worker=32768"
    "memorysetup-temp-allocator-size-job-worker=262144"
    "memorysetup-temp-allocator-size-preload-manager=33554432"
    "memorysetup-temp-allocator-size-nav-mesh-worker=65536"
    "memorysetup-temp-allocator-size-audio-worker=65536"
    "memorysetup-temp-allocator-size-cloud-worker=32768"
    "memorysetup-temp-allocator-size-gi-baking-worker=262144"
    "memorysetup-temp-allocator-size-gfx=262144"
Player connection [22464] Host "[IP] 192.168.56.1 [Port] 0 [Flags] 2 [Guid] 2303905014 [EditorId] 2303905014 [Version] 1048832 [Id] WindowsEditor(7,LoganPC) [Debug] 1 [PackageName] WindowsEditor [ProjectName] Editor" joined multi-casting on [225.0.0.222:54997]...

Player connection [22464] Host "[IP] 192.168.56.1 [Port] 0 [Flags] 2 [Guid] 2303905014 [EditorId] 2303905014 [Version] 1048832 [Id] WindowsEditor(7,LoganPC) [Debug] 1 [PackageName] WindowsEditor [ProjectName] Editor" joined alternative multi-casting on [225.0.0.222:34997]...

Refreshing native plugins compatible for Editor in 68.86 ms, found 4 plugins.
Preloading 0 native plugins for Editor in 0.00 ms.
Initialize engine version: 2021.3.24f1 (cf10dcf7010d)
[Subsystems] Discovering subsystems at path C:/Program Files/Unity/Hub/Editor/2021.3.24f1/Editor/Data/Resources/UnitySubsystems
[Subsystems] Discovering subsystems at path C:/Users/logan/Unity/Projects/Game-Dev-Project/Assets
GfxDevice: creating device client; threaded=0; jobified=0
Direct3D:
    Version:  Direct3D 11.0 [level 11.1]
    Renderer: NVIDIA GeForce RTX 3070 Laptop GPU (ID=0x249d)
    Vendor:   NVIDIA
    VRAM:     8020 MB
    Driver:   31.0.15.5222
Initialize mono
Mono path[0] = 'C:/Program Files/Unity/Hub/Editor/2021.3.24f1/Editor/Data/Managed'
Mono path[1] = 'C:/Program Files/Unity/Hub/Editor/2021.3.24f1/Editor/Data/MonoBleedingEdge/lib/mono/unityjit-win32'
Mono config path = 'C:/Program Files/Unity/Hub/Editor/2021.3.24f1/Editor/Data/MonoBleedingEdge/etc'
Using monoOptions --debugger-agent=transport=dt_socket,embedding=1,server=y,suspend=n,address=127.0.0.1:56188
Begin MonoManager ReloadAssembly
Registering precompiled unity dll's ...
Register platform support module: C:/Program Files/Unity/Hub/Editor/2021.3.24f1/Editor/Data/PlaybackEngines/WindowsStandaloneSupport/UnityEditor.WindowsStandalone.Extensions.dll
Registered in 0.002360 seconds.
Native extension for WindowsStandalone target not found
Refreshing native plugins compatible for Editor in 50.78 ms, found 4 plugins.
Preloading 0 native plugins for Editor in 0.00 ms.
Mono: successfully reloaded assembly
- Completed reload, in  0.531 seconds
Domain Reload Profiling:
	ReloadAssembly (532ms)
		BeginReloadAssembly (83ms)
			ExecutionOrderSort (0ms)
			DisableScriptedObjects (0ms)
			BackupInstance (0ms)
			ReleaseScriptingObjects (0ms)
			CreateAndSetChildDomain (1ms)
		EndReloadAssembly (373ms)
			LoadAssemblies (84ms)
			RebuildTransferFunctionScriptingTraits (0ms)
			SetupTypeCache (91ms)
			ReleaseScriptCaches (0ms)
			RebuildScriptCaches (23ms)
			SetupLoadedEditorAssemblies (217ms)
				LogAssemblyErrors (0ms)
				InitializePlatformSupportModulesInManaged (5ms)
				SetLoadedEditorAssemblies (1ms)
				RefreshPlugins (51ms)
				BeforeProcessingInitializeOnLoad (1ms)
				ProcessInitializeOnLoadAttributes (121ms)
				ProcessInitializeOnLoadMethodAttributes (38ms)
				AfterProcessingInitializeOnLoad (0ms)
				EditorAssembliesLoaded (0ms)
			ExecutionOrderSort2 (0ms)
			AwakeInstancesAfterBackupRestoration (0ms)
Platform modules already initialized, skipping
Registering precompiled user dll's ...
Registered in 0.002386 seconds.
Begin MonoManager ReloadAssembly
Native extension for WindowsStandalone target not found
Refreshing native plugins compatible for Editor in 0.43 ms, found 4 plugins.
Preloading 0 native plugins for Editor in 0.00 ms.
Mono: successfully reloaded assembly
- Completed reload, in  0.870 seconds
Domain Reload Profiling:
	ReloadAssembly (871ms)
		BeginReloadAssembly (79ms)
			ExecutionOrderSort (0ms)
			DisableScriptedObjects (4ms)
			BackupInstance (0ms)
			ReleaseScriptingObjects (0ms)
			CreateAndSetChildDomain (13ms)
		EndReloadAssembly (726ms)
			LoadAssemblies (60ms)
			RebuildTransferFunctionScriptingTraits (0ms)
			SetupTypeCache (258ms)
			ReleaseScriptCaches (0ms)
			RebuildScriptCaches (44ms)
			SetupLoadedEditorAssemblies (328ms)
				LogAssemblyErrors (0ms)
				InitializePlatformSupportModulesInManaged (3ms)
				SetLoadedEditorAssemblies (0ms)
				RefreshPlugins (0ms)
				BeforeProcessingInitializeOnLoad (54ms)
				ProcessInitializeOnLoadAttributes (246ms)
				ProcessInitializeOnLoadMethodAttributes (21ms)
				AfterProcessingInitializeOnLoad (3ms)
				EditorAssembliesLoaded (0ms)
			ExecutionOrderSort2 (0ms)
			AwakeInstancesAfterBackupRestoration (4ms)
Platform modules already initialized, skipping
========================================================================
Worker process is ready to serve import requests
Launched and connected shader compiler UnityShaderCompiler.exe after 0.07 seconds
Refreshing native plugins compatible for Editor in 0.64 ms, found 4 plugins.
Preloading 0 native plugins for Editor in 0.00 ms.
Unloading 3465 Unused Serialized files (Serialized files now loaded: 0)
Unloading 39 unused Assets / (129.0 KB). Loaded Objects now: 3923.
Memory consumption went from 126.1 MB to 126.0 MB.
Total: 2.672800 ms (FindLiveObjects: 0.166400 ms CreateObjectMapping: 0.075300 ms MarkObjects: 2.327500 ms  DeleteObjects: 0.093400 ms)

AssetImportParameters requested are different than current active one (requested -> active):
  custom:video-decoder-ogg-theora: a1e56fd34408186e4bbccfd4996cb3dc -> 
  custom:container-muxer-webm: aa71ff27fc2769a1b78a27578f13a17b -> 
  custom:container-demuxer-webm: 4f35f7cbe854078d1ac9338744f61a02 -> 
  custom:video-encoder-webm-vp8: eb34c28f22e8b96e1ab97ce403110664 -> 
  custom:video-codec-MediaFoundation-h265: 746d11721c4dcdbdad8f713fa42b33f4 -> 
  custom:audio-encoder-webm-vorbis: bf7c407c2cedff20999df2af8eb42d56 -> 
  custom:framework-win-MediaFoundation: 216162199b28c13a410421893ffa2e32 -> 
  custom:container-demuxer-ogg: 62fdf1f143b41e24485cea50d1cbac27 -> 
  custom:video-decoder-webm-vp8: 9c59270c3fd7afecdb556c50c9e8de78 -> 
  custom:audio-decoder-ogg-vorbis: bf7c407c2cedff20999df2af8eb42d56 -> 
========================================================================
Received Import Request.
  Time since last request: 67599.993434 seconds.
  path: Assets/Enemy2 Mini Simple Characters Skeleton Demo
  artifactKey: Guid(d1d9ec4d70647444f89d98cba8d18598) Importer(815301076,1909f56bfc062723c751e8b465ee728b)
Start importing Assets/Enemy2 Mini Simple Characters Skeleton Demo using Guid(d1d9ec4d70647444f89d98cba8d18598) Importer(815301076,1909f56bfc062723c751e8b465ee728b)  -> (artifact id: '70ba55e1e92d466b3ebefb42efae75c9') in 0.005234 seconds 
========================================================================
Received Import Request.
  Time since last request: 1.668072 seconds.
  path: Assets/Enemy GhostCharacter_Free
  artifactKey: Guid(5dbd84597ae8344c9bcd641e7cec5e35) Importer(815301076,1909f56bfc062723c751e8b465ee728b)
Start importing Assets/Enemy GhostCharacter_Free using Guid(5dbd84597ae8344c9bcd641e7cec5e35) Importer(815301076,1909f56bfc062723c751e8b465ee728b)  -> (artifact id: '538c4d269ac6ff342e5c4c1c2c2f2c56') in 0.001586 seconds 
========================================================================
Received Import Request.
  Time since last request: 1.901395 seconds.
  path: Assets/Enemy GhostCharacter_Free/Animators
  artifactKey: Guid(e695c9ff4172d4980b69cc9a190ddd6f) Importer(815301076,1909f56bfc062723c751e8b465ee728b)
Start importing Assets/Enemy GhostCharacter_Free/Animators using Guid(e695c9ff4172d4980b69cc9a190ddd6f) Importer(815301076,1909f56bfc062723c751e8b465ee728b)  -> (artifact id: 'cc255da68779f371ee6237874d1c6bea') in 0.001075 seconds 
========================================================================
Received Import Request.
  Time since last request: 0.624326 seconds.
  path: Assets/Enemy GhostCharacter_Free/Animators/AnimatorGhost.controller
  artifactKey: Guid(5efebc9ff1bb643cc9fa371b503c0a80) Importer(815301076,1909f56bfc062723c751e8b465ee728b)
Start importing Assets/Enemy GhostCharacter_Free/Animators/AnimatorGhost.controller using Guid(5efebc9ff1bb643cc9fa371b503c0a80) Importer(815301076,1909f56bfc062723c751e8b465ee728b)  -> (artifact id: '0b2af9e2a0c2550df57a3f152ff2e066') in 0.031614 seconds 
========================================================================
Received Import Request.
  Time since last request: 7.016094 seconds.
  path: Assets/KidsCharacterFree
  artifactKey: Guid(73a63788f0a2e4564ba9f2833a647fcf) Importer(815301076,1909f56bfc062723c751e8b465ee728b)
Start importing Assets/KidsCharacterFree using Guid(73a63788f0a2e4564ba9f2833a647fcf) Importer(815301076,1909f56bfc062723c751e8b465ee728b)  -> (artifact id: '0084e56237f90bc1d78cc72586c5c805') in 0.000977 seconds 
========================================================================
Received Import Request.
  Time since last request: 1.263011 seconds.
  path: Assets/KidsCharacterFree/Scenes
  artifactKey: Guid(d2b6397808f404289bd8ae003a1d9a04) Importer(815301076,1909f56bfc062723c751e8b465ee728b)
Start importing Assets/KidsCharacterFree/Scenes using Guid(d2b6397808f404289bd8ae003a1d9a04) Importer(815301076,1909f56bfc062723c751e8b465ee728b)  -> (artifact id: 'af289b7d4f8f05a452f8a2b8a7b640f1') in 0.002600 seconds 
========================================================================
Received Import Request.
  Time since last request: 0.682155 seconds.
  path: Assets/KidsCharacterFree/Scenes/Demo.unity
  artifactKey: Guid(a4c61a23cabc34bb5b361edbd294c9df) Importer(815301076,1909f56bfc062723c751e8b465ee728b)
Start importing Assets/KidsCharacterFree/Scenes/Demo.unity using Guid(a4c61a23cabc34bb5b361edbd294c9df) Importer(815301076,1909f56bfc062723c751e8b465ee728b)  -> (artifact id: '6ee86b70cabd8ce226e7a6ea96eb34cf') in 0.001152 seconds 
========================================================================
Received Import Request.
  Time since last request: 14.696500 seconds.
  path: Assets/Hibba/DemoScene.unity
  artifactKey: Guid(19712b2cc08a78a4babe90574782ffaf) Importer(815301076,1909f56bfc062723c751e8b465ee728b)
Start importing Assets/Hibba/DemoScene.unity using Guid(19712b2cc08a78a4babe90574782ffaf) Importer(815301076,1909f56bfc062723c751e8b465ee728b)  -> (artifact id: '5019241effb57e73980e77b835f75365') in 0.001249 seconds 
========================================================================
Received Import Request.
  Time since last request: 10.729135 seconds.
  path: Assets/KidsCharacterFree/Fbx/Boy0_animation_free.fbx
  artifactKey: Guid(bf9c5813f88254fae9138e03f6badf43) Importer(815301076,1909f56bfc062723c751e8b465ee728b)
Start importing Assets/KidsCharacterFree/Fbx/Boy0_animation_free.fbx using Guid(bf9c5813f88254fae9138e03f6badf43) Importer(815301076,1909f56bfc062723c751e8b465ee728b)  -> (artifact id: '1d997dfe0f863c33e150ff58385d00f6') in 0.247679 seconds 
========================================================================
Received Prepare
Registering precompiled user dll's ...
Registered in 0.002491 seconds.
Begin MonoManager ReloadAssembly
Native extension for WindowsStandalone target not found
Refreshing native plugins compatible for Editor in 0.74 ms, found 4 plugins.
Preloading 0 native plugins for Editor in 0.00 ms.
Mono: successfully reloaded assembly
- Completed reload, in  0.899 seconds
Domain Reload Profiling:
	ReloadAssembly (899ms)
		BeginReloadAssembly (109ms)
			ExecutionOrderSort (0ms)
			DisableScriptedObjects (3ms)
			BackupInstance (0ms)
			ReleaseScriptingObjects (0ms)
			CreateAndSetChildDomain (26ms)
		EndReloadAssembly (729ms)
			LoadAssemblies (69ms)
			RebuildTransferFunctionScriptingTraits (0ms)
			SetupTypeCache (217ms)
			ReleaseScriptCaches (1ms)
			RebuildScriptCaches (55ms)
			SetupLoadedEditorAssemblies (325ms)
				LogAssemblyErrors (0ms)
				InitializePlatformSupportModulesInManaged (5ms)
				SetLoadedEditorAssemblies (0ms)
				RefreshPlugins (1ms)
				BeforeProcessingInitializeOnLoad (60ms)
				ProcessInitializeOnLoadAttributes (236ms)
				ProcessInitializeOnLoadMethodAttributes (19ms)
				AfterProcessingInitializeOnLoad (4ms)
				EditorAssembliesLoaded (0ms)
			ExecutionOrderSort2 (0ms)
			AwakeInstancesAfterBackupRestoration (6ms)
Platform modules already initialized, skipping
Refreshing native plugins compatible for Editor in 1.43 ms, found 4 plugins.
Preloading 0 native plugins for Editor in 0.00 ms.
Unloading 3445 Unused Serialized files (Serialized files now loaded: 0)
Unloading 20 unused Assets / (95.4 KB). Loaded Objects now: 3950.
Memory consumption went from 141.3 MB to 141.2 MB.
Total: 2.473100 ms (FindLiveObjects: 0.267700 ms CreateObjectMapping: 0.087900 ms MarkObjects: 2.025900 ms  DeleteObjects: 0.089700 ms)

AssetImportParameters requested are different than current active one (requested -> active):
  custom:video-decoder-ogg-theora: a1e56fd34408186e4bbccfd4996cb3dc -> 
  custom:container-muxer-webm: aa71ff27fc2769a1b78a27578f13a17b -> 
  custom:container-demuxer-webm: 4f35f7cbe854078d1ac9338744f61a02 -> 
  custom:video-encoder-webm-vp8: eb34c28f22e8b96e1ab97ce403110664 -> 
  custom:video-codec-MediaFoundation-h265: 746d11721c4dcdbdad8f713fa42b33f4 -> 
  custom:audio-encoder-webm-vorbis: bf7c407c2cedff20999df2af8eb42d56 -> 
  custom:framework-win-MediaFoundation: 216162199b28c13a410421893ffa2e32 -> 
  custom:container-demuxer-ogg: 62fdf1f143b41e24485cea50d1cbac27 -> 
  custom:video-decoder-webm-vp8: 9c59270c3fd7afecdb556c50c9e8de78 -> 
  custom:audio-decoder-ogg-vorbis: bf7c407c2cedff20999df2af8eb42d56 -> 
========================================================================
Received Import Request.
  Time since last request: 32.642730 seconds.
  path: Assets/Enemy GhostCharacter_Free/Fbx/Ghost_animation.fbx
  artifactKey: Guid(8242d247159ec462794ba075ca8c938e) Importer(815301076,1909f56bfc062723c751e8b465ee728b)
Start importing Assets/Enemy GhostCharacter_Free/Fbx/Ghost_animation.fbx using Guid(8242d247159ec462794ba075ca8c938e) Importer(815301076,1909f56bfc062723c751e8b465ee728b)  -> (artifact id: 'ca9248fb42cb06fbdc9a90f18c7a4656') in 0.080869 seconds 
========================================================================
Received Prepare
Registering precompiled user dll's ...
Registered in 0.002355 seconds.
Begin MonoManager ReloadAssembly
Native extension for WindowsStandalone target not found
Refreshing native plugins compatible for Editor in 0.72 ms, found 4 plugins.
Preloading 0 native plugins for Editor in 0.00 ms.
Mono: successfully reloaded assembly
- Completed reload, in  0.748 seconds
Domain Reload Profiling:
	ReloadAssembly (749ms)
		BeginReloadAssembly (94ms)
			ExecutionOrderSort (0ms)
			DisableScriptedObjects (3ms)
			BackupInstance (0ms)
			ReleaseScriptingObjects (0ms)
			CreateAndSetChildDomain (25ms)
		EndReloadAssembly (597ms)
			LoadAssemblies (57ms)
			RebuildTransferFunctionScriptingTraits (0ms)
			SetupTypeCache (173ms)
			ReleaseScriptCaches (1ms)
			RebuildScriptCaches (35ms)
			SetupLoadedEditorAssemblies (294ms)
				LogAssemblyErrors (0ms)
				InitializePlatformSupportModulesInManaged (4ms)
				SetLoadedEditorAssemblies (1ms)
				RefreshPlugins (1ms)
				BeforeProcessingInitializeOnLoad (46ms)
				ProcessInitializeOnLoadAttributes (220ms)
				ProcessInitializeOnLoadMethodAttributes (19ms)
				AfterProcessingInitializeOnLoad (4ms)
				EditorAssembliesLoaded (0ms)
			ExecutionOrderSort2 (0ms)
			AwakeInstancesAfterBackupRestoration (6ms)
Platform modules already initialized, skipping
Refreshing native plugins compatible for Editor in 1.69 ms, found 4 plugins.
Preloading 0 native plugins for Editor in 0.00 ms.
Unloading 3445 Unused Serialized files (Serialized files now loaded: 0)
Unloading 20 unused Assets / (95.4 KB). Loaded Objects now: 3965.
Memory consumption went from 141.3 MB to 141.2 MB.
Total: 2.662900 ms (FindLiveObjects: 0.208200 ms CreateObjectMapping: 0.210200 ms MarkObjects: 2.206200 ms  DeleteObjects: 0.036800 ms)

AssetImportParameters requested are different than current active one (requested -> active):
  custom:video-decoder-ogg-theora: a1e56fd34408186e4bbccfd4996cb3dc -> 
  custom:container-muxer-webm: aa71ff27fc2769a1b78a27578f13a17b -> 
  custom:container-demuxer-webm: 4f35f7cbe854078d1ac9338744f61a02 -> 
  custom:video-encoder-webm-vp8: eb34c28f22e8b96e1ab97ce403110664 -> 
  custom:video-codec-MediaFoundation-h265: 746d11721c4dcdbdad8f713fa42b33f4 -> 
  custom:audio-encoder-webm-vorbis: bf7c407c2cedff20999df2af8eb42d56 -> 
  custom:framework-win-MediaFoundation: 216162199b28c13a410421893ffa2e32 -> 
  custom:container-demuxer-ogg: 62fdf1f143b41e24485cea50d1cbac27 -> 
  custom:video-decoder-webm-vp8: 9c59270c3fd7afecdb556c50c9e8de78 -> 
  custom:audio-decoder-ogg-vorbis: bf7c407c2cedff20999df2af8eb42d56 -> 
========================================================================
Received Import Request.
  Time since last request: 163.972878 seconds.
  path: Assets/Logan/Animations/Character_Magician_Hat@Standing Melee Attack Horizontal.fbx
  artifactKey: Guid(31b10460468e5694fb91fa1f1e784166) Importer(815301076,1909f56bfc062723c751e8b465ee728b)
Start importing Assets/Logan/Animations/Character_Magician_Hat@Standing Melee Attack Horizontal.fbx using Guid(31b10460468e5694fb91fa1f1e784166) Importer(815301076,1909f56bfc062723c751e8b465ee728b)  -> (artifact id: '9f69b04d6c23e38d4825b0e86a55b35b') in 0.089787 seconds 
========================================================================
Received Import Request.
  Time since last request: 425.266908 seconds.
  path: Assets/KidsCharacterFree/Fbx
  artifactKey: Guid(96f4cd5ea3fee4b25b972183121353d9) Importer(815301076,1909f56bfc062723c751e8b465ee728b)
Start importing Assets/KidsCharacterFree/Fbx using Guid(96f4cd5ea3fee4b25b972183121353d9) Importer(815301076,1909f56bfc062723c751e8b465ee728b)  -> (artifact id: '2b56d7549d333d9aac6afb6f482ecc5d') in 0.001756 seconds 
========================================================================
Received Import Request.
  Time since last request: 0.064753 seconds.
  path: Assets/KidsCharacterFree/Fbx/Boy0.fbx
  artifactKey: Guid(3cd0ee189a243446b9f5e4ac55143da0) Importer(815301076,1909f56bfc062723c751e8b465ee728b)
Start importing Assets/KidsCharacterFree/Fbx/Boy0.fbx using Guid(3cd0ee189a243446b9f5e4ac55143da0) Importer(815301076,1909f56bfc062723c751e8b465ee728b)  -> (artifact id: '51681cfc8bae28300469e5be8fdf52ed') in 0.029925 seconds 
========================================================================
Received Import Request.
  Time since last request: 0.000013 seconds.
  path: Assets/KidsCharacterFree/Fbx/Character_Magician_Hat.fbx
  artifactKey: Guid(6e6c4198cf1d6ad46bbbc1ee011d0cc1) Importer(815301076,1909f56bfc062723c751e8b465ee728b)
Start importing Assets/KidsCharacterFree/Fbx/Character_Magician_Hat.fbx using Guid(6e6c4198cf1d6ad46bbbc1ee011d0cc1) Importer(815301076,1909f56bfc062723c751e8b465ee728b)  -> (artifact id: 'eece2327ffe604031c5bb3850ab120a5') in 0.082670 seconds 
========================================================================
Received Import Request.
  Time since last request: 9.705211 seconds.
  path: Assets/Logan/FBX
  artifactKey: Guid(3a8b5396b8648034aa314b6a7b0147b7) Importer(815301076,1909f56bfc062723c751e8b465ee728b)
Start importing Assets/Logan/FBX using Guid(3a8b5396b8648034aa314b6a7b0147b7) Importer(815301076,1909f56bfc062723c751e8b465ee728b)  -> (artifact id: '0d5ec336dff45ecf7d73a7a6b7b5204d') in 0.005394 seconds 
========================================================================
Received Import Request.
  Time since last request: 117.503699 seconds.
  path: Assets/Logan/Animations/Character_Magician_Hat@Standing Melee Attack Horizontal.fbx
  artifactKey: Guid(31b10460468e5694fb91fa1f1e784166) Importer(815301076,1909f56bfc062723c751e8b465ee728b)
Start importing Assets/Logan/Animations/Character_Magician_Hat@Standing Melee Attack Horizontal.fbx using Guid(31b10460468e5694fb91fa1f1e784166) Importer(815301076,1909f56bfc062723c751e8b465ee728b)  -> (artifact id: 'ffcf7a554aefd656664d44d8d96c9c50') in 0.018524 seconds 
========================================================================
Received Import Request.
  Time since last request: 149.675693 seconds.
  path: Assets/Logan/Animations/Character_Magician_Hat@Standing Melee Attack Horizontal.fbx
  artifactKey: Guid(31b10460468e5694fb91fa1f1e784166) Importer(815301076,1909f56bfc062723c751e8b465ee728b)
Start importing Assets/Logan/Animations/Character_Magician_Hat@Standing Melee Attack Horizontal.fbx using Guid(31b10460468e5694fb91fa1f1e784166) Importer(815301076,1909f56bfc062723c751e8b465ee728b)  -> (artifact id: '763023843c23964753431ecd78e96d9a') in 0.037499 seconds 
========================================================================
Received Import Request.
  Time since last request: 2495.553476 seconds.
  path: Assets/Logan/Animations/Character_Magician_Hat@Charge.fbx
  artifactKey: Guid(50e9d8eb35ecec544a02ff666c92d244) Importer(815301076,1909f56bfc062723c751e8b465ee728b)
Start importing Assets/Logan/Animations/Character_Magician_Hat@Charge.fbx using Guid(50e9d8eb35ecec544a02ff666c92d244) Importer(815301076,1909f56bfc062723c751e8b465ee728b)  -> (artifact id: 'eeccdbc5d0db9e2d71bbdb175d03eb6c') in 0.076374 seconds 
========================================================================
Received Import Request.
  Time since last request: 15.914012 seconds.
  path: Assets/Logan/Animations/Character_Magician_Hat@Gangnam Style(1).fbx
  artifactKey: Guid(3bf3d2d52cd7c4549bada4101358439e) Importer(815301076,1909f56bfc062723c751e8b465ee728b)
Start importing Assets/Logan/Animations/Character_Magician_Hat@Gangnam Style(1).fbx using Guid(3bf3d2d52cd7c4549bada4101358439e) Importer(815301076,1909f56bfc062723c751e8b465ee728b)  -> (artifact id: '99c9f33a4169b9052685f7fa6937568f') in 0.019165 seconds 
========================================================================
Received Import Request.
  Time since last request: 13.904805 seconds.
  path: Assets/Logan/Animations/Character_Magician_Hat@Charge.fbx
  artifactKey: Guid(50e9d8eb35ecec544a02ff666c92d244) Importer(815301076,1909f56bfc062723c751e8b465ee728b)
Start importing Assets/Logan/Animations/Character_Magician_Hat@Charge.fbx using Guid(50e9d8eb35ecec544a02ff666c92d244) Importer(815301076,1909f56bfc062723c751e8b465ee728b)  -> (artifact id: '49c44cd5cdf26bf36f48baf36e6462cf') in 0.072321 seconds 
========================================================================
Received Import Request.
  Time since last request: 290.507911 seconds.
  path: Assets/Logan/Animations/Character_Magician_Hat@Charge.fbx
  artifactKey: Guid(50e9d8eb35ecec544a02ff666c92d244) Importer(815301076,1909f56bfc062723c751e8b465ee728b)
Start importing Assets/Logan/Animations/Character_Magician_Hat@Charge.fbx using Guid(50e9d8eb35ecec544a02ff666c92d244) Importer(815301076,1909f56bfc062723c751e8b465ee728b)  -> (artifact id: '39568d9c7933a4b4f7dd9b353ccc5fe4') in 0.119748 seconds 
========================================================================
Received Import Request.
  Time since last request: 189.060372 seconds.
  path: Assets/Logan/Animations/Character_Magician_Hat@Charge.fbx
  artifactKey: Guid(50e9d8eb35ecec544a02ff666c92d244) Importer(815301076,1909f56bfc062723c751e8b465ee728b)
Start importing Assets/Logan/Animations/Character_Magician_Hat@Charge.fbx using Guid(50e9d8eb35ecec544a02ff666c92d244) Importer(815301076,1909f56bfc062723c751e8b465ee728b)  -> (artifact id: '8f8c50c21c2149e538bf8d165438925a') in 0.121082 seconds 
========================================================================
Received Import Request.
  Time since last request: 102.342422 seconds.
  path: Assets/Logan/Animations/Character_Magician_Hat@Gangnam Style.fbx
  artifactKey: Guid(6b9e634f3ddaceb41a9b3d92ab458bae) Importer(815301076,1909f56bfc062723c751e8b465ee728b)
Start importing Assets/Logan/Animations/Character_Magician_Hat@Gangnam Style.fbx using Guid(6b9e634f3ddaceb41a9b3d92ab458bae) Importer(815301076,1909f56bfc062723c751e8b465ee728b)  -> (artifact id: 'bf9861c9f07bbc04b888784c0f330cac') in 0.061624 seconds 
========================================================================
Received Import Request.
  Time since last request: 26.557279 seconds.
  path: Assets/Logan/Animations/Character_Magician_Hat@Gangnam Style.fbx
  artifactKey: Guid(6b9e634f3ddaceb41a9b3d92ab458bae) Importer(815301076,1909f56bfc062723c751e8b465ee728b)
Start importing Assets/Logan/Animations/Character_Magician_Hat@Gangnam Style.fbx using Guid(6b9e634f3ddaceb41a9b3d92ab458bae) Importer(815301076,1909f56bfc062723c751e8b465ee728b)  -> (artifact id: '6644dd08f2bb00277b1f8b0cfd928a15') in 0.101313 seconds 
